ZN9243 has logged in
['BANKBARODA', 'SBIN']
[1195009, 779521]
Initial Setup Complete
[30, 30]
['BANKBARODA', 'SBIN']
BANKBARODA
2018-03-20 13:24:00.394868+05:30
[134.75 134.7  134.65 134.55 134.4  134.35 134.3  134.45 134.6  134.7
 134.7  134.65 134.45 134.5  134.5  134.35 134.3  134.35 134.45 134.45
 134.4  134.6  134.3  134.3  134.05 134.25 134.1  134.   133.75 133.7 ]
[ 43837  28310   8811  29828  34056  21366  44926  23296  21862  12222
  16522   9006  13828   9135  17429  21878   8696  29240  11881   5846
   6374  15295  33242  31965 108135  35094  24061 112036 162233  64935]
BuyProb = 0.61 Sellprob = 0.92
Manually Skipping
SBIN
2018-03-20 13:24:02.662149+05:30
[250.95 250.85 250.95 250.65 250.45 250.6  250.3  250.6  250.5  251.
 250.9  250.85 250.65 250.65 250.7  250.5  250.75 250.65 250.65 250.6
 250.65 250.5  250.25 250.35 249.9  250.25 250.1  249.75 249.65 249.75]
[ 22625  42207  50210  46768  64319  35049  37791  62379  38333  35054
  56282  25358  17910  12185  11619  46526  13972   5096  53769  18799
  34332  13285  63191  24406 108075  76407  22019  47730  51916  59726]
BuyProb = 0.13 Sellprob = 0.19
Price differential too great between data and current, skipping analysis
_________________________________________________________________
['BANKBARODA', 'SBIN']
BANKBARODA
2018-03-20 13:25:00.570678+05:30
[134.7  134.65 134.55 134.4  134.35 134.3  134.45 134.6  134.7  134.7
 134.65 134.45 134.5  134.5  134.35 134.3  134.35 134.45 134.45 134.4
 134.6  134.3  134.3  134.05 134.25 134.1  134.   133.75 133.65 133.8 ]
[ 28310   8811  29828  34056  21366  44926  23296  21862  12222  16522
   9006  13828   9135  17429  21878   8696  29240  11881   5846   6374
  15295  33242  31965 108135  35094  24061 112036 162233  70071  58775]
BuyProb = 0.46 Sellprob = 0.05
No probabilities greater than thresholds, skipping
SBIN
2018-03-20 13:25:01.637082+05:30
[250.85 250.95 250.65 250.45 250.6  250.3  250.6  250.5  251.   250.9
 250.85 250.65 250.65 250.7  250.5  250.75 250.65 250.65 250.6  250.65
 250.5  250.25 250.35 249.9  250.25 250.1  249.75 249.65 249.45 249.3 ]
[ 42207  50210  46768  64319  35049  37791  62379  38333  35054  56282
  25358  17910  12185  11619  46526  13972   5096  53769  18799  34332
  13285  63191  24406 108075  76407  22019  47730  51916  95160 135322]
BuyProb = 0.04 Sellprob = 0.96
SellProb greater than 0.65 at 0.96 and Buyprob less than 0.45 at 0.04
SELLING
_________________________________________________________________
['BANKBARODA', 'SBIN']
BANKBARODA
2018-03-20 13:26:00.773821+05:30
[134.65 134.55 134.4  134.35 134.3  134.45 134.6  134.7  134.7  134.65
 134.45 134.5  134.5  134.35 134.3  134.35 134.45 134.45 134.4  134.6
 134.3  134.3  134.05 134.25 134.1  134.   133.75 133.65 133.65 134.  ]
[  8811  29828  34056  21366  44926  23296  21862  12222  16522   9006
  13828   9135  17429  21878   8696  29240  11881   5846   6374  15295
  33242  31965 108135  35094  24061 112036 162233  70071  62866  43979]
BuyProb = 0.31 Sellprob = 0.80
SellProb greater than 0.65 at 0.80 and Buyprob less than 0.45 at 0.31
SELLING
SBIN
2018-03-20 13:26:01.859212+05:30
[250.95 250.65 250.45 250.6  250.3  250.6  250.5  251.   250.9  250.85
 250.65 250.65 250.7  250.5  250.75 250.65 250.65 250.6  250.65 250.5
 250.25 250.35 249.9  250.25 250.1  249.75 249.65 249.45 249.3  249.65]
[ 50210  46768  64319  35049  37791  62379  38333  35054  56282  25358
  17910  12185  11619  46526  13972   5096  53769  18799  34332  13285
  63191  24406 108075  76407  22019  47730  51916  95160 155520  80645]
BuyProb = 0.07 Sellprob = 0.30
Manually Skipping
_________________________________________________________________
['BANKBARODA', 'SBIN']
BANKBARODA
2018-03-20 13:27:00.955723+05:30
[134.55 134.4  134.35 134.3  134.45 134.6  134.7  134.7  134.65 134.45
 134.5  134.5  134.35 134.3  134.35 134.45 134.45 134.4  134.6  134.3
 134.3  134.05 134.25 134.1  134.   133.75 133.65 133.65 134.2  134.05]
[ 29828  34056  21366  44926  23296  21862  12222  16522   9006  13828
   9135  17429  21878   8696  29240  11881   5846   6374  15295  33242
  31965 108135  35094  24061 112036 162233  70071  62866  51263  49859]
BuyProb = 0.29 Sellprob = 0.08
Manually Skipping
SBIN
2018-03-20 13:27:02.049178+05:30
[250.65 250.45 250.6  250.3  250.6  250.5  251.   250.9  250.85 250.65
 250.65 250.7  250.5  250.75 250.65 250.65 250.6  250.65 250.5  250.25
 250.35 249.9  250.25 250.1  249.75 249.65 249.45 249.3  249.8  249.75]
[ 46768  64319  35049  37791  62379  38333  35054  56282  25358  17910
  12185  11619  46526  13972   5096  53769  18799  34332  13285  63191
  24406 108075  76407  22019  47730  51916  95160 155520  95682  40746]
BuyProb = 0.02 Sellprob = 0.61
Manually Skipping
_________________________________________________________________
['BANKBARODA', 'SBIN']
BANKBARODA
2018-03-20 13:28:00.156044+05:30
[134.4  134.35 134.3  134.45 134.6  134.7  134.7  134.65 134.45 134.5
 134.5  134.35 134.3  134.35 134.45 134.45 134.4  134.6  134.3  134.3
 134.05 134.25 134.1  134.   133.75 133.65 133.65 134.2  134.05 134.25]
[ 34056  21366  44926  23296  21862  12222  16522   9006  13828   9135
  17429  21878   8696  29240  11881   5846   6374  15295  33242  31965
 108135  35094  24061 112036 162233  70071  62866  51263  54114  38446]
BuyProb = 0.33 Sellprob = 0.65
Manually Skipping
SBIN
2018-03-20 13:28:01.205113+05:30
[250.45 250.6  250.3  250.6  250.5  251.   250.9  250.85 250.65 250.65
 250.7  250.5  250.75 250.65 250.65 250.6  250.65 250.5  250.25 250.35
 249.9  250.25 250.1  249.75 249.65 249.45 249.3  249.8  249.75 249.6 ]
[ 64319  35049  37791  62379  38333  35054  56282  25358  17910  12185
  11619  46526  13972   5096  53769  18799  34332  13285  63191  24406
 108075  76407  22019  47730  51916  95160 155520  95682  43733  19880]
BuyProb = 0.03 Sellprob = 0.45
Manually Skipping
_________________________________________________________________
['BANKBARODA', 'SBIN']
BANKBARODA
2018-03-20 13:29:00.271333+05:30
[134.35 134.3  134.45 134.6  134.7  134.7  134.65 134.45 134.5  134.5
 134.35 134.3  134.35 134.45 134.45 134.4  134.6  134.3  134.3  134.05
 134.25 134.1  134.   133.75 133.65 133.65 134.2  134.05 134.25 134.3 ]
[ 21366  44926  23296  21862  12222  16522   9006  13828   9135  17429
  21878   8696  29240  11881   5846   6374  15295  33242  31965 108135
  35094  24061 112036 162233  70071  62866  51263  54114  39651  84199]
BuyProb = 0.26 Sellprob = 0.07
Manually Skipping
SBIN
2018-03-20 13:29:01.332523+05:30
[250.6  250.3  250.6  250.5  251.   250.9  250.85 250.65 250.65 250.7
 250.5  250.75 250.65 250.65 250.6  250.65 250.5  250.25 250.35 249.9
 250.25 250.1  249.75 249.65 249.45 249.3  249.8  249.75 249.5  249.6 ]
[ 35049  37791  62379  38333  35054  56282  25358  17910  12185  11619
  46526  13972   5096  53769  18799  34332  13285  63191  24406 108075
  76407  22019  47730  51916  95160 155520  95682  43733  21203  46975]
BuyProb = 0.02 Sellprob = 0.59
Manually Skipping
_________________________________________________________________
['BANKBARODA', 'SBIN']
BANKBARODA
2018-03-20 13:30:00.418072+05:30
[134.3  134.45 134.6  134.7  134.7  134.65 134.45 134.5  134.5  134.35
 134.3  134.35 134.45 134.45 134.4  134.6  134.3  134.3  134.05 134.25
 134.1  134.   133.75 133.65 133.65 134.2  134.05 134.25 134.35 134.3 ]
[ 44926  23296  21862  12222  16522   9006  13828   9135  17429  21878
   8696  29240  11881   5846   6374  15295  33242  31965 108135  35094
  24061 112036 162233  70071  62866  51263  54114  39651  85342  72225]
BuyProb = 0.17 Sellprob = 0.75
Manually Skipping
SBIN
2018-03-20 13:30:01.468325+05:30
[250.3  250.6  250.5  251.   250.9  250.85 250.65 250.65 250.7  250.5
 250.75 250.65 250.65 250.6  250.65 250.5  250.25 250.35 249.9  250.25
 250.1  249.75 249.65 249.45 249.3  249.8  249.75 249.5  249.6  249.65]
[ 37791  62379  38333  35054  56282  25358  17910  12185  11619  46526
  13972   5096  53769  18799  34332  13285  63191  24406 108075  76407
  22019  47730  51916  95160 155520  95682  43733  21203  48148  26973]
BuyProb = 0.07 Sellprob = 0.62
Manually Skipping
_________________________________________________________________
['BANKBARODA', 'SBIN']
BANKBARODA
2018-03-20 13:31:00.570649+05:30
[134.45 134.6  134.7  134.7  134.65 134.45 134.5  134.5  134.35 134.3
 134.35 134.45 134.45 134.4  134.6  134.3  134.3  134.05 134.25 134.1
 134.   133.75 133.65 133.65 134.2  134.05 134.25 134.35 134.3  134.25]
[ 23296  21862  12222  16522   9006  13828   9135  17429  21878   8696
  29240  11881   5846   6374  15295  33242  31965 108135  35094  24061
 112036 162233  70071  62866  51263  54114  39651  85342  73275  36852]
BuyProb = 0.11 Sellprob = 0.10
Manually Skipping
SBIN
2018-03-20 13:31:01.645555+05:30
[250.6  250.5  251.   250.9  250.85 250.65 250.65 250.7  250.5  250.75
 250.65 250.65 250.6  250.65 250.5  250.25 250.35 249.9  250.25 250.1
 249.75 249.65 249.45 249.3  249.8  249.75 249.5  249.6  249.6  249.6 ]
[ 62379  38333  35054  56282  25358  17910  12185  11619  46526  13972
   5096  53769  18799  34332  13285  63191  24406 108075  76407  22019
  47730  51916  95160 155520  95682  43733  21203  48148  27956  49319]
BuyProb = 0.13 Sellprob = 0.38
Manually Skipping
_________________________________________________________________
['BANKBARODA', 'SBIN']
BANKBARODA
2018-03-20 13:32:00.697073+05:30
[134.6  134.7  134.7  134.65 134.45 134.5  134.5  134.35 134.3  134.35
 134.45 134.45 134.4  134.6  134.3  134.3  134.05 134.25 134.1  134.
 133.75 133.65 133.65 134.2  134.05 134.25 134.35 134.3  134.25 134.25]
[ 21862  12222  16522   9006  13828   9135  17429  21878   8696  29240
  11881   5846   6374  15295  33242  31965 108135  35094  24061 112036
 162233  70071  62866  51263  54114  39651  85342  73275  37734  45072]
BuyProb = 0.13 Sellprob = 0.81
Manually Skipping
SBIN
2018-03-20 13:32:01.747627+05:30
[250.5  251.   250.9  250.85 250.65 250.65 250.7  250.5  250.75 250.65
 250.65 250.6  250.65 250.5  250.25 250.35 249.9  250.25 250.1  249.75
 249.65 249.45 249.3  249.8  249.75 249.5  249.6  249.6  249.6  249.55]
[ 38333  35054  56282  25358  17910  12185  11619  46526  13972   5096
  53769  18799  34332  13285  63191  24406 108075  76407  22019  47730
  51916  95160 155520  95682  43733  21203  48148  27956  50317  33853]
BuyProb = 0.11 Sellprob = 0.62
Manually Skipping
_________________________________________________________________
['BANKBARODA', 'SBIN']
BANKBARODA
2018-03-20 13:33:00.848667+05:30
[134.6  134.7  134.7  134.65 134.45 134.5  134.5  134.35 134.3  134.35
 134.45 134.45 134.4  134.6  134.3  134.3  134.05 134.25 134.1  134.
 133.75 133.65 133.65 134.2  134.05 134.25 134.35 134.3  134.25 134.25]
[ 21862  12222  16522   9006  13828   9135  17429  21878   8696  29240
  11881   5846   6374  15295  33242  31965 108135  35094  24061 112036
 162233  70071  62866  51263  54114  39651  85342  73275  37734  45072]
BuyProb = 0.13 Sellprob = 0.81
Manually Skipping
SBIN
2018-03-20 13:33:01.896082+05:30
[251.   250.9  250.85 250.65 250.65 250.7  250.5  250.75 250.65 250.65
 250.6  250.65 250.5  250.25 250.35 249.9  250.25 250.1  249.75 249.65
 249.45 249.3  249.8  249.75 249.5  249.6  249.6  249.6  249.55 249.4 ]
[ 35054  56282  25358  17910  12185  11619  46526  13972   5096  53769
  18799  34332  13285  63191  24406 108075  76407  22019  47730  51916
  95160 155520  95682  43733  21203  48148  27956  50317  33853  31374]
BuyProb = 0.24 Sellprob = 0.19
Manually Skipping
_________________________________________________________________
['BANKBARODA', 'SBIN']
BANKBARODA
2018-03-20 13:34:00.990443+05:30
[134.7  134.7  134.65 134.45 134.5  134.5  134.35 134.3  134.35 134.45
 134.45 134.4  134.6  134.3  134.3  134.05 134.25 134.1  134.   133.75
 133.65 133.65 134.2  134.05 134.25 134.35 134.3  134.25 134.2  134.3 ]
[ 12222  16522   9006  13828   9135  17429  21878   8696  29240  11881
   5846   6374  15295  33242  31965 108135  35094  24061 112036 162233
  70071  62866  51263  54114  39651  85342  73275  37734  45076  77857]
BuyProb = 0.14 Sellprob = 0.18
Manually Skipping
SBIN
2018-03-20 13:34:02.053400+05:30
[251.   250.9  250.85 250.65 250.65 250.7  250.5  250.75 250.65 250.65
 250.6  250.65 250.5  250.25 250.35 249.9  250.25 250.1  249.75 249.65
 249.45 249.3  249.8  249.75 249.5  249.6  249.6  249.6  249.55 249.4 ]
[ 35054  56282  25358  17910  12185  11619  46526  13972   5096  53769
  18799  34332  13285  63191  24406 108075  76407  22019  47730  51916
  95160 155520  95682  43733  21203  48148  27956  50317  33853  31374]
BuyProb = 0.24 Sellprob = 0.19
Manually Skipping
_________________________________________________________________
['BANKBARODA', 'SBIN']
BANKBARODA
2018-03-20 13:35:00.136708+05:30
[134.7  134.65 134.45 134.5  134.5  134.35 134.3  134.35 134.45 134.45
 134.4  134.6  134.3  134.3  134.05 134.25 134.1  134.   133.75 133.65
 133.65 134.2  134.05 134.25 134.35 134.3  134.25 134.2  134.3  134.25]
[ 16522   9006  13828   9135  17429  21878   8696  29240  11881   5846
   6374  15295  33242  31965 108135  35094  24061 112036 162233  70071
  62866  51263  54114  39651  85342  73275  37734  45076  77857  29003]
BuyProb = 0.05 Sellprob = 0.84
Manually Skipping
SBIN
2018-03-20 13:35:01.189501+05:30
[250.9  250.85 250.65 250.65 250.7  250.5  250.75 250.65 250.65 250.6
 250.65 250.5  250.25 250.35 249.9  250.25 250.1  249.75 249.65 249.45
 249.3  249.8  249.75 249.5  249.6  249.6  249.6  249.55 249.4  249.55]
[ 56282  25358  17910  12185  11619  46526  13972   5096  53769  18799
  34332  13285  63191  24406 108075  76407  22019  47730  51916  95160
 155520  95682  43733  21203  48148  27956  50317  33853  31374  34312]
BuyProb = 0.17 Sellprob = 0.67
Manually Skipping
_________________________________________________________________
['BANKBARODA', 'SBIN']
BANKBARODA
2018-03-20 13:36:00.302838+05:30
[134.65 134.45 134.5  134.5  134.35 134.3  134.35 134.45 134.45 134.4
 134.6  134.3  134.3  134.05 134.25 134.1  134.   133.75 133.65 133.65
 134.2  134.05 134.25 134.35 134.3  134.25 134.2  134.3  134.25 134.  ]
[  9006  13828   9135  17429  21878   8696  29240  11881   5846   6374
  15295  33242  31965 108135  35094  24061 112036 162233  70071  62866
  51263  54114  39651  85342  73275  37734  45076  77857  29003  70586]
BuyProb = 0.13 Sellprob = 0.26
Manually Skipping
SBIN
2018-03-20 13:36:01.357338+05:30
[250.85 250.65 250.65 250.7  250.5  250.75 250.65 250.65 250.6  250.65
 250.5  250.25 250.35 249.9  250.25 250.1  249.75 249.65 249.45 249.3
 249.8  249.75 249.5  249.6  249.6  249.6  249.55 249.4  249.55 249.2 ]
[ 25358  17910  12185  11619  46526  13972   5096  53769  18799  34332
  13285  63191  24406 108075  76407  22019  47730  51916  95160 155520
  95682  43733  21203  48148  27956  50317  33853  31374  34312  40918]
BuyProb = 0.15 Sellprob = 0.07
Manually Skipping
_________________________________________________________________
['BANKBARODA', 'SBIN']
BANKBARODA
2018-03-20 13:37:00.442533+05:30
[134.45 134.5  134.5  134.35 134.3  134.35 134.45 134.45 134.4  134.6
 134.3  134.3  134.05 134.25 134.1  134.   133.75 133.65 133.65 134.2
 134.05 134.25 134.35 134.3  134.25 134.2  134.3  134.25 134.   134.25]
[ 13828   9135  17429  21878   8696  29240  11881   5846   6374  15295
  33242  31965 108135  35094  24061 112036 162233  70071  62866  51263
  54114  39651  85342  73275  37734  45076  77857  29003  70586  34233]
BuyProb = 0.10 Sellprob = 0.82
Manually Skipping
SBIN
2018-03-20 13:37:01.493208+05:30
[250.65 250.65 250.7  250.5  250.75 250.65 250.65 250.6  250.65 250.5
 250.25 250.35 249.9  250.25 250.1  249.75 249.65 249.45 249.3  249.8
 249.75 249.5  249.6  249.6  249.6  249.55 249.4  249.55 249.2  249.2 ]
[ 17910  12185  11619  46526  13972   5096  53769  18799  34332  13285
  63191  24406 108075  76407  22019  47730  51916  95160 155520  95682
  43733  21203  48148  27956  50317  33853  31374  34312  40918  30670]
BuyProb = 0.08 Sellprob = 0.67
Manually Skipping
_________________________________________________________________
['BANKBARODA', 'SBIN']
BANKBARODA
2018-03-20 13:38:00.601047+05:30
[134.5  134.5  134.35 134.3  134.35 134.45 134.45 134.4  134.6  134.3
 134.3  134.05 134.25 134.1  134.   133.75 133.65 133.65 134.2  134.05
 134.25 134.35 134.3  134.25 134.2  134.3  134.25 134.   134.25 134.3 ]
[  9135  17429  21878   8696  29240  11881   5846   6374  15295  33242
  31965 108135  35094  24061 112036 162233  70071  62866  51263  54114
  39651  85342  73275  37734  45076  77857  29003  70586  34233  21813]
BuyProb = 0.07 Sellprob = 0.31
Manually Skipping
SBIN
2018-03-20 13:38:01.660934+05:30
[250.65 250.7  250.5  250.75 250.65 250.65 250.6  250.65 250.5  250.25
 250.35 249.9  250.25 250.1  249.75 249.65 249.45 249.3  249.8  249.75
 249.5  249.6  249.6  249.6  249.55 249.4  249.55 249.2  249.2  249.25]
[ 12185  11619  46526  13972   5096  53769  18799  34332  13285  63191
  24406 108075  76407  22019  47730  51916  95160 155520  95682  43733
  21203  48148  27956  50317  33853  31374  34312  40918  30670  44933]
BuyProb = 0.07 Sellprob = 0.08
Manually Skipping
_________________________________________________________________
['BANKBARODA', 'SBIN']
BANKBARODA
2018-03-20 13:39:00.743137+05:30
[134.5  134.35 134.3  134.35 134.45 134.45 134.4  134.6  134.3  134.3
 134.05 134.25 134.1  134.   133.75 133.65 133.65 134.2  134.05 134.25
 134.35 134.3  134.25 134.2  134.3  134.25 134.   134.25 134.3  134.85]
[ 17429  21878   8696  29240  11881   5846   6374  15295  33242  31965
 108135  35094  24061 112036 162233  70071  62866  51263  54114  39651
  85342  73275  37734  45076  77857  29003  70586  34233  21813  95909]
BuyProb = 0.32 Sellprob = 0.88
Manually Skipping
SBIN
2018-03-20 13:39:01.803511+05:30
[250.7  250.5  250.75 250.65 250.65 250.6  250.65 250.5  250.25 250.35
 249.9  250.25 250.1  249.75 249.65 249.45 249.3  249.8  249.75 249.5
 249.6  249.6  249.6  249.55 249.4  249.55 249.2  249.2  249.25 249.8 ]
[ 11619  46526  13972   5096  53769  18799  34332  13285  63191  24406
 108075  76407  22019  47730  51916  95160 155520  95682  43733  21203
  48148  27956  50317  33853  31374  34312  40918  30670  44933 112573]
BuyProb = 0.08 Sellprob = 0.69
Manually Skipping
_________________________________________________________________
['BANKBARODA', 'SBIN']
BANKBARODA
2018-03-20 13:40:00.927583+05:30
[134.35 134.3  134.35 134.45 134.45 134.4  134.6  134.3  134.3  134.05
 134.25 134.1  134.   133.75 133.65 133.65 134.2  134.05 134.25 134.35
 134.3  134.25 134.2  134.3  134.25 134.   134.25 134.3  134.85 134.75]
[ 21878   8696  29240  11881   5846   6374  15295  33242  31965 108135
  35094  24061 112036 162233  70071  62866  51263  54114  39651  85342
  73275  37734  45076  77857  29003  70586  34233  21813  95909  48748]
BuyProb = 0.49 Sellprob = 0.26
Manually Skipping
SBIN
2018-03-20 13:40:02.018888+05:30
[250.5  250.75 250.65 250.65 250.6  250.65 250.5  250.25 250.35 249.9
 250.25 250.1  249.75 249.65 249.45 249.3  249.8  249.75 249.5  249.6
 249.6  249.6  249.55 249.4  249.55 249.2  249.2  249.25 249.8  249.75]
[ 46526  13972   5096  53769  18799  34332  13285  63191  24406 108075
  76407  22019  47730  51916  95160 155520  95682  43733  21203  48148
  27956  50317  33853  31374  34312  40918  30670  44933 112573  92859]
BuyProb = 0.17 Sellprob = 0.08
Manually Skipping
_________________________________________________________________
['BANKBARODA', 'SBIN']
BANKBARODA
2018-03-20 13:41:00.112274+05:30
[134.3  134.35 134.45 134.45 134.4  134.6  134.3  134.3  134.05 134.25
 134.1  134.   133.75 133.65 133.65 134.2  134.05 134.25 134.35 134.3
 134.25 134.2  134.3  134.25 134.   134.25 134.3  134.85 134.75 135.  ]
[  8696  29240  11881   5846   6374  15295  33242  31965 108135  35094
  24061 112036 162233  70071  62866  51263  54114  39651  85342  73275
  37734  45076  77857  29003  70586  34233  21813  95909  48748  96340]
BuyProb = 0.48 Sellprob = 0.84
We already hold 0 of BANKBARODA 
No probabilities greater than thresholds, skipping
SBIN
2018-03-20 13:41:01.224830+05:30
[250.75 250.65 250.65 250.6  250.65 250.5  250.25 250.35 249.9  250.25
 250.1  249.75 249.65 249.45 249.3  249.8  249.75 249.5  249.6  249.6
 249.6  249.55 249.4  249.55 249.2  249.2  249.25 249.8  249.75 249.85]
[ 13972   5096  53769  18799  34332  13285  63191  24406 108075  76407
  22019  47730  51916  95160 155520  95682  43733  21203  48148  27956
  50317  33853  31374  34312  40918  30670  44933 112573  92859  59717]
BuyProb = 0.14 Sellprob = 0.32
We already hold 0 of SBIN 
No probabilities greater than thresholds, skipping
_________________________________________________________________
['BANKBARODA', 'SBIN']
BANKBARODA
2018-03-20 13:42:00.338141+05:30
[134.35 134.45 134.45 134.4  134.6  134.3  134.3  134.05 134.25 134.1
 134.   133.75 133.65 133.65 134.2  134.05 134.25 134.35 134.3  134.25
 134.2  134.3  134.25 134.   134.25 134.3  134.85 134.75 135.   134.75]
[ 29240  11881   5846   6374  15295  33242  31965 108135  35094  24061
 112036 162233  70071  62866  51263  54114  39651  85342  73275  37734
  45076  77857  29003  70586  34233  21813  95909  48748  96340 148854]
BuyProb = 0.66 Sellprob = 0.81
We already hold 0 of BANKBARODA 
No probabilities greater than thresholds, skipping
SBIN
2018-03-20 13:42:01.413851+05:30
[250.65 250.65 250.6  250.65 250.5  250.25 250.35 249.9  250.25 250.1
 249.75 249.65 249.45 249.3  249.8  249.75 249.5  249.6  249.6  249.6
 249.55 249.4  249.55 249.2  249.2  249.25 249.8  249.75 249.85 249.95]
[  5096  53769  18799  34332  13285  63191  24406 108075  76407  22019
  47730  51916  95160 155520  95682  43733  21203  48148  27956  50317
  33853  31374  34312  40918  30670  44933 112573  92859  59717 117548]
BuyProb = 0.10 Sellprob = 0.10
We already hold 0 of SBIN 
No probabilities greater than thresholds, skipping
_________________________________________________________________
['BANKBARODA', 'SBIN']
BANKBARODA
2018-03-20 13:43:00.548538+05:30
[134.45 134.45 134.4  134.6  134.3  134.3  134.05 134.25 134.1  134.
 133.75 133.65 133.65 134.2  134.05 134.25 134.35 134.3  134.25 134.2
 134.3  134.25 134.   134.25 134.3  134.85 134.75 135.   134.75 134.65]
[ 11881   5846   6374  15295  33242  31965 108135  35094  24061 112036
 162233  70071  62866  51263  54114  39651  85342  73275  37734  45076
  77857  29003  70586  34233  21813  95909  48748  96340 148854  24724]
BuyProb = 0.49 Sellprob = 0.93
We already hold 0 of BANKBARODA 
No probabilities greater than thresholds, skipping
SBIN
2018-03-20 13:43:01.664433+05:30
[250.65 250.6  250.65 250.5  250.25 250.35 249.9  250.25 250.1  249.75
 249.65 249.45 249.3  249.8  249.75 249.5  249.6  249.6  249.6  249.55
 249.4  249.55 249.2  249.2  249.25 249.8  249.75 249.85 249.95 249.6 ]
[ 53769  18799  34332  13285  63191  24406 108075  76407  22019  47730
  51916  95160 155520  95682  43733  21203  48148  27956  50317  33853
  31374  34312  40918  30670  44933 112573  92859  59717 117548  40705]
BuyProb = 0.04 Sellprob = 0.60
We already hold 0 of SBIN 
No probabilities greater than thresholds, skipping
_________________________________________________________________
['BANKBARODA', 'SBIN']
BANKBARODA
2018-03-20 13:44:00.774993+05:30
[134.45 134.4  134.6  134.3  134.3  134.05 134.25 134.1  134.   133.75
 133.65 133.65 134.2  134.05 134.25 134.35 134.3  134.25 134.2  134.3
 134.25 134.   134.25 134.3  134.85 134.75 135.   134.75 134.65 134.5 ]
[  5846   6374  15295  33242  31965 108135  35094  24061 112036 162233
  70071  62866  51263  54114  39651  85342  73275  37734  45076  77857
  29003  70586  34233  21813  95909  48748  96340 148854  24724  45008]
BuyProb = 0.45 Sellprob = 0.72
We already hold 0 of BANKBARODA 
Price differential too great between data and current, skipping analysis
SBIN
2018-03-20 13:44:02.846640+05:30
[250.6  250.65 250.5  250.25 250.35 249.9  250.25 250.1  249.75 249.65
 249.45 249.3  249.8  249.75 249.5  249.6  249.6  249.6  249.55 249.4
 249.55 249.2  249.2  249.25 249.8  249.75 249.85 249.95 249.6  249.55]
[ 18799  34332  13285  63191  24406 108075  76407  22019  47730  51916
  95160 155520  95682  43733  21203  48148  27956  50317  33853  31374
  34312  40918  30670  44933 112573  92859  59717 117548  40705  47195]
BuyProb = 0.03 Sellprob = 0.08
We already hold 0 of SBIN 
Price differential too great between data and current, skipping analysis
_________________________________________________________________
['BANKBARODA', 'SBIN']
BANKBARODA
2018-03-20 13:45:01.074067+05:30
[134.4  134.6  134.3  134.3  134.05 134.25 134.1  134.   133.75 133.65
 133.65 134.2  134.05 134.25 134.35 134.3  134.25 134.2  134.3  134.25
 134.   134.25 134.3  134.85 134.75 135.   134.75 134.65 134.5  134.85]
[  6374  15295  33242  31965 108135  35094  24061 112036 162233  70071
  62866  51263  54114  39651  85342  73275  37734  45076  77857  29003
  70586  34233  21813  95909  48748  96340 148854  24724  45008  26402]
BuyProb = 0.55 Sellprob = 0.80
We already hold 0 of BANKBARODA 
No probabilities greater than thresholds, skipping
SBIN
2018-03-20 13:45:02.217373+05:30
[250.65 250.5  250.25 250.35 249.9  250.25 250.1  249.75 249.65 249.45
 249.3  249.8  249.75 249.5  249.6  249.6  249.6  249.55 249.4  249.55
 249.2  249.2  249.25 249.8  249.75 249.85 249.95 249.6  249.55 249.95]
[ 34332  13285  63191  24406 108075  76407  22019  47730  51916  95160
 155520  95682  43733  21203  48148  27956  50317  33853  31374  34312
  40918  30670  44933 112573  92859  59717 117548  40705  47195  39577]
BuyProb = 0.01 Sellprob = 0.64
We already hold 0 of SBIN 
No probabilities greater than thresholds, skipping
_________________________________________________________________
['BANKBARODA', 'SBIN']
BANKBARODA
2018-03-20 13:46:00.300622+05:30
[134.6  134.3  134.3  134.05 134.25 134.1  134.   133.75 133.65 133.65
 134.2  134.05 134.25 134.35 134.3  134.25 134.2  134.3  134.25 134.
 134.25 134.3  134.85 134.75 135.   134.75 134.65 134.5  134.85 134.75]
[ 15295  33242  31965 108135  35094  24061 112036 162233  70071  62866
  51263  54114  39651  85342  73275  37734  45076  77857  29003  70586
  34233  21813  95909  48748  96340 148854  24724  45008  26402  13288]
BuyProb = 0.60 Sellprob = 0.44
We already hold 0 of BANKBARODA 
No probabilities greater than thresholds, skipping
SBIN
2018-03-20 13:46:01.407823+05:30
[250.5  250.25 250.35 249.9  250.25 250.1  249.75 249.65 249.45 249.3
 249.8  249.75 249.5  249.6  249.6  249.6  249.55 249.4  249.55 249.2
 249.2  249.25 249.8  249.75 249.85 249.95 249.6  249.55 249.95 249.8 ]
[ 13285  63191  24406 108075  76407  22019  47730  51916  95160 155520
  95682  43733  21203  48148  27956  50317  33853  31374  34312  40918
  30670  44933 112573  92859  59717 117548  40705  47195  39577  24847]
BuyProb = 0.01 Sellprob = 0.05
We already hold 0 of SBIN 
No probabilities greater than thresholds, skipping
_________________________________________________________________
['BANKBARODA', 'SBIN']
BANKBARODA
2018-03-20 13:47:00.496589+05:30
[134.3  134.3  134.05 134.25 134.1  134.   133.75 133.65 133.65 134.2
 134.05 134.25 134.35 134.3  134.25 134.2  134.3  134.25 134.   134.25
 134.3  134.85 134.75 135.   134.75 134.65 134.5  134.85 134.75 134.6 ]
[ 33242  31965 108135  35094  24061 112036 162233  70071  62866  51263
  54114  39651  85342  73275  37734  45076  77857  29003  70586  34233
  21813  95909  48748  96340 148854  24724  45008  26402  13288  11439]
BuyProb = 0.59 Sellprob = 0.67
We already hold 0 of BANKBARODA 
No probabilities greater than thresholds, skipping
SBIN
2018-03-20 13:47:01.573602+05:30
[250.25 250.35 249.9  250.25 250.1  249.75 249.65 249.45 249.3  249.8
 249.75 249.5  249.6  249.6  249.6  249.55 249.4  249.55 249.2  249.2
 249.25 249.8  249.75 249.85 249.95 249.6  249.55 249.95 249.8  249.75]
[ 63191  24406 108075  76407  22019  47730  51916  95160 155520  95682
  43733  21203  48148  27956  50317  33853  31374  34312  40918  30670
  44933 112573  92859  59717 117548  40705  47195  39577  24847  28327]
BuyProb = 0.01 Sellprob = 0.79
We already hold 0 of SBIN 
SellProb greater than 0.65 at 0.79 and Buyprob less than 0.45 at 0.01
SELLING
_________________________________________________________________
['BANKBARODA', 'SBIN']
BANKBARODA
2018-03-20 13:48:00.702107+05:30
[134.3  134.05 134.25 134.1  134.   133.75 133.65 133.65 134.2  134.05
 134.25 134.35 134.3  134.25 134.2  134.3  134.25 134.   134.25 134.3
 134.85 134.75 135.   134.75 134.65 134.5  134.85 134.75 134.6  134.4 ]
[ 31965 108135  35094  24061 112036 162233  70071  62866  51263  54114
  39651  85342  73275  37734  45076  77857  29003  70586  34233  21813
  95909  48748  96340 148854  24724  45008  26402  13288  11439  40710]
BuyProb = 0.60 Sellprob = 0.27
We already hold 0 of BANKBARODA 
No probabilities greater than thresholds, skipping
SBIN
2018-03-20 13:48:01.818037+05:30
[250.35 249.9  250.25 250.1  249.75 249.65 249.45 249.3  249.8  249.75
 249.5  249.6  249.6  249.6  249.55 249.4  249.55 249.2  249.2  249.25
 249.8  249.75 249.85 249.95 249.6  249.55 249.95 249.8  249.75 249.65]
[ 24406 108075  76407  22019  47730  51916  95160 155520  95682  43733
  21203  48148  27956  50317  33853  31374  34312  40918  30670  44933
 112573  92859  59717 117548  40705  47195  39577  24847  28327  27404]
BuyProb = 0.01 Sellprob = 0.04
We already hold 5000 of SBIN 
MAX ALREADY HELD
_________________________________________________________________
['BANKBARODA', 'SBIN']
BANKBARODA
2018-03-20 13:49:01.181212+05:30
[134.05 134.25 134.1  134.   133.75 133.65 133.65 134.2  134.05 134.25
 134.35 134.3  134.25 134.2  134.3  134.25 134.   134.25 134.3  134.85
 134.75 135.   134.75 134.65 134.5  134.85 134.75 134.6  134.4  134.6 ]
[108135  35094  24061 112036 162233  70071  62866  51263  54114  39651
  85342  73275  37734  45076  77857  29003  70586  34233  21813  95909
  48748  96340 148854  24724  45008  26402  13288  11439  40710  32006]
BuyProb = 0.70 Sellprob = 0.77
We already hold 0 of BANKBARODA 
No probabilities greater than thresholds, skipping
SBIN
2018-03-20 13:49:02.256972+05:30
[249.9  250.25 250.1  249.75 249.65 249.45 249.3  249.8  249.75 249.5
 249.6  249.6  249.6  249.55 249.4  249.55 249.2  249.2  249.25 249.8
 249.75 249.85 249.95 249.6  249.55 249.95 249.8  249.75 249.65 249.8 ]
[108075  76407  22019  47730  51916  95160 155520  95682  43733  21203
  48148  27956  50317  33853  31374  34312  40918  30670  44933 112573
  92859  59717 117548  40705  47195  39577  24847  28327  27404  68296]
BuyProb = 0.01 Sellprob = 0.63
Manually Skipping
_________________________________________________________________
['BANKBARODA', 'SBIN']
BANKBARODA
2018-03-20 13:50:00.399487+05:30
[134.25 134.1  134.   133.75 133.65 133.65 134.2  134.05 134.25 134.35
 134.3  134.25 134.2  134.3  134.25 134.   134.25 134.3  134.85 134.75
 135.   134.75 134.65 134.5  134.85 134.75 134.6  134.4  134.6  134.5 ]
[ 35094  24061 112036 162233  70071  62866  51263  54114  39651  85342
  73275  37734  45076  77857  29003  70586  34233  21813  95909  48748
  96340 148854  24724  45008  26402  13288  11439  40710  32006  28172]
BuyProb = 0.75 Sellprob = 0.18
We already hold 0 of BANKBARODA 
Buyprob greater than 0.65 at 0.75 and SellProb less than 0.45 at 0.18
BUYING
SBIN
2018-03-20 13:50:01.531921+05:30
[250.25 250.1  249.75 249.65 249.45 249.3  249.8  249.75 249.5  249.6
 249.6  249.6  249.55 249.4  249.55 249.2  249.2  249.25 249.8  249.75
 249.85 249.95 249.6  249.55 249.95 249.8  249.75 249.65 249.8  249.65]
[ 76407  22019  47730  51916  95160 155520  95682  43733  21203  48148
  27956  50317  33853  31374  34312  40918  30670  44933 112573  92859
  59717 117548  40705  47195  39577  24847  28327  27404  68296  24066]
BuyProb = 0.00 Sellprob = 0.02
Manually Skipping
_________________________________________________________________
['BANKBARODA', 'SBIN']
BANKBARODA
2018-03-20 13:51:00.607181+05:30
[134.1  134.   133.75 133.65 133.65 134.2  134.05 134.25 134.35 134.3
 134.25 134.2  134.3  134.25 134.   134.25 134.3  134.85 134.75 135.
 134.75 134.65 134.5  134.85 134.75 134.6  134.4  134.6  134.5  134.5 ]
[ 24061 112036 162233  70071  62866  51263  54114  39651  85342  73275
  37734  45076  77857  29003  70586  34233  21813  95909  48748  96340
 148854  24724  45008  26402  13288  11439  40710  32006  28172  18228]
BuyProb = 0.73 Sellprob = 0.65
We already hold 400 of BANKBARODA 
No probabilities greater than thresholds, skipping
SBIN
2018-03-20 13:51:01.731958+05:30
[250.1  249.75 249.65 249.45 249.3  249.8  249.75 249.5  249.6  249.6
 249.6  249.55 249.4  249.55 249.2  249.2  249.25 249.8  249.75 249.85
 249.95 249.6  249.55 249.95 249.8  249.75 249.65 249.8  249.65 249.6 ]
[ 22019  47730  51916  95160 155520  95682  43733  21203  48148  27956
  50317  33853  31374  34312  40918  30670  44933 112573  92859  59717
 117548  40705  47195  39577  24847  28327  27404  68296  24066  36366]
BuyProb = 0.00 Sellprob = 0.80
Manually Skipping
_________________________________________________________________
['BANKBARODA', 'SBIN']
BANKBARODA
2018-03-20 13:52:00.838376+05:30
[134.   133.75 133.65 133.65 134.2  134.05 134.25 134.35 134.3  134.25
 134.2  134.3  134.25 134.   134.25 134.3  134.85 134.75 135.   134.75
 134.65 134.5  134.85 134.75 134.6  134.4  134.6  134.5  134.5  134.6 ]
[112036 162233  70071  62866  51263  54114  39651  85342  73275  37734
  45076  77857  29003  70586  34233  21813  95909  48748  96340 148854
  24724  45008  26402  13288  11439  40710  32006  28172  18228   9667]
BuyProb = 0.73 Sellprob = 0.18
We already hold 8000 of BANKBARODA 
MAX ALREADY HELD
SBIN
2018-03-20 13:52:01.907769+05:30
[249.75 249.65 249.45 249.3  249.8  249.75 249.5  249.6  249.6  249.6
 249.55 249.4  249.55 249.2  249.2  249.25 249.8  249.75 249.85 249.95
 249.6  249.55 249.95 249.8  249.75 249.65 249.8  249.65 249.6  249.7 ]
[ 47730  51916  95160 155520  95682  43733  21203  48148  27956  50317
  33853  31374  34312  40918  30670  44933 112573  92859  59717 117548
  40705  47195  39577  24847  28327  27404  68296  24066  36366  22649]
BuyProb = 0.02 Sellprob = 0.08
Manually Skipping
_________________________________________________________________
['BANKBARODA', 'SBIN']
BANKBARODA
2018-03-20 13:53:01.014928+05:30
[133.75 133.65 133.65 134.2  134.05 134.25 134.35 134.3  134.25 134.2
 134.3  134.25 134.   134.25 134.3  134.85 134.75 135.   134.75 134.65
 134.5  134.85 134.75 134.6  134.4  134.6  134.5  134.5  134.6  134.4 ]
[162233  70071  62866  51263  54114  39651  85342  73275  37734  45076
  77857  29003  70586  34233  21813  95909  48748  96340 148854  24724
  45008  26402  13288  11439  40710  32006  28172  18228   9667  24931]
BuyProb = 0.78 Sellprob = 0.58
We already hold 8000 of BANKBARODA 
MAX ALREADY HELD
SBIN
2018-03-20 13:53:02.112556+05:30
[249.65 249.45 249.3  249.8  249.75 249.5  249.6  249.6  249.6  249.55
 249.4  249.55 249.2  249.2  249.25 249.8  249.75 249.85 249.95 249.6
 249.55 249.95 249.8  249.75 249.65 249.8  249.65 249.6  249.7  249.45]
[ 51916  95160 155520  95682  43733  21203  48148  27956  50317  33853
  31374  34312  40918  30670  44933 112573  92859  59717 117548  40705
  47195  39577  24847  28327  27404  68296  24066  36366  22649  23496]
BuyProb = 0.09 Sellprob = 0.50
Manually Skipping
_________________________________________________________________
['BANKBARODA', 'SBIN']
BANKBARODA
2018-03-20 13:54:00.232291+05:30
[133.65 133.65 134.2  134.05 134.25 134.35 134.3  134.25 134.2  134.3
 134.25 134.   134.25 134.3  134.85 134.75 135.   134.75 134.65 134.5
 134.85 134.75 134.6  134.4  134.6  134.5  134.5  134.6  134.4  134.4 ]
[ 70071  62866  51263  54114  39651  85342  73275  37734  45076  77857
  29003  70586  34233  21813  95909  48748  96340 148854  24724  45008
  26402  13288  11439  40710  32006  28172  18228   9667  24931  42306]
BuyProb = 0.79 Sellprob = 0.08
Manually Skipping
SBIN
2018-03-20 13:54:01.284535+05:30
[249.45 249.3  249.8  249.75 249.5  249.6  249.6  249.6  249.55 249.4
 249.55 249.2  249.2  249.25 249.8  249.75 249.85 249.95 249.6  249.55
 249.95 249.8  249.75 249.65 249.8  249.65 249.6  249.7  249.45 249.45]
[ 95160 155520  95682  43733  21203  48148  27956  50317  33853  31374
  34312  40918  30670  44933 112573  92859  59717 117548  40705  47195
  39577  24847  28327  27404  68296  24066  36366  22649  23496  71751]
BuyProb = 0.13 Sellprob = 0.01
Manually Skipping
_________________________________________________________________
['BANKBARODA', 'SBIN']
BANKBARODA
2018-03-20 13:55:00.346111+05:30
[133.65 134.2  134.05 134.25 134.35 134.3  134.25 134.2  134.3  134.25
 134.   134.25 134.3  134.85 134.75 135.   134.75 134.65 134.5  134.85
 134.75 134.6  134.4  134.6  134.5  134.5  134.6  134.4  134.4  134.4 ]
[ 62866  51263  54114  39651  85342  73275  37734  45076  77857  29003
  70586  34233  21813  95909  48748  96340 148854  24724  45008  26402
  13288  11439  40710  32006  28172  18228   9667  24931  42306  13041]
BuyProb = 0.84 Sellprob = 0.36
Manually Skipping
SBIN
2018-03-20 13:55:01.403981+05:30
[249.3  249.8  249.75 249.5  249.6  249.6  249.6  249.55 249.4  249.55
 249.2  249.2  249.25 249.8  249.75 249.85 249.95 249.6  249.55 249.95
 249.8  249.75 249.65 249.8  249.65 249.6  249.7  249.45 249.45 249.55]
[155520  95682  43733  21203  48148  27956  50317  33853  31374  34312
  40918  30670  44933 112573  92859  59717 117548  40705  47195  39577
  24847  28327  27404  68296  24066  36366  22649  23496  71751  32785]
BuyProb = 0.41 Sellprob = 0.19
Manually Skipping
_________________________________________________________________
['BANKBARODA', 'SBIN']
BANKBARODA
2018-03-20 13:56:00.522118+05:30
[134.2  134.05 134.25 134.35 134.3  134.25 134.2  134.3  134.25 134.
 134.25 134.3  134.85 134.75 135.   134.75 134.65 134.5  134.85 134.75
 134.6  134.4  134.6  134.5  134.5  134.6  134.4  134.4  134.4  134.35]
[ 51263  54114  39651  85342  73275  37734  45076  77857  29003  70586
  34233  21813  95909  48748  96340 148854  24724  45008  26402  13288
  11439  40710  32006  28172  18228   9667  24931  42306  13041   3682]
BuyProb = 0.04 Sellprob = 0.12
Manually Skipping
SBIN
2018-03-20 13:56:01.578110+05:30
[249.8  249.75 249.5  249.6  249.6  249.6  249.55 249.4  249.55 249.2
 249.2  249.25 249.8  249.75 249.85 249.95 249.6  249.55 249.95 249.8
 249.75 249.65 249.8  249.65 249.6  249.7  249.45 249.45 249.55 249.5 ]
[ 95682  43733  21203  48148  27956  50317  33853  31374  34312  40918
  30670  44933 112573  92859  59717 117548  40705  47195  39577  24847
  28327  27404  68296  24066  36366  22649  23496  71751  32785  17113]
BuyProb = 0.60 Sellprob = 0.01
Manually Skipping
_________________________________________________________________
['BANKBARODA', 'SBIN']
BANKBARODA
2018-03-20 13:57:00.648696+05:30
[134.05 134.25 134.35 134.3  134.25 134.2  134.3  134.25 134.   134.25
 134.3  134.85 134.75 135.   134.75 134.65 134.5  134.85 134.75 134.6
 134.4  134.6  134.5  134.5  134.6  134.4  134.4  134.4  134.35 134.5 ]
[ 54114  39651  85342  73275  37734  45076  77857  29003  70586  34233
  21813  95909  48748  96340 148854  24724  45008  26402  13288  11439
  40710  32006  28172  18228   9667  24931  42306  13041   3682  15586]
BuyProb = 0.07 Sellprob = 0.32
Manually Skipping
SBIN
2018-03-20 13:57:01.700922+05:30
[249.75 249.5  249.6  249.6  249.6  249.55 249.4  249.55 249.2  249.2
 249.25 249.8  249.75 249.85 249.95 249.6  249.55 249.95 249.8  249.75
 249.65 249.8  249.65 249.6  249.7  249.45 249.45 249.55 249.5  249.45]
[ 43733  21203  48148  27956  50317  33853  31374  34312  40918  30670
  44933 112573  92859  59717 117548  40705  47195  39577  24847  28327
  27404  68296  24066  36366  22649  23496  71751  32785  17113  39767]
BuyProb = 0.39 Sellprob = 0.02
Manually Skipping
_________________________________________________________________
['BANKBARODA', 'SBIN']
BANKBARODA
2018-03-20 13:58:00.888424+05:30
[134.25 134.35 134.3  134.25 134.2  134.3  134.25 134.   134.25 134.3
 134.85 134.75 135.   134.75 134.65 134.5  134.85 134.75 134.6  134.4
 134.6  134.5  134.5  134.6  134.4  134.4  134.4  134.35 134.5  134.55]
[ 39651  85342  73275  37734  45076  77857  29003  70586  34233  21813
  95909  48748  96340 148854  24724  45008  26402  13288  11439  40710
  32006  28172  18228   9667  24931  42306  13041   3682  15586   6853]
BuyProb = 0.10 Sellprob = 0.12
Manually Skipping
SBIN
2018-03-20 13:58:01.946150+05:30
[249.5  249.6  249.6  249.6  249.55 249.4  249.55 249.2  249.2  249.25
 249.8  249.75 249.85 249.95 249.6  249.55 249.95 249.8  249.75 249.65
 249.8  249.65 249.6  249.7  249.45 249.45 249.55 249.5  249.45 249.4 ]
[ 21203  48148  27956  50317  33853  31374  34312  40918  30670  44933
 112573  92859  59717 117548  40705  47195  39577  24847  28327  27404
  68296  24066  36366  22649  23496  71751  32785  17113  39767  26317]
BuyProb = 0.27 Sellprob = 0.01
Manually Skipping
_________________________________________________________________
['BANKBARODA', 'SBIN']
BANKBARODA
2018-03-20 13:59:01.025071+05:30
[134.35 134.3  134.25 134.2  134.3  134.25 134.   134.25 134.3  134.85
 134.75 135.   134.75 134.65 134.5  134.85 134.75 134.6  134.4  134.6
 134.5  134.5  134.6  134.4  134.4  134.4  134.35 134.5  134.55 134.4 ]
[ 85342  73275  37734  45076  77857  29003  70586  34233  21813  95909
  48748  96340 148854  24724  45008  26402  13288  11439  40710  32006
  28172  18228   9667  24931  42306  13041   3682  15586   6853   1717]
BuyProb = 0.09 Sellprob = 0.30
Manually Skipping
SBIN
2018-03-20 13:59:02.115327+05:30
[249.6  249.6  249.6  249.55 249.4  249.55 249.2  249.2  249.25 249.8
 249.75 249.85 249.95 249.6  249.55 249.95 249.8  249.75 249.65 249.8
 249.65 249.6  249.7  249.45 249.45 249.55 249.5  249.45 249.4  249.1 ]
[ 48148  27956  50317  33853  31374  34312  40918  30670  44933 112573
  92859  59717 117548  40705  47195  39577  24847  28327  27404  68296
  24066  36366  22649  23496  71751  32785  17113  39767  26317  30102]
BuyProb = 0.21 Sellprob = 0.00
Manually Skipping
_________________________________________________________________
['BANKBARODA', 'SBIN']
BANKBARODA
2018-03-20 14:00:00.229621+05:30
[134.3  134.25 134.2  134.3  134.25 134.   134.25 134.3  134.85 134.75
 135.   134.75 134.65 134.5  134.85 134.75 134.6  134.4  134.6  134.5
 134.5  134.6  134.4  134.4  134.4  134.35 134.5  134.55 134.4  134.45]
[ 73275  37734  45076  77857  29003  70586  34233  21813  95909  48748
  96340 148854  24724  45008  26402  13288  11439  40710  32006  28172
  18228   9667  24931  42306  13041   3682  15586   6853   1717  12625]
BuyProb = 0.17 Sellprob = 0.24
Manually Skipping
SBIN
2018-03-20 14:00:01.326719+05:30
[249.6  249.6  249.55 249.4  249.55 249.2  249.2  249.25 249.8  249.75
 249.85 249.95 249.6  249.55 249.95 249.8  249.75 249.65 249.8  249.65
 249.6  249.7  249.45 249.45 249.55 249.5  249.45 249.4  249.1  249.1 ]
[ 27956  50317  33853  31374  34312  40918  30670  44933 112573  92859
  59717 117548  40705  47195  39577  24847  28327  27404  68296  24066
  36366  22649  23496  71751  32785  17113  39767  26317  30102  29604]
BuyProb = 0.15 Sellprob = 0.01
Manually Skipping
_________________________________________________________________
TRADING DAY IS OVER!
