Here
ZN9243 has logged in
Here
[3463169, 2933761, 3375873]
ZN9243 has logged in
GMRINFRA
2018-02-22 03:10:00.594619
[ 17.7   17.75  17.75  17.75  17.7   17.7   17.7   17.7   17.75  17.75
  17.7   17.7   17.75  17.7   17.7   17.65  17.65  17.7   17.7   17.75
  17.7   17.65  17.7   17.7   17.65  17.65  17.65  17.7   17.65  17.7   17.7
  17.65  17.65  17.65  17.65  17.65  17.7   17.7   17.7   17.65  17.7   17.7
  17.7   17.75  17.85]
[  28532  112448  133087   10480   23770    3692   20330   44772   22305
   45558   66150    7292   11788   28085  401835   55198   17720   60522
  167375   29507   20927  111046   97153   10339   77001   27520   24147
    2756   38015   35199  190909   98141   69508  180234   19943   16353
    2628   10684  114901   15219  231864    3653   27951   86495 1025897]
100.0
BuyProb = 0.20 Sellprob = 0.59
SellProb greater than 0.55 at 0.59 and Buyprob less than 0.50 at 0.20
Selling  
JPASSOCIAT
2018-02-22 03:10:03.288889
[ 16.5   16.5   16.55  16.55  16.55  16.55  16.55  16.5   16.5   16.55
  16.5   16.55  16.55  16.55  16.5   16.45  16.5   16.5   16.5   16.45
  16.5   16.5   16.5   16.5   16.5   16.5   16.5   16.45  16.5   16.45
  16.45  16.5   16.45  16.45  16.4   16.45  16.5   16.45  16.45  16.45
  16.5   16.55  16.5   16.55  16.55]
[  8841  21513   5485  35700   5680   7235    119   6120  90360  13565
   7600  38708    500   1370   3345 158153  12660   8827  17050 110492
  27982  15997  18999   4055  10402  50800 168480  67160  18167  67461
  13151  37410  67286 181318  24754  46584  19216  45423   1606  12941
 310424 114890   3019 179204 176047]
15000.0
BuyProb = 0.29 Sellprob = 0.21
No probabilities greater than thresholds, skipping
RCOM
2018-02-22 03:10:05.572863
[ 27.75  27.75  27.8   27.75  27.8   27.75  27.75  27.8   27.8   27.8   27.8
  27.8   27.8   27.8   27.75  27.75  27.75  27.75  27.75  27.75  27.75
  27.75  27.7   27.75  27.7   27.7   27.7   27.7   27.7   27.65  27.7   27.6
  27.7   27.7   27.75  27.75  27.7   27.75  27.75  27.8   27.8   27.8   27.8
  27.8   27.75]
[ 41380  92659 245365  42169  41351 244767  61739 108617  20408   8981
  18730  27715  14390  28342 136536  44459  45438 232144  31798  10075
  19066  24145 886212 157449 143909  47530  49282  94865  64034 182621
 319958 400269 367260  58297  74795  38803 170422  53532  14497 428609
  21410 298701 476439  22131 175095]
15000.0
BuyProb = 0.03 Sellprob = 0.32
No probabilities greater than thresholds, skipping
GMRINFRA
2018-02-22 03:11:00.893014
[ 17.75  17.75  17.7   17.7   17.7   17.7   17.75  17.75  17.7   17.7
  17.75  17.7   17.7   17.65  17.65  17.7   17.7   17.75  17.7   17.65
  17.7   17.7   17.65  17.65  17.65  17.7   17.65  17.7   17.7   17.65
  17.65  17.65  17.65  17.65  17.7   17.7   17.7   17.65  17.7   17.7   17.7
  17.75  17.85  17.85  17.8 ]
[ 133087   10480   23770    3692   20330   44772   22305   45558   66150
    7292   11788   28085  401835   55198   17720   60522  167375   29507
   20927  111046   97153   10339   77001   27520   24147    2756   38015
   35199  190909   98141   69508  180234   19943   16353    2628   10684
  114901   15219  231864    3653   27951   86495 1025897  500509  188144]
100.0
BuyProb = 0.25 Sellprob = 0.62
SellProb greater than 0.55 at 0.62 and Buyprob less than 0.50 at 0.25
Selling  
JPASSOCIAT
2018-02-22 03:11:02.238826
[ 16.5   16.55  16.55  16.55  16.55  16.55  16.5   16.5   16.55  16.5
  16.55  16.55  16.55  16.5   16.45  16.5   16.5   16.5   16.45  16.5   16.5
  16.5   16.5   16.5   16.5   16.5   16.45  16.5   16.45  16.45  16.5
  16.45  16.45  16.4   16.45  16.5   16.45  16.45  16.45  16.5   16.55
  16.5   16.55  16.55  16.55]
[ 21513   5485  35700   5680   7235    119   6120  90360  13565   7600
  38708    500   1370   3345 158153  12660   8827  17050 110492  27982
  15997  18999   4055  10402  50800 168480  67160  18167  67461  13151
  37410  67286 181318  24754  46584  19216  45423   1606  12941 310424
 114890   3019 179204 176047  89057]
15000.0
BuyProb = 0.32 Sellprob = 0.20
No probabilities greater than thresholds, skipping
RCOM
2018-02-22 03:11:03.533900
[ 27.75  27.75  27.8   27.75  27.8   27.75  27.75  27.8   27.8   27.8   27.8
  27.8   27.8   27.8   27.75  27.75  27.75  27.75  27.75  27.75  27.75
  27.75  27.7   27.75  27.7   27.7   27.7   27.7   27.7   27.65  27.7   27.6
  27.7   27.7   27.75  27.75  27.7   27.75  27.75  27.8   27.8   27.8   27.8
  27.8   27.75]
[ 41380  92659 245365  42169  41351 244767  61739 108617  20408   8981
  18730  27715  14390  28342 136536  44459  45438 232144  31798  10075
  19066  24145 886212 157449 143909  47530  49282  94865  64034 182621
 319958 400269 367260  58297  74795  38803 170422  53532  14497 428609
  21410 298701 476439  22131 175095]
15000.0
BuyProb = 0.03 Sellprob = 0.32
No probabilities greater than thresholds, skipping
GMRINFRA
2018-02-22 03:12:00.967880
[ 17.75  17.75  17.7   17.7   17.7   17.7   17.75  17.75  17.7   17.7
  17.75  17.7   17.7   17.65  17.65  17.7   17.7   17.75  17.7   17.65
  17.7   17.7   17.65  17.65  17.65  17.7   17.65  17.7   17.7   17.65
  17.65  17.65  17.65  17.65  17.7   17.7   17.7   17.65  17.7   17.7   17.7
  17.75  17.85  17.85  17.8 ]
[ 133087   10480   23770    3692   20330   44772   22305   45558   66150
    7292   11788   28085  401835   55198   17720   60522  167375   29507
   20927  111046   97153   10339   77001   27520   24147    2756   38015
   35199  190909   98141   69508  180234   19943   16353    2628   10684
  114901   15219  231864    3653   27951   86495 1025897  500509  188144]
15000.0
BuyProb = 0.25 Sellprob = 0.62
SellProb greater than 0.55 at 0.62 and Buyprob less than 0.50 at 0.25
Selling  
JPASSOCIAT
2018-02-22 03:12:02.292060
[ 16.55  16.55  16.55  16.55  16.55  16.5   16.5   16.55  16.5   16.55
  16.55  16.55  16.5   16.45  16.5   16.5   16.5   16.45  16.5   16.5   16.5
  16.5   16.5   16.5   16.5   16.45  16.5   16.45  16.45  16.5   16.45
  16.45  16.4   16.45  16.5   16.45  16.45  16.45  16.5   16.55  16.5
  16.55  16.55  16.55  16.55]
[  5485  35700   5680   7235    119   6120  90360  13565   7600  38708
    500   1370   3345 158153  12660   8827  17050 110492  27982  15997
  18999   4055  10402  50800 168480  67160  18167  67461  13151  37410
  67286 181318  24754  46584  19216  45423   1606  12941 310424 114890
   3019 179204 176047  89057   6302]
15000.0
BuyProb = 0.27 Sellprob = 0.18
No probabilities greater than thresholds, skipping
RCOM
2018-02-22 03:12:03.769735
[ 27.75  27.8   27.75  27.8   27.75  27.75  27.8   27.8   27.8   27.8   27.8
  27.8   27.8   27.75  27.75  27.75  27.75  27.75  27.75  27.75  27.75
  27.7   27.75  27.7   27.7   27.7   27.7   27.7   27.65  27.7   27.6   27.7
  27.7   27.75  27.75  27.7   27.75  27.75  27.8   27.8   27.8   27.8   27.8
  27.8   27.8 ]
[ 92659 245365  42169  41351 244767  61739 108617  20408   8981  18730
  27715  14390  28342 136536  44459  45438 232144  31798  10075  19066
  24145 886212 157449 143909  47530  49282  94865  64034 182621 319958
 400269 367260  58297  74795  38803 170422  53532  14497 428609  21410
 298701 476439  22131 175295  54427]
15000.0
BuyProb = 0.03 Sellprob = 0.32
No probabilities greater than thresholds, skipping
GMRINFRA
2018-02-22 03:13:01.140773
[ 17.7   17.7   17.7   17.7   17.75  17.75  17.7   17.7   17.75  17.7   17.7
  17.65  17.65  17.7   17.7   17.75  17.7   17.65  17.7   17.7   17.65
  17.65  17.65  17.7   17.65  17.7   17.7   17.65  17.65  17.65  17.65
  17.65  17.7   17.7   17.7   17.65  17.7   17.7   17.7   17.75  17.85
  17.85  17.85  17.8   17.8 ]
[  23770    3692   20330   44772   22305   45558   66150    7292   11788
   28085  401835   55198   17720   60522  167375   29507   20927  111046
   97153   10339   77001   27520   24147    2756   38015   35199  190909
   98141   69508  180234   19943   16353    2628   10684  114901   15219
  231864    3653   27951   86495 1025897  500509  203947  151083   87507]
15000.0
BuyProb = 0.27 Sellprob = 0.59
SellProb greater than 0.55 at 0.59 and Buyprob less than 0.50 at 0.27
Selling  
JPASSOCIAT
2018-02-22 03:13:02.440849
[ 16.55  16.55  16.55  16.5   16.5   16.55  16.5   16.55  16.55  16.55
  16.5   16.45  16.5   16.5   16.5   16.45  16.5   16.5   16.5   16.5   16.5
  16.5   16.5   16.45  16.5   16.45  16.45  16.5   16.45  16.45  16.4
  16.45  16.5   16.45  16.45  16.45  16.5   16.55  16.5   16.55  16.55
  16.55  16.55  16.55  16.55]
[  5680   7235    119   6120  90360  13565   7600  38708    500   1370
   3345 158153  12660   8827  17050 110492  27982  15997  18999   4055
  10402  50800 168480  67160  18167  67461  13151  37410  67286 181318
  24754  46584  19216  45423   1606  12941 310424 114890   3019 179204
 176047  89057  22646 297501  17106]
15000.0
BuyProb = 0.29 Sellprob = 0.18
No probabilities greater than thresholds, skipping
RCOM
2018-02-22 03:13:03.780537
[ 27.75  27.8   27.75  27.75  27.8   27.8   27.8   27.8   27.8   27.8   27.8
  27.75  27.75  27.75  27.75  27.75  27.75  27.75  27.75  27.7   27.75
  27.7   27.7   27.7   27.7   27.7   27.65  27.7   27.6   27.7   27.7
  27.75  27.75  27.7   27.75  27.75  27.8   27.8   27.8   27.8   27.8   27.8
  27.8   27.75  27.8 ]
[ 42169  41351 244767  61739 108617  20408   8981  18730  27715  14390
  28342 136536  44459  45438 232144  31798  10075  19066  24145 886212
 157449 143909  47530  49282  94865  64034 182621 319958 400269 367260
  58297  74795  38803 170422  53532  14497 428609  21410 298701 476439
  22131 175295  54427   4084   6356]
15000.0
BuyProb = 0.03 Sellprob = 0.37
No probabilities greater than thresholds, skipping
GMRINFRA
2018-02-22 03:14:01.099451
[ 17.7   17.7   17.7   17.75  17.75  17.7   17.7   17.75  17.7   17.7
  17.65  17.65  17.7   17.7   17.75  17.7   17.65  17.7   17.7   17.65
  17.65  17.65  17.7   17.65  17.7   17.7   17.65  17.65  17.65  17.65
  17.65  17.7   17.7   17.7   17.65  17.7   17.7   17.7   17.75  17.85
  17.85  17.85  17.8   17.8   17.8 ]
[   3692   20330   44772   22305   45558   66150    7292   11788   28085
  401835   55198   17720   60522  167375   29507   20927  111046   97153
   10339   77001   27520   24147    2756   38015   35199  190909   98141
   69508  180234   19943   16353    2628   10684  114901   15219  231864
    3653   27951   86495 1025897  500509  203947  151083   88662   28870]
15000.0
BuyProb = 0.24 Sellprob = 0.55
No probabilities greater than thresholds, skipping
JPASSOCIAT
2018-02-22 03:14:02.369053
[ 16.55  16.55  16.55  16.5   16.5   16.55  16.5   16.55  16.55  16.55
  16.5   16.45  16.5   16.5   16.5   16.45  16.5   16.5   16.5   16.5   16.5
  16.5   16.5   16.45  16.5   16.45  16.45  16.5   16.45  16.45  16.4
  16.45  16.5   16.45  16.45  16.45  16.5   16.55  16.5   16.55  16.55
  16.55  16.55  16.55  16.55]
[  5680   7235    119   6120  90360  13565   7600  38708    500   1370
   3345 158153  12660   8827  17050 110492  27982  15997  18999   4055
  10402  50800 168480  67160  18167  67461  13151  37410  67286 181318
  24754  46584  19216  45423   1606  12941 310424 114890   3019 179204
 176047  89057  22646 297501  17106]
15000.0
BuyProb = 0.29 Sellprob = 0.18
No probabilities greater than thresholds, skipping
RCOM
2018-02-22 03:14:03.651712
[ 27.75  27.8   27.75  27.75  27.8   27.8   27.8   27.8   27.8   27.8   27.8
  27.75  27.75  27.75  27.75  27.75  27.75  27.75  27.75  27.7   27.75
  27.7   27.7   27.7   27.7   27.7   27.65  27.7   27.6   27.7   27.7
  27.75  27.75  27.7   27.75  27.75  27.8   27.8   27.8   27.8   27.8   27.8
  27.8   27.75  27.8 ]
[ 42169  41351 244767  61739 108617  20408   8981  18730  27715  14390
  28342 136536  44459  45438 232144  31798  10075  19066  24145 886212
 157449 143909  47530  49282  94865  64034 182621 319958 400269 367260
  58297  74795  38803 170422  53532  14497 428609  21410 298701 476439
  22131 175295  54427   4084   6356]
15000.0
BuyProb = 0.03 Sellprob = 0.37
No probabilities greater than thresholds, skipping
GMRINFRA
2018-02-22 03:15:01.018410
[ 17.7   17.7   17.7   17.75  17.75  17.7   17.7   17.75  17.7   17.7
  17.65  17.65  17.7   17.7   17.75  17.7   17.65  17.7   17.7   17.65
  17.65  17.65  17.7   17.65  17.7   17.7   17.65  17.65  17.65  17.65
  17.65  17.7   17.7   17.7   17.65  17.7   17.7   17.7   17.75  17.85
  17.85  17.85  17.8   17.8   17.8 ]
[   3692   20330   44772   22305   45558   66150    7292   11788   28085
  401835   55198   17720   60522  167375   29507   20927  111046   97153
   10339   77001   27520   24147    2756   38015   35199  190909   98141
   69508  180234   19943   16353    2628   10684  114901   15219  231864
    3653   27951   86495 1025897  500509  203947  151083   88662   28870]
15000.0
BuyProb = 0.24 Sellprob = 0.55
No probabilities greater than thresholds, skipping
JPASSOCIAT
2018-02-22 03:15:02.304820
[ 16.55  16.55  16.5   16.5   16.55  16.5   16.55  16.55  16.55  16.5
  16.45  16.5   16.5   16.5   16.45  16.5   16.5   16.5   16.5   16.5   16.5
  16.5   16.45  16.5   16.45  16.45  16.5   16.45  16.45  16.4   16.45
  16.5   16.45  16.45  16.45  16.5   16.55  16.5   16.55  16.55  16.55
  16.55  16.55  16.55  16.55]
[  7235    119   6120  90360  13565   7600  38708    500   1370   3345
 158153  12660   8827  17050 110492  27982  15997  18999   4055  10402
  50800 168480  67160  18167  67461  13151  37410  67286 181318  24754
  46584  19216  45423   1606  12941 310424 114890   3019 179204 176047
  89057  22646 297501  17831  59218]
15000.0
BuyProb = 0.25 Sellprob = 0.17
No probabilities greater than thresholds, skipping
RCOM
2018-02-22 03:15:03.584490
[ 27.8   27.75  27.75  27.8   27.8   27.8   27.8   27.8   27.8   27.8
  27.75  27.75  27.75  27.75  27.75  27.75  27.75  27.75  27.7   27.75
  27.7   27.7   27.7   27.7   27.7   27.65  27.7   27.6   27.7   27.7
  27.75  27.75  27.7   27.75  27.75  27.8   27.8   27.8   27.8   27.8   27.8
  27.8   27.75  27.75  27.7 ]
[ 41351 244767  61739 108617  20408   8981  18730  27715  14390  28342
 136536  44459  45438 232144  31798  10075  19066  24145 886212 157449
 143909  47530  49282  94865  64034 182621 319958 400269 367260  58297
  74795  38803 170422  53532  14497 428609  21410 298701 476439  22131
 175295  54427   4084  10983 143551]
15000.0
BuyProb = 0.04 Sellprob = 0.37
No probabilities greater than thresholds, skipping
GMRINFRA
2018-02-22 03:16:00.884694
[ 17.7   17.75  17.75  17.7   17.7   17.75  17.7   17.7   17.65  17.65
  17.7   17.7   17.75  17.7   17.65  17.7   17.7   17.65  17.65  17.65
  17.7   17.65  17.7   17.7   17.65  17.65  17.65  17.65  17.65  17.7   17.7
  17.7   17.65  17.7   17.7   17.7   17.75  17.85  17.85  17.85  17.8   17.8
  17.8   17.8   17.8 ]
[  44772   22305   45558   66150    7292   11788   28085  401835   55198
   17720   60522  167375   29507   20927  111046   97153   10339   77001
   27520   24147    2756   38015   35199  190909   98141   69508  180234
   19943   16353    2628   10684  114901   15219  231864    3653   27951
   86495 1025897  500509  203947  151083   88662   28870  174742   66400]
15000.0
BuyProb = 0.26 Sellprob = 0.54
No probabilities greater than thresholds, skipping
JPASSOCIAT
2018-02-22 03:16:02.171458
[ 16.55  16.5   16.5   16.55  16.5   16.55  16.55  16.55  16.5   16.45
  16.5   16.5   16.5   16.45  16.5   16.5   16.5   16.5   16.5   16.5   16.5
  16.45  16.5   16.45  16.45  16.5   16.45  16.45  16.4   16.45  16.5
  16.45  16.45  16.45  16.5   16.55  16.5   16.55  16.55  16.55  16.55
  16.55  16.55  16.55  16.55]
[   119   6120  90360  13565   7600  38708    500   1370   3345 158153
  12660   8827  17050 110492  27982  15997  18999   4055  10402  50800
 168480  67160  18167  67461  13151  37410  67286 181318  24754  46584
  19216  45423   1606  12941 310424 114890   3019 179204 176047  89057
  22646 297501  17831  59218 120433]
15000.0
BuyProb = 0.25 Sellprob = 0.15
No probabilities greater than thresholds, skipping
RCOM
2018-02-22 03:16:03.452033
[ 27.75  27.75  27.8   27.8   27.8   27.8   27.8   27.8   27.8   27.75
  27.75  27.75  27.75  27.75  27.75  27.75  27.75  27.7   27.75  27.7   27.7
  27.7   27.7   27.7   27.65  27.7   27.6   27.7   27.7   27.75  27.75
  27.7   27.75  27.75  27.8   27.8   27.8   27.8   27.8   27.8   27.8
  27.75  27.75  27.7   27.75]
[244767  61739 108617  20408   8981  18730  27715  14390  28342 136536
  44459  45438 232144  31798  10075  19066  24145 886212 157449 143909
  47530  49282  94865  64034 182621 319958 400269 367260  58297  74795
  38803 170422  53532  14497 428609  21410 298701 476439  22131 175295
  54427   4084  10983 143551 161046]
15000.0
BuyProb = 0.04 Sellprob = 0.37
No probabilities greater than thresholds, skipping
GMRINFRA
2018-02-22 03:17:00.777302
[ 17.7   17.7   17.75  17.75  17.7   17.7   17.75  17.7   17.7   17.65
  17.65  17.7   17.7   17.75  17.7   17.65  17.7   17.7   17.65  17.65
  17.65  17.7   17.65  17.7   17.7   17.65  17.65  17.65  17.65  17.65
  17.7   17.7   17.7   17.65  17.7   17.7   17.7   17.75  17.85  17.85
  17.85  17.8   17.8   17.8   17.8 ]
[  20330   44772   22305   45558   66150    7292   11788   28085  401835
   55198   17720   60522  167375   29507   20927  111046   97153   10339
   77001   27520   24147    2756   38015   35199  190909   98141   69508
  180234   19943   16353    2628   10684  114901   15219  231864    3653
   27951   86495 1025897  500509  203947  151083   88662   28870  174742]
15000.0
BuyProb = 0.26 Sellprob = 0.55
No probabilities greater than thresholds, skipping
JPASSOCIAT
2018-02-22 03:17:02.402680
[ 16.55  16.5   16.5   16.55  16.5   16.55  16.55  16.55  16.5   16.45
  16.5   16.5   16.5   16.45  16.5   16.5   16.5   16.5   16.5   16.5   16.5
  16.45  16.5   16.45  16.45  16.5   16.45  16.45  16.4   16.45  16.5
  16.45  16.45  16.45  16.5   16.55  16.5   16.55  16.55  16.55  16.55
  16.55  16.55  16.55  16.55]
[   119   6120  90360  13565   7600  38708    500   1370   3345 158153
  12660   8827  17050 110492  27982  15997  18999   4055  10402  50800
 168480  67160  18167  67461  13151  37410  67286 181318  24754  46584
  19216  45423   1606  12941 310424 114890   3019 179204 176047  89057
  22646 297501  17831  59218 120433]
15000.0
BuyProb = 0.25 Sellprob = 0.15
No probabilities greater than thresholds, skipping
RCOM
2018-02-22 03:17:03.691836
[ 27.75  27.75  27.8   27.8   27.8   27.8   27.8   27.8   27.8   27.75
  27.75  27.75  27.75  27.75  27.75  27.75  27.75  27.7   27.75  27.7   27.7
  27.7   27.7   27.7   27.65  27.7   27.6   27.7   27.7   27.75  27.75
  27.7   27.75  27.75  27.8   27.8   27.8   27.8   27.8   27.8   27.8
  27.75  27.75  27.7   27.75]
[244767  61739 108617  20408   8981  18730  27715  14390  28342 136536
  44459  45438 232144  31798  10075  19066  24145 886212 157449 143909
  47530  49282  94865  64034 182621 319958 400269 367260  58297  74795
  38803 170422  53532  14497 428609  21410 298701 476439  22131 175295
  54427   4084  10983 143551 161046]
15000.0
BuyProb = 0.04 Sellprob = 0.37
No probabilities greater than thresholds, skipping
GMRINFRA
2018-02-22 03:18:01.016665
[ 17.75  17.75  17.7   17.7   17.75  17.7   17.7   17.65  17.65  17.7   17.7
  17.75  17.7   17.65  17.7   17.7   17.65  17.65  17.65  17.7   17.65
  17.7   17.7   17.65  17.65  17.65  17.65  17.65  17.7   17.7   17.7
  17.65  17.7   17.7   17.7   17.75  17.85  17.85  17.85  17.8   17.8   17.8
  17.8   17.85  17.8 ]
[  22305   45558   66150    7292   11788   28085  401835   55198   17720
   60522  167375   29507   20927  111046   97153   10339   77001   27520
   24147    2756   38015   35199  190909   98141   69508  180234   19943
   16353    2628   10684  114901   15219  231864    3653   27951   86495
 1025897  500509  203947  151083   88662   28870  174742  114286  139042]
15000.0
BuyProb = 0.27 Sellprob = 0.58
SellProb greater than 0.55 at 0.58 and Buyprob less than 0.50 at 0.27
Selling  
JPASSOCIAT
2018-02-22 03:18:02.341463
[ 16.5   16.55  16.5   16.55  16.55  16.55  16.5   16.45  16.5   16.5   16.5
  16.45  16.5   16.5   16.5   16.5   16.5   16.5   16.5   16.45  16.5
  16.45  16.45  16.5   16.45  16.45  16.4   16.45  16.5   16.45  16.45
  16.45  16.5   16.55  16.5   16.55  16.55  16.55  16.55  16.55  16.55
  16.55  16.55  16.5   16.55]
[ 90360  13565   7600  38708    500   1370   3345 158153  12660   8827
  17050 110492  27982  15997  18999   4055  10402  50800 168480  67160
  18167  67461  13151  37410  67286 181318  24754  46584  19216  45423
   1606  12941 310424 114890   3019 179204 176047  89057  22646 297501
  17831  59218 120433   7857  79726]
15000.0
BuyProb = 0.24 Sellprob = 0.14
No probabilities greater than thresholds, skipping
RCOM
2018-02-22 03:18:03.633620
[ 27.8   27.8   27.8   27.8   27.8   27.8   27.8   27.75  27.75  27.75
  27.75  27.75  27.75  27.75  27.75  27.7   27.75  27.7   27.7   27.7   27.7
  27.7   27.65  27.7   27.6   27.7   27.7   27.75  27.75  27.7   27.75
  27.75  27.8   27.8   27.8   27.8   27.8   27.8   27.8   27.75  27.75
  27.7   27.75  27.8   27.8 ]
[108617  20408   8981  18730  27715  14390  28342 136536  44459  45438
 232144  31798  10075  19066  24145 886212 157449 143909  47530  49282
  94865  64034 182621 319958 400269 367260  58297  74795  38803 170422
  53532  14497 428609  21410 298701 476439  22131 175295  54427   4084
  10983 143551 161046  22785   5602]
15000.0
BuyProb = 0.03 Sellprob = 0.40
No probabilities greater than thresholds, skipping
GMRINFRA
2018-02-22 03:19:00.979267
[ 17.7   17.7   17.75  17.7   17.7   17.65  17.65  17.7   17.7   17.75
  17.7   17.65  17.7   17.7   17.65  17.65  17.65  17.7   17.65  17.7   17.7
  17.65  17.65  17.65  17.65  17.65  17.7   17.7   17.7   17.65  17.7   17.7
  17.7   17.75  17.85  17.85  17.85  17.8   17.8   17.8   17.8   17.85
  17.8   17.85  17.75]
[  66150    7292   11788   28085  401835   55198   17720   60522  167375
   29507   20927  111046   97153   10339   77001   27520   24147    2756
   38015   35199  190909   98141   69508  180234   19943   16353    2628
   10684  114901   15219  231864    3653   27951   86495 1025897  500509
  203947  151083   88662   28870  174742  114286  139042   35543  144139]
15000.0
BuyProb = 0.31 Sellprob = 0.54
No probabilities greater than thresholds, skipping
JPASSOCIAT
2018-02-22 03:19:02.264037
[ 16.5   16.55  16.55  16.55  16.5   16.45  16.5   16.5   16.5   16.45
  16.5   16.5   16.5   16.5   16.5   16.5   16.5   16.45  16.5   16.45
  16.45  16.5   16.45  16.45  16.4   16.45  16.5   16.45  16.45  16.45
  16.5   16.55  16.5   16.55  16.55  16.55  16.55  16.55  16.55  16.55
  16.55  16.5   16.55  16.5   16.5 ]
[  7600  38708    500   1370   3345 158153  12660   8827  17050 110492
  27982  15997  18999   4055  10402  50800 168480  67160  18167  67461
  13151  37410  67286 181318  24754  46584  19216  45423   1606  12941
 310424 114890   3019 179204 176047  89057  22646 297501  17831  59218
 120433   7857  79726  16186  37850]
15000.0
BuyProb = 0.30 Sellprob = 0.14
No probabilities greater than thresholds, skipping
RCOM
2018-02-22 03:19:03.544491
[ 27.8   27.8   27.8   27.8   27.8   27.75  27.75  27.75  27.75  27.75
  27.75  27.75  27.75  27.7   27.75  27.7   27.7   27.7   27.7   27.7
  27.65  27.7   27.6   27.7   27.7   27.75  27.75  27.7   27.75  27.75
  27.8   27.8   27.8   27.8   27.8   27.8   27.8   27.75  27.75  27.7
  27.75  27.8   27.8   27.8   27.8 ]
[  8981  18730  27715  14390  28342 136536  44459  45438 232144  31798
  10075  19066  24145 886212 157449 143909  47530  49282  94865  64034
 182621 319958 400269 367260  58297  74795  38803 170422  53532  14497
 428609  21410 298701 476439  22131 175295  54427   4084  10983 143551
 161046  22785   5602   5703   2299]
15000.0
BuyProb = 0.03 Sellprob = 0.40
No probabilities greater than thresholds, skipping
GMRINFRA
2018-02-22 03:20:00.842246
[ 17.7   17.7   17.75  17.7   17.7   17.65  17.65  17.7   17.7   17.75
  17.7   17.65  17.7   17.7   17.65  17.65  17.65  17.7   17.65  17.7   17.7
  17.65  17.65  17.65  17.65  17.65  17.7   17.7   17.7   17.65  17.7   17.7
  17.7   17.75  17.85  17.85  17.85  17.8   17.8   17.8   17.8   17.85
  17.8   17.85  17.75]
[  66150    7292   11788   28085  401835   55198   17720   60522  167375
   29507   20927  111046   97153   10339   77001   27520   24147    2756
   38015   35199  190909   98141   69508  180234   19943   16353    2628
   10684  114901   15219  231864    3653   27951   86495 1025897  500509
  203947  151083   88662   28870  174742  114286  139042   35543  144139]
15000.0
BuyProb = 0.31 Sellprob = 0.54
No probabilities greater than thresholds, skipping
JPASSOCIAT
2018-02-22 03:20:02.145415
[ 16.5   16.55  16.55  16.55  16.5   16.45  16.5   16.5   16.5   16.45
  16.5   16.5   16.5   16.5   16.5   16.5   16.5   16.45  16.5   16.45
  16.45  16.5   16.45  16.45  16.4   16.45  16.5   16.45  16.45  16.45
  16.5   16.55  16.5   16.55  16.55  16.55  16.55  16.55  16.55  16.55
  16.55  16.5   16.55  16.5   16.5 ]
[  7600  38708    500   1370   3345 158153  12660   8827  17050 110492
  27982  15997  18999   4055  10402  50800 168480  67160  18167  67461
  13151  37410  67286 181318  24754  46584  19216  45423   1606  12941
 310424 114890   3019 179204 176047  89057  22646 297501  17831  59218
 120433   7857  79726  16186  37850]
15000.0
BuyProb = 0.30 Sellprob = 0.14
No probabilities greater than thresholds, skipping
RCOM
2018-02-22 03:20:03.421316
[ 27.8   27.8   27.8   27.8   27.8   27.75  27.75  27.75  27.75  27.75
  27.75  27.75  27.75  27.7   27.75  27.7   27.7   27.7   27.7   27.7
  27.65  27.7   27.6   27.7   27.7   27.75  27.75  27.7   27.75  27.75
  27.8   27.8   27.8   27.8   27.8   27.8   27.8   27.75  27.75  27.7
  27.75  27.8   27.8   27.8   27.8 ]
[  8981  18730  27715  14390  28342 136536  44459  45438 232144  31798
  10075  19066  24145 886212 157449 143909  47530  49282  94865  64034
 182621 319958 400269 367260  58297  74795  38803 170422  53532  14497
 428609  21410 298701 476439  22131 175295  54427   4084  10983 143551
 161046  22785   5602   5703   3167]
15000.0
BuyProb = 0.03 Sellprob = 0.40
No probabilities greater than thresholds, skipping
GMRINFRA
2018-02-22 03:21:00.725242
[ 17.7   17.75  17.7   17.7   17.65  17.65  17.7   17.7   17.75  17.7
  17.65  17.7   17.7   17.65  17.65  17.65  17.7   17.65  17.7   17.7
  17.65  17.65  17.65  17.65  17.65  17.7   17.7   17.7   17.65  17.7   17.7
  17.7   17.75  17.85  17.85  17.85  17.8   17.8   17.8   17.8   17.85
  17.8   17.85  17.75  17.8 ]
[   7292   11788   28085  401835   55198   17720   60522  167375   29507
   20927  111046   97153   10339   77001   27520   24147    2756   38015
   35199  190909   98141   69508  180234   19943   16353    2628   10684
  114901   15219  231864    3653   27951   86495 1025897  500509  203947
  151083   88662   28870  174742  114286  139042   35543  144439  210817]
15000.0
BuyProb = 0.32 Sellprob = 0.55
No probabilities greater than thresholds, skipping
JPASSOCIAT
2018-02-22 03:21:02.194972
[ 16.55  16.55  16.55  16.5   16.45  16.5   16.5   16.5   16.45  16.5   16.5
  16.5   16.5   16.5   16.5   16.5   16.45  16.5   16.45  16.45  16.5
  16.45  16.45  16.4   16.45  16.5   16.45  16.45  16.45  16.5   16.55
  16.5   16.55  16.55  16.55  16.55  16.55  16.55  16.55  16.55  16.5
  16.55  16.5   16.5   16.55]
[ 38708    500   1370   3345 158153  12660   8827  17050 110492  27982
  15997  18999   4055  10402  50800 168480  67160  18167  67461  13151
  37410  67286 181318  24754  46584  19216  45423   1606  12941 310424
 114890   3019 179204 176047  89057  22646 297501  17831  59218 120433
   7857  79726  16186  37923   2902]
15000.0
BuyProb = 0.25 Sellprob = 0.15
No probabilities greater than thresholds, skipping
RCOM
2018-02-22 03:21:04.022840
[ 27.8   27.8   27.8   27.8   27.75  27.75  27.75  27.75  27.75  27.75
  27.75  27.75  27.7   27.75  27.7   27.7   27.7   27.7   27.7   27.65
  27.7   27.6   27.7   27.7   27.75  27.75  27.7   27.75  27.75  27.8   27.8
  27.8   27.8   27.8   27.8   27.8   27.75  27.75  27.7   27.75  27.8   27.8
  27.8   27.8   27.75]
[ 18730  27715  14390  28342 136536  44459  45438 232144  31798  10075
  19066  24145 886212 157449 143909  47530  49282  94865  64034 182621
 319958 400269 367260  58297  74795  38803 170422  53532  14497 428609
  21410 298701 476439  22131 175295  54427   4084  10983 143551 161046
  22785   5602   5703   4161   8788]
15000.0
BuyProb = 0.03 Sellprob = 0.39
No probabilities greater than thresholds, skipping
GMRINFRA
2018-02-22 03:22:00.349521
[ 17.7   17.75  17.7   17.7   17.65  17.65  17.7   17.7   17.75  17.7
  17.65  17.7   17.7   17.65  17.65  17.65  17.7   17.65  17.7   17.7
  17.65  17.65  17.65  17.65  17.65  17.7   17.7   17.7   17.65  17.7   17.7
  17.7   17.75  17.85  17.85  17.85  17.8   17.8   17.8   17.8   17.85
  17.8   17.85  17.75  17.8 ]
[   7292   11788   28085  401835   55198   17720   60522  167375   29507
   20927  111046   97153   10339   77001   27520   24147    2756   38015
   35199  190909   98141   69508  180234   19943   16353    2628   10684
  114901   15219  231864    3653   27951   86495 1025897  500509  203947
  151083   88662   28870  174742  114286  139042   35543  144439  210817]
15000.0
BuyProb = 0.32 Sellprob = 0.55
No probabilities greater than thresholds, skipping
JPASSOCIAT
2018-02-22 03:22:01.629836
[ 16.55  16.55  16.55  16.5   16.45  16.5   16.5   16.5   16.45  16.5   16.5
  16.5   16.5   16.5   16.5   16.5   16.45  16.5   16.45  16.45  16.5
  16.45  16.45  16.4   16.45  16.5   16.45  16.45  16.45  16.5   16.55
  16.5   16.55  16.55  16.55  16.55  16.55  16.55  16.55  16.55  16.5
  16.55  16.5   16.5   16.55]
[ 38708    500   1370   3345 158153  12660   8827  17050 110492  27982
  15997  18999   4055  10402  50800 168480  67160  18167  67461  13151
  37410  67286 181318  24754  46584  19216  45423   1606  12941 310424
 114890   3019 179204 176047  89057  22646 297501  17831  59218 120433
   7857  79726  16186  37923   2902]
15000.0
BuyProb = 0.25 Sellprob = 0.15
No probabilities greater than thresholds, skipping
RCOM
2018-02-22 03:22:02.899422
[ 27.8   27.8   27.75  27.75  27.75  27.75  27.75  27.75  27.75  27.75
  27.7   27.75  27.7   27.7   27.7   27.7   27.7   27.65  27.7   27.6   27.7
  27.7   27.75  27.75  27.7   27.75  27.75  27.8   27.8   27.8   27.8   27.8
  27.8   27.8   27.75  27.75  27.7   27.75  27.8   27.8   27.8   27.8
  27.75  27.8   27.75]
[ 14390  28342 136536  44459  45438 232144  31798  10075  19066  24145
 886212 157449 143909  47530  49282  94865  64034 182621 319958 400269
 367260  58297  74795  38803 170422  53532  14497 428609  21410 298701
 476439  22131 175295  54427   4084  10983 143551 161046  22785   5602
   5703   4161   8788  18683  93951]
15000.0
BuyProb = 0.02 Sellprob = 0.36
No probabilities greater than thresholds, skipping
GMRINFRA
2018-02-22 03:23:01.222972
[ 17.7   17.7   17.65  17.65  17.7   17.7   17.75  17.7   17.65  17.7   17.7
  17.65  17.65  17.65  17.7   17.65  17.7   17.7   17.65  17.65  17.65
  17.65  17.65  17.7   17.7   17.7   17.65  17.7   17.7   17.7   17.75
  17.85  17.85  17.85  17.8   17.8   17.8   17.8   17.85  17.8   17.85
  17.75  17.8   17.8   17.8 ]
[  28085  401835   55198   17720   60522  167375   29507   20927  111046
   97153   10339   77001   27520   24147    2756   38015   35199  190909
   98141   69508  180234   19943   16353    2628   10684  114901   15219
  231864    3653   27951   86495 1025897  500509  203947  151083   88662
   28870  174742  114286  139042   35543  144439  210817  120080    5426]
15000.0
BuyProb = 0.29 Sellprob = 0.44
No probabilities greater than thresholds, skipping
JPASSOCIAT
2018-02-22 03:23:02.497637
[ 16.55  16.5   16.45  16.5   16.5   16.5   16.45  16.5   16.5   16.5   16.5
  16.5   16.5   16.5   16.45  16.5   16.45  16.45  16.5   16.45  16.45
  16.4   16.45  16.5   16.45  16.45  16.45  16.5   16.55  16.5   16.55
  16.55  16.55  16.55  16.55  16.55  16.55  16.55  16.5   16.55  16.5   16.5
  16.55  16.6   16.6 ]
[  1370   3345 158153  12660   8827  17050 110492  27982  15997  18999
   4055  10402  50800 168480  67160  18167  67461  13151  37410  67286
 181318  24754  46584  19216  45423   1606  12941 310424 114890   3019
 179204 176047  89057  22646 297501  17831  59218 120433   7857  79726
  16186  37923   2902 413733  59072]
15000.0
BuyProb = 0.29 Sellprob = 0.21
No probabilities greater than thresholds, skipping
RCOM
2018-02-22 03:23:03.821347
[ 27.8   27.8   27.75  27.75  27.75  27.75  27.75  27.75  27.75  27.75
  27.7   27.75  27.7   27.7   27.7   27.7   27.7   27.65  27.7   27.6   27.7
  27.7   27.75  27.75  27.7   27.75  27.75  27.8   27.8   27.8   27.8   27.8
  27.8   27.8   27.75  27.75  27.7   27.75  27.8   27.8   27.8   27.8
  27.75  27.8   27.75]
[ 14390  28342 136536  44459  45438 232144  31798  10075  19066  24145
 886212 157449 143909  47530  49282  94865  64034 182621 319958 400269
 367260  58297  74795  38803 170422  53532  14497 428609  21410 298701
 476439  22131 175295  54427   4084  10983 143551 161046  22785   5602
   5703   4161   8788  18683  93951]
15000.0
BuyProb = 0.02 Sellprob = 0.36
No probabilities greater than thresholds, skipping
GMRINFRA
2018-02-22 03:24:01.159454
[ 17.7   17.65  17.65  17.7   17.7   17.75  17.7   17.65  17.7   17.7
  17.65  17.65  17.65  17.7   17.65  17.7   17.7   17.65  17.65  17.65
  17.65  17.65  17.7   17.7   17.7   17.65  17.7   17.7   17.7   17.75
  17.85  17.85  17.85  17.8   17.8   17.8   17.8   17.85  17.8   17.85
  17.75  17.8   17.8   17.8   17.8 ]
[ 401835   55198   17720   60522  167375   29507   20927  111046   97153
   10339   77001   27520   24147    2756   38015   35199  190909   98141
   69508  180234   19943   16353    2628   10684  114901   15219  231864
    3653   27951   86495 1025897  500509  203947  151083   88662   28870
  174742  114286  139042   35543  144439  210817  120080    5426   12946]
15000.0
BuyProb = 0.29 Sellprob = 0.40
No probabilities greater than thresholds, skipping
JPASSOCIAT
2018-02-22 03:24:02.427964
[ 16.45  16.5   16.5   16.5   16.45  16.5   16.5   16.5   16.5   16.5   16.5
  16.5   16.45  16.5   16.45  16.45  16.5   16.45  16.45  16.4   16.45
  16.5   16.45  16.45  16.45  16.5   16.55  16.5   16.55  16.55  16.55
  16.55  16.55  16.55  16.55  16.55  16.5   16.55  16.5   16.5   16.55
  16.6   16.6   16.55  16.6 ]
[158153  12660   8827  17050 110492  27982  15997  18999   4055  10402
  50800 168480  67160  18167  67461  13151  37410  67286 181318  24754
  46584  19216  45423   1606  12941 310424 114890   3019 179204 176047
  89057  22646 297501  17831  59218 120433   7857  79726  16186  37923
   2902 413733  85272  45056   6759]
15000.0
BuyProb = 0.30 Sellprob = 0.15
No probabilities greater than thresholds, skipping
RCOM
2018-02-22 03:24:03.717082
[ 27.8   27.75  27.75  27.75  27.75  27.75  27.75  27.75  27.75  27.7
  27.75  27.7   27.7   27.7   27.7   27.7   27.65  27.7   27.6   27.7   27.7
  27.75  27.75  27.7   27.75  27.75  27.8   27.8   27.8   27.8   27.8   27.8
  27.8   27.75  27.75  27.7   27.75  27.8   27.8   27.8   27.8   27.75
  27.8   27.75  27.7 ]
[ 28342 136536  44459  45438 232144  31798  10075  19066  24145 886212
 157449 143909  47530  49282  94865  64034 182621 319958 400269 367260
  58297  74795  38803 170422  53532  14497 428609  21410 298701 476439
  22131 175295  54427   4084  10983 143551 161046  22785   5602   5703
   4161   8788  18683  97414 160504]
15000.0
BuyProb = 0.03 Sellprob = 0.36
No probabilities greater than thresholds, skipping
GMRINFRA
2018-02-22 03:25:01.073957
[ 17.65  17.7   17.7   17.75  17.7   17.65  17.7   17.7   17.65  17.65
  17.65  17.7   17.65  17.7   17.7   17.65  17.65  17.65  17.65  17.65
  17.7   17.7   17.7   17.65  17.7   17.7   17.7   17.75  17.85  17.85
  17.85  17.8   17.8   17.8   17.8   17.85  17.8   17.85  17.75  17.8   17.8
  17.8   17.8   17.8   17.8 ]
[  17720   60522  167375   29507   20927  111046   97153   10339   77001
   27520   24147    2756   38015   35199  190909   98141   69508  180234
   19943   16353    2628   10684  114901   15219  231864    3653   27951
   86495 1025897  500509  203947  151083   88662   28870  174742  114286
  139042   35543  144439  210817  120080    5426   12946    2989   31208]
15000.0
BuyProb = 0.28 Sellprob = 0.38
No probabilities greater than thresholds, skipping
JPASSOCIAT
2018-02-22 03:25:02.351675
[ 16.45  16.5   16.5   16.5   16.45  16.5   16.5   16.5   16.5   16.5   16.5
  16.5   16.45  16.5   16.45  16.45  16.5   16.45  16.45  16.4   16.45
  16.5   16.45  16.45  16.45  16.5   16.55  16.5   16.55  16.55  16.55
  16.55  16.55  16.55  16.55  16.55  16.5   16.55  16.5   16.5   16.55
  16.6   16.6   16.55  16.6 ]
[158153  12660   8827  17050 110492  27982  15997  18999   4055  10402
  50800 168480  67160  18167  67461  13151  37410  67286 181318  24754
  46584  19216  45423   1606  12941 310424 114890   3019 179204 176047
  89057  22646 297501  17831  59218 120433   7857  79726  16186  37923
   2902 413733  85272  45056   6759]
15000.0
BuyProb = 0.30 Sellprob = 0.15
No probabilities greater than thresholds, skipping
RCOM
2018-02-22 03:25:03.688079
[ 27.75  27.75  27.75  27.75  27.75  27.75  27.75  27.75  27.7   27.75
  27.7   27.7   27.7   27.7   27.7   27.65  27.7   27.6   27.7   27.7
  27.75  27.75  27.7   27.75  27.75  27.8   27.8   27.8   27.8   27.8   27.8
  27.8   27.75  27.75  27.7   27.75  27.8   27.8   27.8   27.8   27.75
  27.8   27.75  27.7   27.7 ]
[136536  44459  45438 232144  31798  10075  19066  24145 886212 157449
 143909  47530  49282  94865  64034 182621 319958 400269 367260  58297
  74795  38803 170422  53532  14497 428609  21410 298701 476439  22131
 175295  54427   4084  10983 143551 161046  22785   5602   5703   4161
   8788  18683  97414 160504  17161]
15000.0
BuyProb = 0.03 Sellprob = 0.38
No probabilities greater than thresholds, skipping
GMRINFRA
2018-02-22 03:26:01.004134
[ 17.65  17.7   17.7   17.75  17.7   17.65  17.7   17.7   17.65  17.65
  17.65  17.7   17.65  17.7   17.7   17.65  17.65  17.65  17.65  17.65
  17.7   17.7   17.7   17.65  17.7   17.7   17.7   17.75  17.85  17.85
  17.85  17.8   17.8   17.8   17.8   17.85  17.8   17.85  17.75  17.8   17.8
  17.8   17.8   17.8   17.8 ]
[  17720   60522  167375   29507   20927  111046   97153   10339   77001
   27520   24147    2756   38015   35199  190909   98141   69508  180234
   19943   16353    2628   10684  114901   15219  231864    3653   27951
   86495 1025897  500509  203947  151083   88662   28870  174742  114286
  139042   35543  144439  210817  120080    5426   12946    2989   33008]
15000.0
BuyProb = 0.28 Sellprob = 0.38
No probabilities greater than thresholds, skipping
JPASSOCIAT
2018-02-22 03:26:02.377559
[ 16.5   16.5   16.5   16.45  16.5   16.5   16.5   16.5   16.5   16.5   16.5
  16.45  16.5   16.45  16.45  16.5   16.45  16.45  16.4   16.45  16.5
  16.45  16.45  16.45  16.5   16.55  16.5   16.55  16.55  16.55  16.55
  16.55  16.55  16.55  16.55  16.5   16.55  16.5   16.5   16.55  16.6   16.6
  16.55  16.6   16.6 ]
[ 12660   8827  17050 110492  27982  15997  18999   4055  10402  50800
 168480  67160  18167  67461  13151  37410  67286 181318  24754  46584
  19216  45423   1606  12941 310424 114890   3019 179204 176047  89057
  22646 297501  17831  59218 120433   7857  79726  16186  37923   2902
 413733  85272  45056   6759  38705]
15000.0
BuyProb = 0.27 Sellprob = 0.19
No probabilities greater than thresholds, skipping
RCOM
2018-02-22 03:26:03.664462
[ 27.75  27.75  27.75  27.75  27.75  27.75  27.75  27.7   27.75  27.7   27.7
  27.7   27.7   27.7   27.65  27.7   27.6   27.7   27.7   27.75  27.75
  27.7   27.75  27.75  27.8   27.8   27.8   27.8   27.8   27.8   27.8
  27.75  27.75  27.7   27.75  27.8   27.8   27.8   27.8   27.75  27.8
  27.75  27.7   27.7   27.7 ]
[ 44459  45438 232144  31798  10075  19066  24145 886212 157449 143909
  47530  49282  94865  64034 182621 319958 400269 367260  58297  74795
  38803 170422  53532  14497 428609  21410 298701 476439  22131 175295
  54427   4084  10983 143551 161046  22785   5602   5703   4161   8788
  18683  97414 160504  20031  13143]
15000.0
BuyProb = 0.03 Sellprob = 0.36
No probabilities greater than thresholds, skipping
GMRINFRA
2018-02-22 03:27:00.996462
[ 17.65  17.7   17.7   17.75  17.7   17.65  17.7   17.7   17.65  17.65
  17.65  17.7   17.65  17.7   17.7   17.65  17.65  17.65  17.65  17.65
  17.7   17.7   17.7   17.65  17.7   17.7   17.7   17.75  17.85  17.85
  17.85  17.8   17.8   17.8   17.8   17.85  17.8   17.85  17.75  17.8   17.8
  17.8   17.8   17.8   17.8 ]
[  17720   60522  167375   29507   20927  111046   97153   10339   77001
   27520   24147    2756   38015   35199  190909   98141   69508  180234
   19943   16353    2628   10684  114901   15219  231864    3653   27951
   86495 1025897  500509  203947  151083   88662   28870  174742  114286
  139042   35543  144439  210817  120080    5426   12946    2989   33008]
15000.0
BuyProb = 0.28 Sellprob = 0.38
No probabilities greater than thresholds, skipping
JPASSOCIAT
2018-02-22 03:27:02.308412
[ 16.5   16.5   16.5   16.45  16.5   16.5   16.5   16.5   16.5   16.5   16.5
  16.45  16.5   16.45  16.45  16.5   16.45  16.45  16.4   16.45  16.5
  16.45  16.45  16.45  16.5   16.55  16.5   16.55  16.55  16.55  16.55
  16.55  16.55  16.55  16.55  16.5   16.55  16.5   16.5   16.55  16.6   16.6
  16.55  16.6   16.6 ]
[ 12660   8827  17050 110492  27982  15997  18999   4055  10402  50800
 168480  67160  18167  67461  13151  37410  67286 181318  24754  46584
  19216  45423   1606  12941 310424 114890   3019 179204 176047  89057
  22646 297501  17831  59218 120433   7857  79726  16186  37923   2902
 413733  85272  45056   6759  38705]
15000.0
BuyProb = 0.27 Sellprob = 0.19
No probabilities greater than thresholds, skipping
RCOM
2018-02-22 03:27:03.696390
[ 27.75  27.75  27.75  27.75  27.75  27.75  27.7   27.75  27.7   27.7   27.7
  27.7   27.7   27.65  27.7   27.6   27.7   27.7   27.75  27.75  27.7
  27.75  27.75  27.8   27.8   27.8   27.8   27.8   27.8   27.8   27.75
  27.75  27.7   27.75  27.8   27.8   27.8   27.8   27.75  27.8   27.75
  27.7   27.7   27.75  27.75]
[ 45438 232144  31798  10075  19066  24145 886212 157449 143909  47530
  49282  94865  64034 182621 319958 400269 367260  58297  74795  38803
 170422  53532  14497 428609  21410 298701 476439  22131 175295  54427
   4084  10983 143551 161046  22785   5602   5703   4161   8788  18683
  97414 160504  20031  36776   3683]
15000.0
BuyProb = 0.02 Sellprob = 0.33
No probabilities greater than thresholds, skipping
GMRINFRA
2018-02-22 03:28:01.048384
[ 17.7   17.75  17.7   17.65  17.7   17.7   17.65  17.65  17.65  17.7
  17.65  17.7   17.7   17.65  17.65  17.65  17.65  17.65  17.7   17.7   17.7
  17.65  17.7   17.7   17.7   17.75  17.85  17.85  17.85  17.8   17.8   17.8
  17.8   17.85  17.8   17.85  17.75  17.8   17.8   17.8   17.8   17.8   17.8
  17.8   17.85]
[ 167375   29507   20927  111046   97153   10339   77001   27520   24147
    2756   38015   35199  190909   98141   69508  180234   19943   16353
    2628   10684  114901   15219  231864    3653   27951   86495 1025897
  500509  203947  151083   88662   28870  174742  114286  139042   35543
  144439  210817  120080    5426   12946    2989   33008  202772  439271]
15000.0
BuyProb = 0.40 Sellprob = 0.55
SellProb greater than 0.55 at 0.55 and Buyprob less than 0.50 at 0.40
Selling  
JPASSOCIAT
2018-02-22 03:28:02.337620
[ 16.45  16.5   16.5   16.5   16.5   16.5   16.5   16.5   16.45  16.5
  16.45  16.45  16.5   16.45  16.45  16.4   16.45  16.5   16.45  16.45
  16.45  16.5   16.55  16.5   16.55  16.55  16.55  16.55  16.55  16.55
  16.55  16.55  16.5   16.55  16.5   16.5   16.55  16.6   16.6   16.55
  16.6   16.6   16.6   16.6   16.6 ]
[110492  27982  15997  18999   4055  10402  50800 168480  67160  18167
  67461  13151  37410  67286 181318  24754  46584  19216  45423   1606
  12941 310424 114890   3019 179204 176047  89057  22646 297501  17831
  59218 120433   7857  79726  16186  37923   2902 413733  85272  45056
   6759  38705   7658 189820  30061]
15000.0
BuyProb = 0.29 Sellprob = 0.15
No probabilities greater than thresholds, skipping
RCOM
2018-02-22 03:28:03.601712
[ 27.75  27.75  27.75  27.75  27.7   27.75  27.7   27.7   27.7   27.7   27.7
  27.65  27.7   27.6   27.7   27.7   27.75  27.75  27.7   27.75  27.75
  27.8   27.8   27.8   27.8   27.8   27.8   27.8   27.75  27.75  27.7
  27.75  27.8   27.8   27.8   27.8   27.75  27.8   27.75  27.7   27.7
  27.75  27.75  27.7   27.75]
[ 31798  10075  19066  24145 886212 157449 143909  47530  49282  94865
  64034 182621 319958 400269 367260  58297  74795  38803 170422  53532
  14497 428609  21410 298701 476439  22131 175295  54427   4084  10983
 143551 161046  22785   5602   5703   4161   8788  18683  97414 160504
  20031  36776  46772 126273  24354]
15000.0
BuyProb = 0.03 Sellprob = 0.37
No probabilities greater than thresholds, skipping
GMRINFRA
2018-02-22 03:29:00.926419
[ 17.7   17.75  17.7   17.65  17.7   17.7   17.65  17.65  17.65  17.7
  17.65  17.7   17.7   17.65  17.65  17.65  17.65  17.65  17.7   17.7   17.7
  17.65  17.7   17.7   17.7   17.75  17.85  17.85  17.85  17.8   17.8   17.8
  17.8   17.85  17.8   17.85  17.75  17.8   17.8   17.8   17.8   17.8   17.8
  17.8   17.85]
[ 167375   29507   20927  111046   97153   10339   77001   27520   24147
    2756   38015   35199  190909   98141   69508  180234   19943   16353
    2628   10684  114901   15219  231864    3653   27951   86495 1025897
  500509  203947  151083   88662   28870  174742  114286  139042   35543
  144439  210817  120080    5426   12946    2989   33008  202772  439271]
15000.0
BuyProb = 0.40 Sellprob = 0.55
SellProb greater than 0.55 at 0.55 and Buyprob less than 0.50 at 0.40
Selling  
JPASSOCIAT
2018-02-22 03:29:02.216113
[ 16.5   16.45  16.5   16.5   16.5   16.5   16.5   16.5   16.5   16.45
  16.5   16.45  16.45  16.5   16.45  16.45  16.4   16.45  16.5   16.45
  16.45  16.45  16.5   16.55  16.5   16.55  16.55  16.55  16.55  16.55
  16.55  16.55  16.55  16.5   16.55  16.5   16.5   16.55  16.6   16.6
  16.55  16.6   16.6   16.6   16.6 ]
[ 17050 110492  27982  15997  18999   4055  10402  50800 168480  67160
  18167  67461  13151  37410  67286 181318  24754  46584  19216  45423
   1606  12941 310424 114890   3019 179204 176047  89057  22646 297501
  17831  59218 120433   7857  79726  16186  37923   2902 413733  85272
  45056   6759  38705   7658 189820]
15000.0
BuyProb = 0.28 Sellprob = 0.16
No probabilities greater than thresholds, skipping
RCOM
2018-02-22 03:29:03.521829
[ 27.75  27.75  27.75  27.75  27.7   27.75  27.7   27.7   27.7   27.7   27.7
  27.65  27.7   27.6   27.7   27.7   27.75  27.75  27.7   27.75  27.75
  27.8   27.8   27.8   27.8   27.8   27.8   27.8   27.75  27.75  27.7
  27.75  27.8   27.8   27.8   27.8   27.75  27.8   27.75  27.7   27.7
  27.75  27.75  27.7   27.75]
[ 31798  10075  19066  24145 886212 157449 143909  47530  49282  94865
  64034 182621 319958 400269 367260  58297  74795  38803 170422  53532
  14497 428609  21410 298701 476439  22131 175295  54427   4084  10983
 143551 161046  22785   5602   5703   4161   8788  18683  97414 160504
  20031  36776  46772 126273  24354]
15000.0
BuyProb = 0.03 Sellprob = 0.37
No probabilities greater than thresholds, skipping
GMRINFRA
2018-02-22 03:30:00.852798
[ 17.7   17.65  17.7   17.7   17.65  17.65  17.65  17.7   17.65  17.7   17.7
  17.65  17.65  17.65  17.65  17.65  17.7   17.7   17.7   17.65  17.7   17.7
  17.7   17.75  17.85  17.85  17.85  17.8   17.8   17.8   17.8   17.85
  17.8   17.85  17.75  17.8   17.8   17.8   17.8   17.8   17.8   17.8
  17.85  17.85  17.85]
[  20927  111046   97153   10339   77001   27520   24147    2756   38015
   35199  190909   98141   69508  180234   19943   16353    2628   10684
  114901   15219  231864    3653   27951   86495 1025897  500509  203947
  151083   88662   28870  174742  114286  139042   35543  144439  210817
  120080    5426   12946    2989   33008  202772  439271  377707   92674]
15000.0
BuyProb = 0.38 Sellprob = 0.50
No probabilities greater than thresholds, skipping
JPASSOCIAT
2018-02-22 03:30:02.145580
[ 16.5   16.5   16.5   16.5   16.5   16.5   16.5   16.45  16.5   16.45
  16.45  16.5   16.45  16.45  16.4   16.45  16.5   16.45  16.45  16.45
  16.5   16.55  16.5   16.55  16.55  16.55  16.55  16.55  16.55  16.55
  16.55  16.5   16.55  16.5   16.5   16.55  16.6   16.6   16.55  16.6   16.6
  16.6   16.6   16.65  16.65]
[ 27982  15997  18999   4055  10402  50800 168480  67160  18167  67461
  13151  37410  67286 181318  24754  46584  19216  45423   1606  12941
 310424 114890   3019 179204 176047  89057  22646 297501  17831  59218
 120433   7857  79726  16186  37923   2902 413733  85272  45056   6759
  38705   7658 189820  36061  11898]
15000.0
BuyProb = 0.30 Sellprob = 0.25
No probabilities greater than thresholds, skipping
RCOM
2018-02-22 03:30:03.412719
[ 27.75  27.75  27.75  27.7   27.75  27.7   27.7   27.7   27.7   27.7
  27.65  27.7   27.6   27.7   27.7   27.75  27.75  27.7   27.75  27.75
  27.8   27.8   27.8   27.8   27.8   27.8   27.8   27.75  27.75  27.7
  27.75  27.8   27.8   27.8   27.8   27.75  27.8   27.75  27.7   27.7
  27.75  27.75  27.7   27.75  27.75]
[ 10075  19066  24145 886212 157449 143909  47530  49282  94865  64034
 182621 319958 400269 367260  58297  74795  38803 170422  53532  14497
 428609  21410 298701 476439  22131 175295  54427   4084  10983 143551
 161046  22785   5602   5703   4161   8788  18683  97414 160504  20031
  36776  46772 126273  29514  26274]
15000.0
BuyProb = 0.02 Sellprob = 0.34
No probabilities greater than thresholds, skipping
