ZN9243 has logged in
['GMRINFRA', 'JPASSOCIAT', 'RCOM', 'SUZLON']
[3463169, 2933761, 3375873, 3076609]
Initial Setup Complete
GMRINFRA
2018-02-28 12:08:10.631112+05:30
[19.2  19.15 19.2  19.2  19.2  19.2  19.15 19.2  19.25 19.2  19.15 19.15
 19.2  19.2  19.15 19.15 19.15 19.2  19.25 19.25 19.2  19.2  19.25 19.25
 19.15 19.15 19.2  19.15 19.15 19.15 19.15 19.15 19.1  19.15 19.1  19.15
 19.15 19.1  19.15 19.2  19.2  19.2  19.15 19.15 19.1 ]
[ 54483  59159   4502   6525  31330  19341  26371  66001  12651  17049
 109174  11337   4899  10079  14500  12148   6799  27425  13577  67144
  36644   8430   4162 211756   9268  11841  10045 163161 123305  72560
  12548   4654  61272   9113  11050   6816   2705  12421   9240  57378
   7124   6744   5861  22017   8947]
We already hold 30000 of GMRINFRA 
BuyProb = 0.44 Sellprob = 0.50
No probabilities greater than thresholds, skipping
JPASSOCIAT
2018-02-28 12:08:13.462582+05:30
[18.25 18.25 18.2  18.2  18.25 18.25 18.25 18.25 18.2  18.25 18.2  18.25
 18.25 18.2  18.2  18.2  18.2  18.2  18.2  18.2  18.2  18.2  18.2  18.2
 18.2  18.15 18.15 18.15 18.15 18.2  18.2  18.2  18.15 18.2  18.15 18.2
 18.2  18.15 18.2  18.2  18.2  18.2  18.15 18.15 18.15]
[ 12665   4536  20296   8865   5834   8561   7264   1167   1427   7918
   6266   2210   3141 241339   5189 262015   7451   9654  11094   1744
   5502  10804   1904   2213   1993   3777    909  21341   8294   3271
   1151   2721   2287   3838  22159   3762   8937   8139   6398   3243
  43013  19376   7012   6376 117260]
We already hold 0 of JPASSOCIAT 
BuyProb = 0.07 Sellprob = 0.22
No probabilities greater than thresholds, skipping
RCOM
2018-02-28 12:08:15.886199+05:30
[28.15 28.2  28.2  28.15 28.1  28.1  28.1  28.05 28.1  28.1  28.1  28.1
 28.1  28.1  28.1  28.1  28.1  28.1  28.1  28.1  28.05 28.1  28.1  28.05
 28.1  28.   28.05 28.   28.   28.1  28.   28.05 28.   28.   27.85 27.85
 27.85 27.85 27.9  28.   28.   28.   27.95 27.9  27.95]
[112956  20584  46758  30338  56607  23206 175817 112309  13823  31300
   9544  27113  34615 160591  34534  18181  65361  11185  14037 160014
  64480  95793  18000  18602 213655  53712  15380  33934  29204 144809
 238263  18885 607770  26464 606460 287465 349307 213134  42738 193894
 541209  94809 151767 116416  11807]
We already hold 0 of RCOM 
BuyProb = 0.22 Sellprob = 0.45
No probabilities greater than thresholds, skipping
SUZLON
2018-02-28 12:08:18.296420+05:30
[12.9  12.9  12.9  12.85 12.9  12.85 12.9  12.9  12.85 12.9  12.85 12.9
 12.9  12.9  12.85 12.85 12.85 12.9  12.85 12.85 12.85 12.9  12.85 12.9
 12.9  12.9  12.9  12.9  12.9  12.9  12.85 12.85 12.85 12.85 12.85 12.9
 12.85 12.85 12.9  12.9  12.85 12.9  12.85 12.85 12.85]
[  4840   5329    408   3505   6560  10127   3599   2087   1104   1001
   2620    416  10960 587736  86218    295  61087 147079  25929  10280
   4640  12059      1  10406    600  16370     11  14140   5560   2955
   1078  32455   1268  26760  25656     42   4925   1802   6041   1589
   1502   5545  11841 388553      3]
BuyProb = 0.39 Sellprob = 0.14
No probabilities greater than thresholds, skipping
_________________________________________________________________
GMRINFRA
2018-02-28 12:09:10.741194+05:30
[19.15 19.2  19.2  19.2  19.2  19.15 19.2  19.25 19.2  19.15 19.15 19.2
 19.2  19.15 19.15 19.15 19.2  19.25 19.25 19.2  19.2  19.25 19.25 19.15
 19.15 19.2  19.15 19.15 19.15 19.15 19.15 19.1  19.15 19.1  19.15 19.15
 19.1  19.15 19.2  19.2  19.2  19.15 19.15 19.1  19.15]
[ 59159   4502   6525  31330  19341  26371  66001  12651  17049 109174
  11337   4899  10079  14500  12148   6799  27425  13577  67144  36644
   8430   4162 211756   9268  11841  10045 163161 123305  72560  12548
   4654  61272   9113  11050   6816   2705  12421   9240  57378   7124
   6744   5861  22017  12469   5504]
We already hold 30000 of GMRINFRA 
BuyProb = 0.32 Sellprob = 0.60
SellProb greater than 0.55 at 0.60 and Buyprob less than 0.50 at 0.32
SELLING
JPASSOCIAT
2018-02-28 12:09:12.080601+05:30
[18.25 18.2  18.2  18.25 18.25 18.25 18.25 18.2  18.25 18.2  18.25 18.25
 18.2  18.2  18.2  18.2  18.2  18.2  18.2  18.2  18.2  18.2  18.2  18.2
 18.15 18.15 18.15 18.15 18.2  18.2  18.2  18.15 18.2  18.15 18.2  18.2
 18.15 18.2  18.2  18.2  18.2  18.15 18.15 18.15 18.15]
[  4536  20296   8865   5834   8561   7264   1167   1427   7918   6266
   2210   3141 241339   5189 262015   7451   9654  11094   1744   5502
  10804   1904   2213   1993   3777    909  21341   8294   3271   1151
   2721   2287   3838  22159   3762   8937   8139   6398   3243  43013
  19376   7012   6376 117260  84771]
We already hold 0 of JPASSOCIAT 
BuyProb = 0.08 Sellprob = 0.22
No probabilities greater than thresholds, skipping
RCOM
2018-02-28 12:09:13.380793+05:30
[28.2  28.2  28.15 28.1  28.1  28.1  28.05 28.1  28.1  28.1  28.1  28.1
 28.1  28.1  28.1  28.1  28.1  28.1  28.1  28.05 28.1  28.1  28.05 28.1
 28.   28.05 28.   28.   28.1  28.   28.05 28.   28.   27.85 27.85 27.85
 27.85 27.9  28.   28.   28.   27.95 27.9  27.95 27.9 ]
[ 20584  46758  30338  56607  23206 175817 112309  13823  31300   9544
  27113  34615 160591  34534  18181  65361  11185  14037 160014  64480
  95793  18000  18602 213655  53712  15380  33934  29204 144809 238263
  18885 607770  26464 606460 287465 349307 213134  42738 193894 541209
  94809 151767 116416  11807  22919]
We already hold 0 of RCOM 
BuyProb = 0.24 Sellprob = 0.45
No probabilities greater than thresholds, skipping
SUZLON
2018-02-28 12:09:14.656706+05:30
[12.9  12.9  12.85 12.9  12.85 12.9  12.9  12.85 12.9  12.85 12.9  12.9
 12.9  12.85 12.85 12.85 12.9  12.85 12.85 12.85 12.9  12.85 12.9  12.9
 12.9  12.9  12.9  12.9  12.9  12.85 12.85 12.85 12.85 12.85 12.9  12.85
 12.85 12.9  12.9  12.85 12.9  12.85 12.85 12.85 12.8 ]
[  5329    408   3505   6560  10127   3599   2087   1104   1001   2620
    416  10960 587736  86218    295  61087 147079  25929  10280   4640
  12059      1  10406    600  16370     11  14140   5560   2955   1078
  32455   1268  26760  25656     42   4925   1802   6041   1589   1502
   5545  11841 388553      3   1323]
BuyProb = 0.24 Sellprob = 0.21
No probabilities greater than thresholds, skipping
_________________________________________________________________
GMRINFRA
2018-02-28 12:10:10.985353+05:30
[19.2  19.2  19.2  19.2  19.15 19.2  19.25 19.2  19.15 19.15 19.2  19.2
 19.15 19.15 19.15 19.2  19.25 19.25 19.2  19.2  19.25 19.25 19.15 19.15
 19.2  19.15 19.15 19.15 19.15 19.15 19.1  19.15 19.1  19.15 19.15 19.1
 19.15 19.2  19.2  19.2  19.15 19.15 19.1  19.15 19.05]
[  4502   6525  31330  19341  26371  66001  12651  17049 109174  11337
   4899  10079  14500  12148   6799  27425  13577  67144  36644   8430
   4162 211756   9268  11841  10045 163161 123305  72560  12548   4654
  61272   9113  11050   6816   2705  12421   9240  57378   7124   6744
   5861  22017  12469   5504 813041]
We already hold 0 of GMRINFRA 
BuyProb = 0.39 Sellprob = 0.24
No probabilities greater than thresholds, skipping
JPASSOCIAT
2018-02-28 12:10:12.285204+05:30
[18.25 18.2  18.2  18.25 18.25 18.25 18.25 18.2  18.25 18.2  18.25 18.25
 18.2  18.2  18.2  18.2  18.2  18.2  18.2  18.2  18.2  18.2  18.2  18.2
 18.15 18.15 18.15 18.15 18.2  18.2  18.2  18.15 18.2  18.15 18.2  18.2
 18.15 18.2  18.2  18.2  18.2  18.15 18.15 18.15 18.15]
[  4536  20296   8865   5834   8561   7264   1167   1427   7918   6266
   2210   3141 241339   5189 262015   7451   9654  11094   1744   5502
  10804   1904   2213   1993   3777    909  21341   8294   3271   1151
   2721   2287   3838  22159   3762   8937   8139   6398   3243  43013
  19376   7012   6376 117260  84771]
We already hold 0 of JPASSOCIAT 
BuyProb = 0.08 Sellprob = 0.22
No probabilities greater than thresholds, skipping
RCOM
2018-02-28 12:10:13.556403+05:30
[28.2  28.15 28.1  28.1  28.1  28.05 28.1  28.1  28.1  28.1  28.1  28.1
 28.1  28.1  28.1  28.1  28.1  28.1  28.05 28.1  28.1  28.05 28.1  28.
 28.05 28.   28.   28.1  28.   28.05 28.   28.   27.85 27.85 27.85 27.85
 27.9  28.   28.   28.   27.95 27.9  27.95 27.9  27.85]
[ 46758  30338  56607  23206 175817 112309  13823  31300   9544  27113
  34615 160591  34534  18181  65361  11185  14037 160014  64480  95793
  18000  18602 213655  53712  15380  33934  29204 144809 238263  18885
 607770  26464 606460 287465 349307 213134  42738 193894 541209  94809
 151767 116416  11807  27721 444950]
We already hold 0 of RCOM 
BuyProb = 0.23 Sellprob = 0.47
No probabilities greater than thresholds, skipping
SUZLON
2018-02-28 12:10:14.840857+05:30
[12.9  12.85 12.9  12.85 12.9  12.9  12.85 12.9  12.85 12.9  12.9  12.9
 12.85 12.85 12.85 12.9  12.85 12.85 12.85 12.9  12.85 12.9  12.9  12.9
 12.9  12.9  12.9  12.9  12.85 12.85 12.85 12.85 12.85 12.9  12.85 12.85
 12.9  12.9  12.85 12.9  12.85 12.85 12.85 12.8  12.8 ]
[   408   3505   6560  10127   3599   2087   1104   1001   2620    416
  10960 587736  86218    295  61087 147079  25929  10280   4640  12059
      1  10406    600  16370     11  14140   5560   2955   1078  32455
   1268  26760  25656     42   4925   1802   6041   1589   1502   5545
  11841 388553      3   1323  10135]
BuyProb = 0.22 Sellprob = 0.20
No probabilities greater than thresholds, skipping
_________________________________________________________________
GMRINFRA
2018-02-28 12:11:11.175840+05:30
[19.2  19.2  19.2  19.15 19.2  19.25 19.2  19.15 19.15 19.2  19.2  19.15
 19.15 19.15 19.2  19.25 19.25 19.2  19.2  19.25 19.25 19.15 19.15 19.2
 19.15 19.15 19.15 19.15 19.15 19.1  19.15 19.1  19.15 19.15 19.1  19.15
 19.2  19.2  19.2  19.15 19.15 19.1  19.15 19.05 19.1 ]
[  6525  31330  19341  26371  66001  12651  17049 109174  11337   4899
  10079  14500  12148   6799  27425  13577  67144  36644   8430   4162
 211756   9268  11841  10045 163161 123305  72560  12548   4654  61272
   9113  11050   6816   2705  12421   9240  57378   7124   6744   5861
  22017  12469   5504 823863   8400]
We already hold 0 of GMRINFRA 
BuyProb = 0.27 Sellprob = 0.21
No probabilities greater than thresholds, skipping
JPASSOCIAT
2018-02-28 12:11:12.641903+05:30
[18.2  18.25 18.25 18.25 18.25 18.2  18.25 18.2  18.25 18.25 18.2  18.2
 18.2  18.2  18.2  18.2  18.2  18.2  18.2  18.2  18.2  18.2  18.15 18.15
 18.15 18.15 18.2  18.2  18.2  18.15 18.2  18.15 18.2  18.2  18.15 18.2
 18.2  18.2  18.2  18.15 18.15 18.15 18.15 18.1  18.1 ]
[  8865   5834   8561   7264   1167   1427   7918   6266   2210   3141
 241339   5189 262015   7451   9654  11094   1744   5502  10804   1904
   2213   1993   3777    909  21341   8294   3271   1151   2721   2287
   3838  22159   3762   8937   8139   6398   3243  43013  19376   7012
   6376 117260  84771  12848 296080]
We already hold 0 of JPASSOCIAT 
BuyProb = 0.11 Sellprob = 0.30
No probabilities greater than thresholds, skipping
RCOM
2018-02-28 12:11:13.902695+05:30
[28.15 28.1  28.1  28.1  28.05 28.1  28.1  28.1  28.1  28.1  28.1  28.1
 28.1  28.1  28.1  28.1  28.1  28.05 28.1  28.1  28.05 28.1  28.   28.05
 28.   28.   28.1  28.   28.05 28.   28.   27.85 27.85 27.85 27.85 27.9
 28.   28.   28.   27.95 27.9  27.95 27.9  27.85 27.75]
[ 30338  56607  23206 175817 112309  13823  31300   9544  27113  34615
 160591  34534  18181  65361  11185  14037 160014  64480  95793  18000
  18602 213655  53712  15380  33934  29204 144809 238263  18885 607770
  26464 606460 287465 349307 213134  42738 193894 541209  94809 151767
 116416  11807  27721 444950 322525]
We already hold 0 of RCOM 
BuyProb = 0.37 Sellprob = 0.45
No probabilities greater than thresholds, skipping
SUZLON
2018-02-28 12:11:15.177304+05:30
[12.85 12.9  12.85 12.9  12.9  12.85 12.9  12.85 12.9  12.9  12.9  12.85
 12.85 12.85 12.9  12.85 12.85 12.85 12.9  12.85 12.9  12.9  12.9  12.9
 12.9  12.9  12.9  12.85 12.85 12.85 12.85 12.85 12.9  12.85 12.85 12.9
 12.9  12.85 12.9  12.85 12.85 12.85 12.8  12.8  12.8 ]
[  3505   6560  10127   3599   2087   1104   1001   2620    416  10960
 587736  86218    295  61087 147079  25929  10280   4640  12059      1
  10406    600  16370     11  14140   5560   2955   1078  32455   1268
  26760  25656     42   4925   1802   6041   1589   1502   5545  11841
 388553      3   1323  10145   2210]
BuyProb = 0.20 Sellprob = 0.18
No probabilities greater than thresholds, skipping
_________________________________________________________________
GMRINFRA
2018-02-28 12:12:10.485021+05:30
[19.2  19.2  19.2  19.15 19.2  19.25 19.2  19.15 19.15 19.2  19.2  19.15
 19.15 19.15 19.2  19.25 19.25 19.2  19.2  19.25 19.25 19.15 19.15 19.2
 19.15 19.15 19.15 19.15 19.15 19.1  19.15 19.1  19.15 19.15 19.1  19.15
 19.2  19.2  19.2  19.15 19.15 19.1  19.15 19.05 19.05]
[  6525  31330  19341  26371  66001  12651  17049 109174  11337   4899
  10079  14500  12148   6799  27425  13577  67144  36644   8430   4162
 211756   9268  11841  10045 163161 123305  72560  12548   4654  61272
   9113  11050   6816   2705  12421   9240  57378   7124   6744   5861
  22017  12469   5504 823863   9401]
We already hold 0 of GMRINFRA 
BuyProb = 0.35 Sellprob = 0.19
No probabilities greater than thresholds, skipping
JPASSOCIAT
2018-02-28 12:12:11.750946+05:30
[18.25 18.25 18.25 18.25 18.2  18.25 18.2  18.25 18.25 18.2  18.2  18.2
 18.2  18.2  18.2  18.2  18.2  18.2  18.2  18.2  18.2  18.15 18.15 18.15
 18.15 18.2  18.2  18.2  18.15 18.2  18.15 18.2  18.2  18.15 18.2  18.2
 18.2  18.2  18.15 18.15 18.15 18.15 18.1  18.1  18.1 ]
[  5834   8561   7264   1167   1427   7918   6266   2210   3141 241339
   5189 262015   7451   9654  11094   1744   5502  10804   1904   2213
   1993   3777    909  21341   8294   3271   1151   2721   2287   3838
  22159   3762   8937   8139   6398   3243  43013  19376   7012   6376
 117260  84771  12848 296080  56110]
We already hold 0 of JPASSOCIAT 
BuyProb = 0.14 Sellprob = 0.30
No probabilities greater than thresholds, skipping
RCOM
2018-02-28 12:12:13.027551+05:30
[28.1  28.1  28.1  28.05 28.1  28.1  28.1  28.1  28.1  28.1  28.1  28.1
 28.1  28.1  28.1  28.1  28.05 28.1  28.1  28.05 28.1  28.   28.05 28.
 28.   28.1  28.   28.05 28.   28.   27.85 27.85 27.85 27.85 27.9  28.
 28.   28.   27.95 27.9  27.95 27.9  27.85 27.75 27.8 ]
[ 56607  23206 175817 112309  13823  31300   9544  27113  34615 160591
  34534  18181  65361  11185  14037 160014  64480  95793  18000  18602
 213655  53712  15380  33934  29204 144809 238263  18885 607770  26464
 606460 287465 349307 213134  42738 193894 541209  94809 151767 116416
  11807  27721 444950 322525  26944]
We already hold 0 of RCOM 
BuyProb = 0.31 Sellprob = 0.38
No probabilities greater than thresholds, skipping
SUZLON
2018-02-28 12:12:14.301335+05:30
[12.9  12.85 12.9  12.9  12.85 12.9  12.85 12.9  12.9  12.9  12.85 12.85
 12.85 12.9  12.85 12.85 12.85 12.9  12.85 12.9  12.9  12.9  12.9  12.9
 12.9  12.9  12.85 12.85 12.85 12.85 12.85 12.9  12.85 12.85 12.9  12.9
 12.85 12.9  12.85 12.85 12.85 12.8  12.8  12.8  12.85]
[  6560  10127   3599   2087   1104   1001   2620    416  10960 587736
  86218    295  61087 147079  25929  10280   4640  12059      1  10406
    600  16370     11  14140   5560   2955   1078  32455   1268  26760
  25656     42   4925   1802   6041   1589   1502   5545  11841 388553
      3   1323  10145   2210  23910]
BuyProb = 0.12 Sellprob = 0.27
No probabilities greater than thresholds, skipping
_________________________________________________________________
GMRINFRA
2018-02-28 12:13:10.646417+05:30
[19.2  19.15 19.2  19.25 19.2  19.15 19.15 19.2  19.2  19.15 19.15 19.15
 19.2  19.25 19.25 19.2  19.2  19.25 19.25 19.15 19.15 19.2  19.15 19.15
 19.15 19.15 19.15 19.1  19.15 19.1  19.15 19.15 19.1  19.15 19.2  19.2
 19.2  19.15 19.15 19.1  19.15 19.05 19.05 19.05 19.  ]
[ 19341  26371  66001  12651  17049 109174  11337   4899  10079  14500
  12148   6799  27425  13577  67144  36644   8430   4162 211756   9268
  11841  10045 163161 123305  72560  12548   4654  61272   9113  11050
   6816   2705  12421   9240  57378   7124   6744   5861  22017  12469
   5504 823863   9401  92779  16579]
We already hold 0 of GMRINFRA 
BuyProb = 0.44 Sellprob = 0.28
No probabilities greater than thresholds, skipping
JPASSOCIAT
2018-02-28 12:13:11.912311+05:30
[18.25 18.25 18.25 18.2  18.25 18.2  18.25 18.25 18.2  18.2  18.2  18.2
 18.2  18.2  18.2  18.2  18.2  18.2  18.2  18.2  18.15 18.15 18.15 18.15
 18.2  18.2  18.2  18.15 18.2  18.15 18.2  18.2  18.15 18.2  18.2  18.2
 18.2  18.15 18.15 18.15 18.15 18.1  18.1  18.1  18.1 ]
[  8561   7264   1167   1427   7918   6266   2210   3141 241339   5189
 262015   7451   9654  11094   1744   5502  10804   1904   2213   1993
   3777    909  21341   8294   3271   1151   2721   2287   3838  22159
   3762   8937   8139   6398   3243  43013  19376   7012   6376 117260
  84771  12848 296080  59752  32500]
We already hold 0 of JPASSOCIAT 
BuyProb = 0.15 Sellprob = 0.29
No probabilities greater than thresholds, skipping
RCOM
2018-02-28 12:13:13.172228+05:30
[28.1  28.1  28.05 28.1  28.1  28.1  28.1  28.1  28.1  28.1  28.1  28.1
 28.1  28.1  28.1  28.05 28.1  28.1  28.05 28.1  28.   28.05 28.   28.
 28.1  28.   28.05 28.   28.   27.85 27.85 27.85 27.85 27.9  28.   28.
 28.   27.95 27.9  27.95 27.9  27.85 27.75 27.8  27.85]
[ 23206 175817 112309  13823  31300   9544  27113  34615 160591  34534
  18181  65361  11185  14037 160014  64480  95793  18000  18602 213655
  53712  15380  33934  29204 144809 238263  18885 607770  26464 606460
 287465 349307 213134  42738 193894 541209  94809 151767 116416  11807
  27721 444950 322525 288369 179644]
We already hold 0 of RCOM 
BuyProb = 0.31 Sellprob = 0.40
No probabilities greater than thresholds, skipping
SUZLON
2018-02-28 12:13:14.439750+05:30
[12.85 12.9  12.9  12.85 12.9  12.85 12.9  12.9  12.9  12.85 12.85 12.85
 12.9  12.85 12.85 12.85 12.9  12.85 12.9  12.9  12.9  12.9  12.9  12.9
 12.9  12.85 12.85 12.85 12.85 12.85 12.9  12.85 12.85 12.9  12.9  12.85
 12.9  12.85 12.85 12.85 12.8  12.8  12.8  12.85 12.85]
[ 10127   3599   2087   1104   1001   2620    416  10960 587736  86218
    295  61087 147079  25929  10280   4640  12059      1  10406    600
  16370     11  14140   5560   2955   1078  32455   1268  26760  25656
     42   4925   1802   6041   1589   1502   5545  11841 388553      3
   1323  10145   2210  29167   1133]
BuyProb = 0.14 Sellprob = 0.28
No probabilities greater than thresholds, skipping
_________________________________________________________________
GMRINFRA
2018-02-28 12:14:10.765078+05:30
[19.15 19.2  19.25 19.2  19.15 19.15 19.2  19.2  19.15 19.15 19.15 19.2
 19.25 19.25 19.2  19.2  19.25 19.25 19.15 19.15 19.2  19.15 19.15 19.15
 19.15 19.15 19.1  19.15 19.1  19.15 19.15 19.1  19.15 19.2  19.2  19.2
 19.15 19.15 19.1  19.15 19.05 19.05 19.05 19.05 19.05]
[ 26371  66001  12651  17049 109174  11337   4899  10079  14500  12148
   6799  27425  13577  67144  36644   8430   4162 211756   9268  11841
  10045 163161 123305  72560  12548   4654  61272   9113  11050   6816
   2705  12421   9240  57378   7124   6744   5861  22017  12469   5504
 823863   9401  92779  18659  57882]
We already hold 0 of GMRINFRA 
BuyProb = 0.31 Sellprob = 0.19
No probabilities greater than thresholds, skipping
JPASSOCIAT
2018-02-28 12:14:12.070302+05:30
[18.25 18.25 18.2  18.25 18.2  18.25 18.25 18.2  18.2  18.2  18.2  18.2
 18.2  18.2  18.2  18.2  18.2  18.2  18.2  18.15 18.15 18.15 18.15 18.2
 18.2  18.2  18.15 18.2  18.15 18.2  18.2  18.15 18.2  18.2  18.2  18.2
 18.15 18.15 18.15 18.15 18.1  18.1  18.1  18.1  18.05]
[  7264   1167   1427   7918   6266   2210   3141 241339   5189 262015
   7451   9654  11094   1744   5502  10804   1904   2213   1993   3777
    909  21341   8294   3271   1151   2721   2287   3838  22159   3762
   8937   8139   6398   3243  43013  19376   7012   6376 117260  84771
  12848 296080  59752  32500 284201]
We already hold 0 of JPASSOCIAT 
BuyProb = 0.18 Sellprob = 0.46
No probabilities greater than thresholds, skipping
RCOM
2018-02-28 12:14:13.375172+05:30
[28.1  28.05 28.1  28.1  28.1  28.1  28.1  28.1  28.1  28.1  28.1  28.1
 28.1  28.1  28.05 28.1  28.1  28.05 28.1  28.   28.05 28.   28.   28.1
 28.   28.05 28.   28.   27.85 27.85 27.85 27.85 27.9  28.   28.   28.
 27.95 27.9  27.95 27.9  27.85 27.75 27.8  27.8  27.85]
[175817 112309  13823  31300   9544  27113  34615 160591  34534  18181
  65361  11185  14037 160014  64480  95793  18000  18602 213655  53712
  15380  33934  29204 144809 238263  18885 607770  26464 606460 287465
 349307 213134  42738 193894 541209  94809 151767 116416  11807  27721
 444950 322525 288369 184839  28002]
We already hold 0 of RCOM 
BuyProb = 0.28 Sellprob = 0.40
No probabilities greater than thresholds, skipping
SUZLON
2018-02-28 12:14:14.644062+05:30
[12.9  12.9  12.85 12.9  12.85 12.9  12.9  12.9  12.85 12.85 12.85 12.9
 12.85 12.85 12.85 12.9  12.85 12.9  12.9  12.9  12.9  12.9  12.9  12.9
 12.85 12.85 12.85 12.85 12.85 12.9  12.85 12.85 12.9  12.9  12.85 12.9
 12.85 12.85 12.85 12.8  12.8  12.8  12.85 12.85 12.8 ]
[  3599   2087   1104   1001   2620    416  10960 587736  86218    295
  61087 147079  25929  10280   4640  12059      1  10406    600  16370
     11  14140   5560   2955   1078  32455   1268  26760  25656     42
   4925   1802   6041   1589   1502   5545  11841 388553      3   1323
  10145   2210  29167   1133  15424]
BuyProb = 0.22 Sellprob = 0.17
No probabilities greater than thresholds, skipping
_________________________________________________________________
GMRINFRA
2018-02-28 12:15:10.949847+05:30
[19.2  19.25 19.2  19.15 19.15 19.2  19.2  19.15 19.15 19.15 19.2  19.25
 19.25 19.2  19.2  19.25 19.25 19.15 19.15 19.2  19.15 19.15 19.15 19.15
 19.15 19.1  19.15 19.1  19.15 19.15 19.1  19.15 19.2  19.2  19.2  19.15
 19.15 19.1  19.15 19.05 19.05 19.05 19.05 19.   19.  ]
[ 66001  12651  17049 109174  11337   4899  10079  14500  12148   6799
  27425  13577  67144  36644   8430   4162 211756   9268  11841  10045
 163161 123305  72560  12548   4654  61272   9113  11050   6816   2705
  12421   9240  57378   7124   6744   5861  22017  12469   5504 823863
   9401  92779  18659  83095 445496]
We already hold 0 of GMRINFRA 
BuyProb = 0.42 Sellprob = 0.34
No probabilities greater than thresholds, skipping
JPASSOCIAT
2018-02-28 12:15:12.224081+05:30
[18.25 18.2  18.25 18.2  18.25 18.25 18.2  18.2  18.2  18.2  18.2  18.2
 18.2  18.2  18.2  18.2  18.2  18.2  18.15 18.15 18.15 18.15 18.2  18.2
 18.2  18.15 18.2  18.15 18.2  18.2  18.15 18.2  18.2  18.2  18.2  18.15
 18.15 18.15 18.15 18.1  18.1  18.1  18.1  18.1  18.05]
[  1167   1427   7918   6266   2210   3141 241339   5189 262015   7451
   9654  11094   1744   5502  10804   1904   2213   1993   3777    909
  21341   8294   3271   1151   2721   2287   3838  22159   3762   8937
   8139   6398   3243  43013  19376   7012   6376 117260  84771  12848
 296080  59752  32500 485754  17868]
We already hold 0 of JPASSOCIAT 
BuyProb = 0.19 Sellprob = 0.45
No probabilities greater than thresholds, skipping
RCOM
2018-02-28 12:15:13.465931+05:30
[28.05 28.1  28.1  28.1  28.1  28.1  28.1  28.1  28.1  28.1  28.1  28.1
 28.1  28.05 28.1  28.1  28.05 28.1  28.   28.05 28.   28.   28.1  28.
 28.05 28.   28.   27.85 27.85 27.85 27.85 27.9  28.   28.   28.   27.95
 27.9  27.95 27.9  27.85 27.75 27.8  27.8  27.85 27.9 ]
[112309  13823  31300   9544  27113  34615 160591  34534  18181  65361
  11185  14037 160014  64480  95793  18000  18602 213655  53712  15380
  33934  29204 144809 238263  18885 607770  26464 606460 287465 349307
 213134  42738 193894 541209  94809 151767 116416  11807  27721 444950
 322525 288369 184839  89701  79843]
We already hold 0 of RCOM 
BuyProb = 0.30 Sellprob = 0.41
No probabilities greater than thresholds, skipping
SUZLON
2018-02-28 12:15:14.744810+05:30
[12.9  12.85 12.9  12.85 12.9  12.9  12.9  12.85 12.85 12.85 12.9  12.85
 12.85 12.85 12.9  12.85 12.9  12.9  12.9  12.9  12.9  12.9  12.9  12.85
 12.85 12.85 12.85 12.85 12.9  12.85 12.85 12.9  12.9  12.85 12.9  12.85
 12.85 12.85 12.8  12.8  12.8  12.85 12.85 12.85 12.8 ]
[  2087   1104   1001   2620    416  10960 587736  86218    295  61087
 147079  25929  10280   4640  12059      1  10406    600  16370     11
  14140   5560   2955   1078  32455   1268  26760  25656     42   4925
   1802   6041   1589   1502   5545  11841 388553      3   1323  10145
   2210  29167   1133  15994   1406]
BuyProb = 0.23 Sellprob = 0.17
No probabilities greater than thresholds, skipping
_________________________________________________________________
GMRINFRA
2018-02-28 12:16:11.089621+05:30
[19.25 19.2  19.15 19.15 19.2  19.2  19.15 19.15 19.15 19.2  19.25 19.25
 19.2  19.2  19.25 19.25 19.15 19.15 19.2  19.15 19.15 19.15 19.15 19.15
 19.1  19.15 19.1  19.15 19.15 19.1  19.15 19.2  19.2  19.2  19.15 19.15
 19.1  19.15 19.05 19.05 19.05 19.05 19.   19.   19.  ]
[ 12651  17049 109174  11337   4899  10079  14500  12148   6799  27425
  13577  67144  36644   8430   4162 211756   9268  11841  10045 163161
 123305  72560  12548   4654  61272   9113  11050   6816   2705  12421
   9240  57378   7124   6744   5861  22017  12469   5504 823863   9401
  92779  18659  83095 445496 140951]
We already hold 0 of GMRINFRA 
BuyProb = 0.42 Sellprob = 0.34
No probabilities greater than thresholds, skipping
JPASSOCIAT
2018-02-28 12:16:12.369243+05:30
[18.2  18.25 18.2  18.25 18.25 18.2  18.2  18.2  18.2  18.2  18.2  18.2
 18.2  18.2  18.2  18.2  18.2  18.15 18.15 18.15 18.15 18.2  18.2  18.2
 18.15 18.2  18.15 18.2  18.2  18.15 18.2  18.2  18.2  18.2  18.15 18.15
 18.15 18.15 18.1  18.1  18.1  18.1  18.1  18.05 18.1 ]
[  1427   7918   6266   2210   3141 241339   5189 262015   7451   9654
  11094   1744   5502  10804   1904   2213   1993   3777    909  21341
   8294   3271   1151   2721   2287   3838  22159   3762   8937   8139
   6398   3243  43013  19376   7012   6376 117260  84771  12848 296080
  59752  32500 485754  17868  23371]
We already hold 0 of JPASSOCIAT 
BuyProb = 0.06 Sellprob = 0.46
No probabilities greater than thresholds, skipping
RCOM
2018-02-28 12:16:13.635731+05:30
[28.1  28.1  28.1  28.1  28.1  28.1  28.1  28.1  28.1  28.1  28.1  28.1
 28.05 28.1  28.1  28.05 28.1  28.   28.05 28.   28.   28.1  28.   28.05
 28.   28.   27.85 27.85 27.85 27.85 27.9  28.   28.   28.   27.95 27.9
 27.95 27.9  27.85 27.75 27.8  27.8  27.85 27.85 27.85]
[ 13823  31300   9544  27113  34615 160591  34534  18181  65361  11185
  14037 160014  64480  95793  18000  18602 213655  53712  15380  33934
  29204 144809 238263  18885 607770  26464 606460 287465 349307 213134
  42738 193894 541209  94809 151767 116416  11807  27721 444950 322525
 288369 184839  89701  79943  30392]
We already hold 0 of RCOM 
BuyProb = 0.29 Sellprob = 0.42
No probabilities greater than thresholds, skipping
SUZLON
2018-02-28 12:16:14.912483+05:30
[12.85 12.9  12.85 12.9  12.9  12.9  12.85 12.85 12.85 12.9  12.85 12.85
 12.85 12.9  12.85 12.9  12.9  12.9  12.9  12.9  12.9  12.9  12.85 12.85
 12.85 12.85 12.85 12.9  12.85 12.85 12.9  12.9  12.85 12.9  12.85 12.85
 12.85 12.8  12.8  12.8  12.85 12.85 12.85 12.8  12.8 ]
[  1104   1001   2620    416  10960 587736  86218    295  61087 147079
  25929  10280   4640  12059      1  10406    600  16370     11  14140
   5560   2955   1078  32455   1268  26760  25656     42   4925   1802
   6041   1589   1502   5545  11841 388553      3   1323  10145   2210
  29167   1133  15994   1406   9865]
BuyProb = 0.22 Sellprob = 0.17
No probabilities greater than thresholds, skipping
_________________________________________________________________
GMRINFRA
2018-02-28 12:17:11.245695+05:30
[19.2  19.15 19.15 19.2  19.2  19.15 19.15 19.15 19.2  19.25 19.25 19.2
 19.2  19.25 19.25 19.15 19.15 19.2  19.15 19.15 19.15 19.15 19.15 19.1
 19.15 19.1  19.15 19.15 19.1  19.15 19.2  19.2  19.2  19.15 19.15 19.1
 19.15 19.05 19.05 19.05 19.05 19.   19.   18.95 19.  ]
[ 17049 109174  11337   4899  10079  14500  12148   6799  27425  13577
  67144  36644   8430   4162 211756   9268  11841  10045 163161 123305
  72560  12548   4654  61272   9113  11050   6816   2705  12421   9240
  57378   7124   6744   5861  22017  12469   5504 823863   9401  92779
  18659  83095 445496 143224  46145]
We already hold 0 of GMRINFRA 
BuyProb = 0.40 Sellprob = 0.41
No probabilities greater than thresholds, skipping
JPASSOCIAT
2018-02-28 12:17:12.534321+05:30
[18.25 18.2  18.25 18.25 18.2  18.2  18.2  18.2  18.2  18.2  18.2  18.2
 18.2  18.2  18.2  18.2  18.15 18.15 18.15 18.15 18.2  18.2  18.2  18.15
 18.2  18.15 18.2  18.2  18.15 18.2  18.2  18.2  18.2  18.15 18.15 18.15
 18.15 18.1  18.1  18.1  18.1  18.1  18.05 18.1  18.05]
[  7918   6266   2210   3141 241339   5189 262015   7451   9654  11094
   1744   5502  10804   1904   2213   1993   3777    909  21341   8294
   3271   1151   2721   2287   3838  22159   3762   8937   8139   6398
   3243  43013  19376   7012   6376 117260  84771  12848 296080  59752
  32500 485754  17868  32183  16574]
We already hold 0 of JPASSOCIAT 
BuyProb = 0.11 Sellprob = 0.46
No probabilities greater than thresholds, skipping
RCOM
2018-02-28 12:17:13.824521+05:30
[28.1  28.1  28.1  28.1  28.1  28.1  28.1  28.1  28.1  28.1  28.1  28.05
 28.1  28.1  28.05 28.1  28.   28.05 28.   28.   28.1  28.   28.05 28.
 28.   27.85 27.85 27.85 27.85 27.9  28.   28.   28.   27.95 27.9  27.95
 27.9  27.85 27.75 27.8  27.8  27.85 27.85 27.85 27.85]
[ 31300   9544  27113  34615 160591  34534  18181  65361  11185  14037
 160014  64480  95793  18000  18602 213655  53712  15380  33934  29204
 144809 238263  18885 607770  26464 606460 287465 349307 213134  42738
 193894 541209  94809 151767 116416  11807  27721 444950 322525 288369
 184839  89701  79943  41716  13690]
We already hold 0 of RCOM 
BuyProb = 0.28 Sellprob = 0.41
No probabilities greater than thresholds, skipping
SUZLON
2018-02-28 12:17:15.104893+05:30
[12.9  12.85 12.9  12.9  12.9  12.85 12.85 12.85 12.9  12.85 12.85 12.85
 12.9  12.85 12.9  12.9  12.9  12.9  12.9  12.9  12.9  12.85 12.85 12.85
 12.85 12.85 12.9  12.85 12.85 12.9  12.9  12.85 12.9  12.85 12.85 12.85
 12.8  12.8  12.8  12.85 12.85 12.85 12.8  12.85 12.8 ]
[  1001   2620    416  10960 587736  86218    295  61087 147079  25929
  10280   4640  12059      1  10406    600  16370     11  14140   5560
   2955   1078  32455   1268  26760  25656     42   4925   1802   6041
   1589   1502   5545  11841 388553      3   1323  10145   2210  29167
   1133  15994   1406  14988 126002]
BuyProb = 0.23 Sellprob = 0.19
No probabilities greater than thresholds, skipping
_________________________________________________________________
GMRINFRA
2018-02-28 12:18:10.600787+05:30
[19.15 19.15 19.2  19.2  19.15 19.15 19.15 19.2  19.25 19.25 19.2  19.2
 19.25 19.25 19.15 19.15 19.2  19.15 19.15 19.15 19.15 19.15 19.1  19.15
 19.1  19.15 19.15 19.1  19.15 19.2  19.2  19.2  19.15 19.15 19.1  19.15
 19.05 19.05 19.05 19.05 19.   19.   18.95 19.   19.  ]
[109174  11337   4899  10079  14500  12148   6799  27425  13577  67144
  36644   8430   4162 211756   9268  11841  10045 163161 123305  72560
  12548   4654  61272   9113  11050   6816   2705  12421   9240  57378
   7124   6744   5861  22017  12469   5504 823863   9401  92779  18659
  83095 445496 143224  46145   4407]
We already hold 0 of GMRINFRA 
BuyProb = 0.36 Sellprob = 0.39
No probabilities greater than thresholds, skipping
JPASSOCIAT
2018-02-28 12:18:12.113660+05:30
[18.2  18.25 18.25 18.2  18.2  18.2  18.2  18.2  18.2  18.2  18.2  18.2
 18.2  18.2  18.2  18.15 18.15 18.15 18.15 18.2  18.2  18.2  18.15 18.2
 18.15 18.2  18.2  18.15 18.2  18.2  18.2  18.2  18.15 18.15 18.15 18.15
 18.1  18.1  18.1  18.1  18.1  18.05 18.1  18.05 18.1 ]
[  6266   2210   3141 241339   5189 262015   7451   9654  11094   1744
   5502  10804   1904   2213   1993   3777    909  21341   8294   3271
   1151   2721   2287   3838  22159   3762   8937   8139   6398   3243
  43013  19376   7012   6376 117260  84771  12848 296080  59752  32500
 485754  17868  32183  16574 273159]
We already hold 0 of JPASSOCIAT 
BuyProb = 0.09 Sellprob = 0.49
No probabilities greater than thresholds, skipping
RCOM
2018-02-28 12:18:13.388827+05:30
[28.1  28.1  28.1  28.1  28.1  28.1  28.1  28.1  28.1  28.1  28.05 28.1
 28.1  28.05 28.1  28.   28.05 28.   28.   28.1  28.   28.05 28.   28.
 27.85 27.85 27.85 27.85 27.9  28.   28.   28.   27.95 27.9  27.95 27.9
 27.85 27.75 27.8  27.8  27.85 27.85 27.85 27.85 27.85]
[  9544  27113  34615 160591  34534  18181  65361  11185  14037 160014
  64480  95793  18000  18602 213655  53712  15380  33934  29204 144809
 238263  18885 607770  26464 606460 287465 349307 213134  42738 193894
 541209  94809 151767 116416  11807  27721 444950 322525 288369 184839
  89701  79943  41716  13690  43273]
We already hold 0 of RCOM 
BuyProb = 0.29 Sellprob = 0.42
No probabilities greater than thresholds, skipping
SUZLON
2018-02-28 12:18:14.668663+05:30
[12.85 12.9  12.9  12.9  12.85 12.85 12.85 12.9  12.85 12.85 12.85 12.9
 12.85 12.9  12.9  12.9  12.9  12.9  12.9  12.9  12.85 12.85 12.85 12.85
 12.85 12.9  12.85 12.85 12.9  12.9  12.85 12.9  12.85 12.85 12.85 12.8
 12.8  12.8  12.85 12.85 12.85 12.8  12.85 12.8  12.8 ]
[  2620    416  10960 587736  86218    295  61087 147079  25929  10280
   4640  12059      1  10406    600  16370     11  14140   5560   2955
   1078  32455   1268  26760  25656     42   4925   1802   6041   1589
   1502   5545  11841 388553      3   1323  10145   2210  29167   1133
  15994   1406  14988 126002   5549]
BuyProb = 0.25 Sellprob = 0.19
No probabilities greater than thresholds, skipping
_________________________________________________________________
GMRINFRA
2018-02-28 12:19:10.988583+05:30
[19.15 19.2  19.2  19.15 19.15 19.15 19.2  19.25 19.25 19.2  19.2  19.25
 19.25 19.15 19.15 19.2  19.15 19.15 19.15 19.15 19.15 19.1  19.15 19.1
 19.15 19.15 19.1  19.15 19.2  19.2  19.2  19.15 19.15 19.1  19.15 19.05
 19.05 19.05 19.05 19.   19.   18.95 19.   18.95 18.95]
[ 11337   4899  10079  14500  12148   6799  27425  13577  67144  36644
   8430   4162 211756   9268  11841  10045 163161 123305  72560  12548
   4654  61272   9113  11050   6816   2705  12421   9240  57378   7124
   6744   5861  22017  12469   5504 823863   9401  92779  18659  83095
 445496 143224  46145  12757  24757]
We already hold 0 of GMRINFRA 
BuyProb = 0.44 Sellprob = 0.38
No probabilities greater than thresholds, skipping
JPASSOCIAT
2018-02-28 12:19:12.230814+05:30
[18.25 18.25 18.2  18.2  18.2  18.2  18.2  18.2  18.2  18.2  18.2  18.2
 18.2  18.2  18.15 18.15 18.15 18.15 18.2  18.2  18.2  18.15 18.2  18.15
 18.2  18.2  18.15 18.2  18.2  18.2  18.2  18.15 18.15 18.15 18.15 18.1
 18.1  18.1  18.1  18.1  18.05 18.1  18.05 18.05 18.1 ]
[  2210   3141 241339   5189 262015   7451   9654  11094   1744   5502
  10804   1904   2213   1993   3777    909  21341   8294   3271   1151
   2721   2287   3838  22159   3762   8937   8139   6398   3243  43013
  19376   7012   6376 117260  84771  12848 296080  59752  32500 485754
  17868  32183  16574 274459  21108]
We already hold 0 of JPASSOCIAT 
BuyProb = 0.07 Sellprob = 0.47
No probabilities greater than thresholds, skipping
RCOM
2018-02-28 12:19:13.514962+05:30
[28.1  28.1  28.1  28.1  28.1  28.1  28.1  28.1  28.1  28.05 28.1  28.1
 28.05 28.1  28.   28.05 28.   28.   28.1  28.   28.05 28.   28.   27.85
 27.85 27.85 27.85 27.9  28.   28.   28.   27.95 27.9  27.95 27.9  27.85
 27.75 27.8  27.8  27.85 27.85 27.85 27.85 27.9  27.9 ]
[ 27113  34615 160591  34534  18181  65361  11185  14037 160014  64480
  95793  18000  18602 213655  53712  15380  33934  29204 144809 238263
  18885 607770  26464 606460 287465 349307 213134  42738 193894 541209
  94809 151767 116416  11807  27721 444950 322525 288369 184839  89701
  79943  41716  13690  53591  94086]
We already hold 0 of RCOM 
BuyProb = 0.28 Sellprob = 0.42
No probabilities greater than thresholds, skipping
SUZLON
2018-02-28 12:19:14.756510+05:30
[12.9  12.9  12.9  12.85 12.85 12.85 12.9  12.85 12.85 12.85 12.9  12.85
 12.9  12.9  12.9  12.9  12.9  12.9  12.9  12.85 12.85 12.85 12.85 12.85
 12.9  12.85 12.85 12.9  12.9  12.85 12.9  12.85 12.85 12.85 12.8  12.8
 12.8  12.85 12.85 12.85 12.8  12.85 12.8  12.85 12.8 ]
[   416  10960 587736  86218    295  61087 147079  25929  10280   4640
  12059      1  10406    600  16370     11  14140   5560   2955   1078
  32455   1268  26760  25656     42   4925   1802   6041   1589   1502
   5545  11841 388553      3   1323  10145   2210  29167   1133  15994
   1406  14988 126002  20204   8720]
BuyProb = 0.21 Sellprob = 0.18
No probabilities greater than thresholds, skipping
_________________________________________________________________
GMRINFRA
2018-02-28 12:20:11.189813+05:30
[19.2  19.2  19.15 19.15 19.15 19.2  19.25 19.25 19.2  19.2  19.25 19.25
 19.15 19.15 19.2  19.15 19.15 19.15 19.15 19.15 19.1  19.15 19.1  19.15
 19.15 19.1  19.15 19.2  19.2  19.2  19.15 19.15 19.1  19.15 19.05 19.05
 19.05 19.05 19.   19.   18.95 19.   18.95 18.95 18.9 ]
[  4899  10079  14500  12148   6799  27425  13577  67144  36644   8430
   4162 211756   9268  11841  10045 163161 123305  72560  12548   4654
  61272   9113  11050   6816   2705  12421   9240  57378   7124   6744
   5861  22017  12469   5504 823863   9401  92779  18659  83095 445496
 143224  46145  12757  24757 354733]
We already hold 0 of GMRINFRA 
BuyProb = 0.51 Sellprob = 0.49
No probabilities greater than thresholds, skipping
JPASSOCIAT
2018-02-28 12:20:12.471150+05:30
[18.25 18.2  18.2  18.2  18.2  18.2  18.2  18.2  18.2  18.2  18.2  18.2
 18.2  18.15 18.15 18.15 18.15 18.2  18.2  18.2  18.15 18.2  18.15 18.2
 18.2  18.15 18.2  18.2  18.2  18.2  18.15 18.15 18.15 18.15 18.1  18.1
 18.1  18.1  18.1  18.05 18.1  18.05 18.05 18.1  18.1 ]
[  3141 241339   5189 262015   7451   9654  11094   1744   5502  10804
   1904   2213   1993   3777    909  21341   8294   3271   1151   2721
   2287   3838  22159   3762   8937   8139   6398   3243  43013  19376
   7012   6376 117260  84771  12848 296080  59752  32500 485754  17868
  32183  16574 274459  21108  31518]
We already hold 0 of JPASSOCIAT 
BuyProb = 0.09 Sellprob = 0.46
No probabilities greater than thresholds, skipping
RCOM
2018-02-28 12:20:13.913644+05:30
[28.1  28.1  28.1  28.1  28.1  28.1  28.1  28.1  28.05 28.1  28.1  28.05
 28.1  28.   28.05 28.   28.   28.1  28.   28.05 28.   28.   27.85 27.85
 27.85 27.85 27.9  28.   28.   28.   27.95 27.9  27.95 27.9  27.85 27.75
 27.8  27.8  27.85 27.85 27.85 27.85 27.9  27.9  27.85]
[ 34615 160591  34534  18181  65361  11185  14037 160014  64480  95793
  18000  18602 213655  53712  15380  33934  29204 144809 238263  18885
 607770  26464 606460 287465 349307 213134  42738 193894 541209  94809
 151767 116416  11807  27721 444950 322525 288369 184839  89701  79943
  41716  13690  53591  94086  58856]
We already hold 0 of RCOM 
BuyProb = 0.32 Sellprob = 0.42
No probabilities greater than thresholds, skipping
SUZLON
2018-02-28 12:20:15.233390+05:30
[12.9  12.9  12.85 12.85 12.85 12.9  12.85 12.85 12.85 12.9  12.85 12.9
 12.9  12.9  12.9  12.9  12.9  12.9  12.85 12.85 12.85 12.85 12.85 12.9
 12.85 12.85 12.9  12.9  12.85 12.9  12.85 12.85 12.85 12.8  12.8  12.8
 12.85 12.85 12.85 12.8  12.85 12.8  12.85 12.8  12.85]
[ 10960 587736  86218    295  61087 147079  25929  10280   4640  12059
      1  10406    600  16370     11  14140   5560   2955   1078  32455
   1268  26760  25656     42   4925   1802   6041   1589   1502   5545
  11841 388553      3   1323  10145   2210  29167   1133  15994   1406
  14988 126002  20204   8720   5691]
BuyProb = 0.14 Sellprob = 0.27
No probabilities greater than thresholds, skipping
_________________________________________________________________
GMRINFRA
2018-02-28 12:21:10.519316+05:30
[19.2  19.15 19.15 19.15 19.2  19.25 19.25 19.2  19.2  19.25 19.25 19.15
 19.15 19.2  19.15 19.15 19.15 19.15 19.15 19.1  19.15 19.1  19.15 19.15
 19.1  19.15 19.2  19.2  19.2  19.15 19.15 19.1  19.15 19.05 19.05 19.05
 19.05 19.   19.   18.95 19.   18.95 18.95 18.95 18.95]
[ 10079  14500  12148   6799  27425  13577  67144  36644   8430   4162
 211756   9268  11841  10045 163161 123305  72560  12548   4654  61272
   9113  11050   6816   2705  12421   9240  57378   7124   6744   5861
  22017  12469   5504 823863   9401  92779  18659  83095 445496 143224
  46145  12757  24757 355324  20496]
We already hold 0 of GMRINFRA 
BuyProb = 0.45 Sellprob = 0.41
No probabilities greater than thresholds, skipping
JPASSOCIAT
2018-02-28 12:21:11.973476+05:30
[18.2  18.2  18.2  18.2  18.2  18.2  18.2  18.2  18.2  18.2  18.2  18.2
 18.15 18.15 18.15 18.15 18.2  18.2  18.2  18.15 18.2  18.15 18.2  18.2
 18.15 18.2  18.2  18.2  18.2  18.15 18.15 18.15 18.15 18.1  18.1  18.1
 18.1  18.1  18.05 18.1  18.05 18.05 18.1  18.05 18.1 ]
[241339   5189 262015   7451   9654  11094   1744   5502  10804   1904
   2213   1993   3777    909  21341   8294   3271   1151   2721   2287
   3838  22159   3762   8937   8139   6398   3243  43013  19376   7012
   6376 117260  84771  12848 296080  59752  32500 485754  17868  32183
  16574 274459  21108  31665  19322]
We already hold 0 of JPASSOCIAT 
BuyProb = 0.04 Sellprob = 0.31
No probabilities greater than thresholds, skipping
RCOM
2018-02-28 12:21:13.282822+05:30
[28.1  28.1  28.1  28.1  28.1  28.1  28.1  28.05 28.1  28.1  28.05 28.1
 28.   28.05 28.   28.   28.1  28.   28.05 28.   28.   27.85 27.85 27.85
 27.85 27.9  28.   28.   28.   27.95 27.9  27.95 27.9  27.85 27.75 27.8
 27.8  27.85 27.85 27.85 27.85 27.9  27.9  27.85 27.8 ]
[160591  34534  18181  65361  11185  14037 160014  64480  95793  18000
  18602 213655  53712  15380  33934  29204 144809 238263  18885 607770
  26464 606460 287465 349307 213134  42738 193894 541209  94809 151767
 116416  11807  27721 444950 322525 288369 184839  89701  79943  41716
  13690  53591  94086  62556  10301]
We already hold 0 of RCOM 
BuyProb = 0.37 Sellprob = 0.41
No probabilities greater than thresholds, skipping
SUZLON
2018-02-28 12:21:14.558038+05:30
[12.9  12.85 12.85 12.85 12.9  12.85 12.85 12.85 12.9  12.85 12.9  12.9
 12.9  12.9  12.9  12.9  12.9  12.85 12.85 12.85 12.85 12.85 12.9  12.85
 12.85 12.9  12.9  12.85 12.9  12.85 12.85 12.85 12.8  12.8  12.8  12.85
 12.85 12.85 12.8  12.85 12.8  12.85 12.8  12.85 12.85]
[587736  86218    295  61087 147079  25929  10280   4640  12059      1
  10406    600  16370     11  14140   5560   2955   1078  32455   1268
  26760  25656     42   4925   1802   6041   1589   1502   5545  11841
 388553      3   1323  10145   2210  29167   1133  15994   1406  14988
 126002  20204   8720   5816     11]
BuyProb = 0.13 Sellprob = 0.27
No probabilities greater than thresholds, skipping
_________________________________________________________________
GMRINFRA
2018-02-28 12:22:10.882916+05:30
[19.15 19.15 19.15 19.2  19.25 19.25 19.2  19.2  19.25 19.25 19.15 19.15
 19.2  19.15 19.15 19.15 19.15 19.15 19.1  19.15 19.1  19.15 19.15 19.1
 19.15 19.2  19.2  19.2  19.15 19.15 19.1  19.15 19.05 19.05 19.05 19.05
 19.   19.   18.95 19.   18.95 18.95 18.95 18.95 18.95]
[ 14500  12148   6799  27425  13577  67144  36644   8430   4162 211756
   9268  11841  10045 163161 123305  72560  12548   4654  61272   9113
  11050   6816   2705  12421   9240  57378   7124   6744   5861  22017
  12469   5504 823863   9401  92779  18659  83095 445496 143224  46145
  12757  24757 355324  20496  21833]
We already hold 0 of GMRINFRA 
BuyProb = 0.47 Sellprob = 0.39
No probabilities greater than thresholds, skipping
JPASSOCIAT
2018-02-28 12:22:12.187941+05:30
[18.2  18.2  18.2  18.2  18.2  18.2  18.2  18.2  18.2  18.2  18.2  18.15
 18.15 18.15 18.15 18.2  18.2  18.2  18.15 18.2  18.15 18.2  18.2  18.15
 18.2  18.2  18.2  18.2  18.15 18.15 18.15 18.15 18.1  18.1  18.1  18.1
 18.1  18.05 18.1  18.05 18.05 18.1  18.05 18.05 18.05]
[  5189 262015   7451   9654  11094   1744   5502  10804   1904   2213
   1993   3777    909  21341   8294   3271   1151   2721   2287   3838
  22159   3762   8937   8139   6398   3243  43013  19376   7012   6376
 117260  84771  12848 296080  59752  32500 485754  17868  32183  16574
 274459  21108  31665  26063  32407]
We already hold 0 of JPASSOCIAT 
BuyProb = 0.12 Sellprob = 0.32
No probabilities greater than thresholds, skipping
RCOM
2018-02-28 12:22:13.487531+05:30
[28.1  28.1  28.1  28.1  28.1  28.1  28.05 28.1  28.1  28.05 28.1  28.
 28.05 28.   28.   28.1  28.   28.05 28.   28.   27.85 27.85 27.85 27.85
 27.9  28.   28.   28.   27.95 27.9  27.95 27.9  27.85 27.75 27.8  27.8
 27.85 27.85 27.85 27.85 27.9  27.9  27.85 27.8  27.8 ]
[ 34534  18181  65361  11185  14037 160014  64480  95793  18000  18602
 213655  53712  15380  33934  29204 144809 238263  18885 607770  26464
 606460 287465 349307 213134  42738 193894 541209  94809 151767 116416
  11807  27721 444950 322525 288369 184839  89701  79943  41716  13690
  53591  94086  62556  34863   8789]
We already hold 0 of RCOM 
BuyProb = 0.33 Sellprob = 0.43
No probabilities greater than thresholds, skipping
SUZLON
2018-02-28 12:22:14.765021+05:30
[12.85 12.85 12.85 12.9  12.85 12.85 12.85 12.9  12.85 12.9  12.9  12.9
 12.9  12.9  12.9  12.9  12.85 12.85 12.85 12.85 12.85 12.9  12.85 12.85
 12.9  12.9  12.85 12.9  12.85 12.85 12.85 12.8  12.8  12.8  12.85 12.85
 12.85 12.8  12.85 12.8  12.85 12.8  12.85 12.85 12.85]
[ 86218    295  61087 147079  25929  10280   4640  12059      1  10406
    600  16370     11  14140   5560   2955   1078  32455   1268  26760
  25656     42   4925   1802   6041   1589   1502   5545  11841 388553
      3   1323  10145   2210  29167   1133  15994   1406  14988 126002
  20204   8720   5816   3213   5005]
BuyProb = 0.15 Sellprob = 0.25
No probabilities greater than thresholds, skipping
_________________________________________________________________
GMRINFRA
2018-02-28 12:23:11.076926+05:30
[19.15 19.15 19.2  19.25 19.25 19.2  19.2  19.25 19.25 19.15 19.15 19.2
 19.15 19.15 19.15 19.15 19.15 19.1  19.15 19.1  19.15 19.15 19.1  19.15
 19.2  19.2  19.2  19.15 19.15 19.1  19.15 19.05 19.05 19.05 19.05 19.
 19.   18.95 19.   18.95 18.95 18.95 18.95 18.95 18.95]
[ 12148   6799  27425  13577  67144  36644   8430   4162 211756   9268
  11841  10045 163161 123305  72560  12548   4654  61272   9113  11050
   6816   2705  12421   9240  57378   7124   6744   5861  22017  12469
   5504 823863   9401  92779  18659  83095 445496 143224  46145  12757
  24757 355324  20496  21833  43271]
We already hold 0 of GMRINFRA 
BuyProb = 0.47 Sellprob = 0.39
No probabilities greater than thresholds, skipping
JPASSOCIAT
2018-02-28 12:23:12.382401+05:30
[18.2  18.2  18.2  18.2  18.2  18.2  18.2  18.2  18.2  18.2  18.15 18.15
 18.15 18.15 18.2  18.2  18.2  18.15 18.2  18.15 18.2  18.2  18.15 18.2
 18.2  18.2  18.2  18.15 18.15 18.15 18.15 18.1  18.1  18.1  18.1  18.1
 18.05 18.1  18.05 18.05 18.1  18.05 18.05 18.05 18.1 ]
[262015   7451   9654  11094   1744   5502  10804   1904   2213   1993
   3777    909  21341   8294   3271   1151   2721   2287   3838  22159
   3762   8937   8139   6398   3243  43013  19376   7012   6376 117260
  84771  12848 296080  59752  32500 485754  17868  32183  16574 274459
  21108  31665  26063  32407   8593]
We already hold 0 of JPASSOCIAT 
BuyProb = 0.05 Sellprob = 0.33
No probabilities greater than thresholds, skipping
RCOM
2018-02-28 12:23:13.659101+05:30
[28.1  28.1  28.1  28.1  28.1  28.05 28.1  28.1  28.05 28.1  28.   28.05
 28.   28.   28.1  28.   28.05 28.   28.   27.85 27.85 27.85 27.85 27.9
 28.   28.   28.   27.95 27.9  27.95 27.9  27.85 27.75 27.8  27.8  27.85
 27.85 27.85 27.85 27.9  27.9  27.85 27.8  27.8  27.85]
[ 18181  65361  11185  14037 160014  64480  95793  18000  18602 213655
  53712  15380  33934  29204 144809 238263  18885 607770  26464 606460
 287465 349307 213134  42738 193894 541209  94809 151767 116416  11807
  27721 444950 322525 288369 184839  89701  79943  41716  13690  53591
  94086  62556  34863   8789  20278]
We already hold 0 of RCOM 
BuyProb = 0.31 Sellprob = 0.45
No probabilities greater than thresholds, skipping
SUZLON
2018-02-28 12:23:14.902459+05:30
[12.85 12.85 12.9  12.85 12.85 12.85 12.9  12.85 12.9  12.9  12.9  12.9
 12.9  12.9  12.9  12.85 12.85 12.85 12.85 12.85 12.9  12.85 12.85 12.9
 12.9  12.85 12.9  12.85 12.85 12.85 12.8  12.8  12.8  12.85 12.85 12.85
 12.8  12.85 12.8  12.85 12.8  12.85 12.85 12.85 12.85]
[   295  61087 147079  25929  10280   4640  12059      1  10406    600
  16370     11  14140   5560   2955   1078  32455   1268  26760  25656
     42   4925   1802   6041   1589   1502   5545  11841 388553      3
   1323  10145   2210  29167   1133  15994   1406  14988 126002  20204
   8720   5816   3213   5105   1320]
BuyProb = 0.14 Sellprob = 0.24
No probabilities greater than thresholds, skipping
_________________________________________________________________
GMRINFRA
2018-02-28 12:24:11.407475+05:30
[19.15 19.2  19.25 19.25 19.2  19.2  19.25 19.25 19.15 19.15 19.2  19.15
 19.15 19.15 19.15 19.15 19.1  19.15 19.1  19.15 19.15 19.1  19.15 19.2
 19.2  19.2  19.15 19.15 19.1  19.15 19.05 19.05 19.05 19.05 19.   19.
 18.95 19.   18.95 18.95 18.95 18.95 18.95 18.9  18.95]
[  6799  27425  13577  67144  36644   8430   4162 211756   9268  11841
  10045 163161 123305  72560  12548   4654  61272   9113  11050   6816
   2705  12421   9240  57378   7124   6744   5861  22017  12469   5504
 823863   9401  92779  18659  83095 445496 143224  46145  12757  24757
 355324  20496  21833  51835  31977]
We already hold 0 of GMRINFRA 
BuyProb = 0.41 Sellprob = 0.48
No probabilities greater than thresholds, skipping
JPASSOCIAT
2018-02-28 12:24:12.719752+05:30
[18.2  18.2  18.2  18.2  18.2  18.2  18.2  18.2  18.2  18.15 18.15 18.15
 18.15 18.2  18.2  18.2  18.15 18.2  18.15 18.2  18.2  18.15 18.2  18.2
 18.2  18.2  18.15 18.15 18.15 18.15 18.1  18.1  18.1  18.1  18.1  18.05
 18.1  18.05 18.05 18.1  18.05 18.05 18.05 18.1  18.1 ]
[  7451   9654  11094   1744   5502  10804   1904   2213   1993   3777
    909  21341   8294   3271   1151   2721   2287   3838  22159   3762
   8937   8139   6398   3243  43013  19376   7012   6376 117260  84771
  12848 296080  59752  32500 485754  17868  32183  16574 274459  21108
  31665  26063  32407   9093  21118]
We already hold 0 of JPASSOCIAT 
BuyProb = 0.10 Sellprob = 0.35
No probabilities greater than thresholds, skipping
RCOM
2018-02-28 12:24:14.009084+05:30
[28.1  28.1  28.1  28.1  28.05 28.1  28.1  28.05 28.1  28.   28.05 28.
 28.   28.1  28.   28.05 28.   28.   27.85 27.85 27.85 27.85 27.9  28.
 28.   28.   27.95 27.9  27.95 27.9  27.85 27.75 27.8  27.8  27.85 27.85
 27.85 27.85 27.9  27.9  27.85 27.8  27.8  27.85 27.85]
[ 65361  11185  14037 160014  64480  95793  18000  18602 213655  53712
  15380  33934  29204 144809 238263  18885 607770  26464 606460 287465
 349307 213134  42738 193894 541209  94809 151767 116416  11807  27721
 444950 322525 288369 184839  89701  79943  41716  13690  53591  94086
  62556  34863   8789  20278  16344]
We already hold 0 of RCOM 
BuyProb = 0.31 Sellprob = 0.45
No probabilities greater than thresholds, skipping
SUZLON
2018-02-28 12:24:15.312753+05:30
[12.85 12.9  12.85 12.85 12.85 12.9  12.85 12.9  12.9  12.9  12.9  12.9
 12.9  12.9  12.85 12.85 12.85 12.85 12.85 12.9  12.85 12.85 12.9  12.9
 12.85 12.9  12.85 12.85 12.85 12.8  12.8  12.8  12.85 12.85 12.85 12.8
 12.85 12.8  12.85 12.8  12.85 12.85 12.85 12.85 12.85]
[ 61087 147079  25929  10280   4640  12059      1  10406    600  16370
     11  14140   5560   2955   1078  32455   1268  26760  25656     42
   4925   1802   6041   1589   1502   5545  11841 388553      3   1323
  10145   2210  29167   1133  15994   1406  14988 126002  20204   8720
   5816   3213   5105   1320   6815]
BuyProb = 0.14 Sellprob = 0.25
No probabilities greater than thresholds, skipping
_________________________________________________________________
GMRINFRA
2018-02-28 12:25:10.697151+05:30
[19.2  19.25 19.25 19.2  19.2  19.25 19.25 19.15 19.15 19.2  19.15 19.15
 19.15 19.15 19.15 19.1  19.15 19.1  19.15 19.15 19.1  19.15 19.2  19.2
 19.2  19.15 19.15 19.1  19.15 19.05 19.05 19.05 19.05 19.   19.   18.95
 19.   18.95 18.95 18.95 18.95 18.95 18.9  18.95 18.95]
[ 27425  13577  67144  36644   8430   4162 211756   9268  11841  10045
 163161 123305  72560  12548   4654  61272   9113  11050   6816   2705
  12421   9240  57378   7124   6744   5861  22017  12469   5504 823863
   9401  92779  18659  83095 445496 143224  46145  12757  24757 355324
  20496  21833  51835  32927  16033]
We already hold 0 of GMRINFRA 
BuyProb = 0.40 Sellprob = 0.47
No probabilities greater than thresholds, skipping
JPASSOCIAT
2018-02-28 12:25:12.023947+05:30
[18.2  18.2  18.2  18.2  18.2  18.2  18.2  18.2  18.15 18.15 18.15 18.15
 18.2  18.2  18.2  18.15 18.2  18.15 18.2  18.2  18.15 18.2  18.2  18.2
 18.2  18.15 18.15 18.15 18.15 18.1  18.1  18.1  18.1  18.1  18.05 18.1
 18.05 18.05 18.1  18.05 18.05 18.05 18.1  18.1  18.1 ]
[  9654  11094   1744   5502  10804   1904   2213   1993   3777    909
  21341   8294   3271   1151   2721   2287   3838  22159   3762   8937
   8139   6398   3243  43013  19376   7012   6376 117260  84771  12848
 296080  59752  32500 485754  17868  32183  16574 274459  21108  31665
  26063  32407   9093  23193  25830]
We already hold 0 of JPASSOCIAT 
BuyProb = 0.10 Sellprob = 0.35
No probabilities greater than thresholds, skipping
RCOM
2018-02-28 12:25:13.302359+05:30
[28.1  28.1  28.1  28.05 28.1  28.1  28.05 28.1  28.   28.05 28.   28.
 28.1  28.   28.05 28.   28.   27.85 27.85 27.85 27.85 27.9  28.   28.
 28.   27.95 27.9  27.95 27.9  27.85 27.75 27.8  27.8  27.85 27.85 27.85
 27.85 27.9  27.9  27.85 27.8  27.8  27.85 27.85 27.85]
[ 11185  14037 160014  64480  95793  18000  18602 213655  53712  15380
  33934  29204 144809 238263  18885 607770  26464 606460 287465 349307
 213134  42738 193894 541209  94809 151767 116416  11807  27721 444950
 322525 288369 184839  89701  79943  41716  13690  53591  94086  62556
  34863   8789  20278  16344   7210]
We already hold 0 of RCOM 
BuyProb = 0.32 Sellprob = 0.44
No probabilities greater than thresholds, skipping
SUZLON
2018-02-28 12:25:14.619476+05:30
[12.9  12.85 12.85 12.85 12.9  12.85 12.9  12.9  12.9  12.9  12.9  12.9
 12.9  12.85 12.85 12.85 12.85 12.85 12.9  12.85 12.85 12.9  12.9  12.85
 12.9  12.85 12.85 12.85 12.8  12.8  12.8  12.85 12.85 12.85 12.8  12.85
 12.8  12.85 12.8  12.85 12.85 12.85 12.85 12.85 12.85]
[147079  25929  10280   4640  12059      1  10406    600  16370     11
  14140   5560   2955   1078  32455   1268  26760  25656     42   4925
   1802   6041   1589   1502   5545  11841 388553      3   1323  10145
   2210  29167   1133  15994   1406  14988 126002  20204   8720   5816
   3213   5105   1320   6815   4611]
BuyProb = 0.16 Sellprob = 0.25
No probabilities greater than thresholds, skipping
_________________________________________________________________
GMRINFRA
2018-02-28 12:26:10.955516+05:30
[19.25 19.25 19.2  19.2  19.25 19.25 19.15 19.15 19.2  19.15 19.15 19.15
 19.15 19.15 19.1  19.15 19.1  19.15 19.15 19.1  19.15 19.2  19.2  19.2
 19.15 19.15 19.1  19.15 19.05 19.05 19.05 19.05 19.   19.   18.95 19.
 18.95 18.95 18.95 18.95 18.95 18.9  18.95 18.95 19.05]
[ 13577  67144  36644   8430   4162 211756   9268  11841  10045 163161
 123305  72560  12548   4654  61272   9113  11050   6816   2705  12421
   9240  57378   7124   6744   5861  22017  12469   5504 823863   9401
  92779  18659  83095 445496 143224  46145  12757  24757 355324  20496
  21833  51835  32927  95936 208934]
We already hold 0 of GMRINFRA 
BuyProb = 0.41 Sellprob = 0.54
No probabilities greater than thresholds, skipping
JPASSOCIAT
2018-02-28 12:26:12.236032+05:30
[18.2  18.2  18.2  18.2  18.2  18.2  18.2  18.15 18.15 18.15 18.15 18.2
 18.2  18.2  18.15 18.2  18.15 18.2  18.2  18.15 18.2  18.2  18.2  18.2
 18.15 18.15 18.15 18.15 18.1  18.1  18.1  18.1  18.1  18.05 18.1  18.05
 18.05 18.1  18.05 18.05 18.05 18.1  18.1  18.05 18.1 ]
[ 11094   1744   5502  10804   1904   2213   1993   3777    909  21341
   8294   3271   1151   2721   2287   3838  22159   3762   8937   8139
   6398   3243  43013  19376   7012   6376 117260  84771  12848 296080
  59752  32500 485754  17868  32183  16574 274459  21108  31665  26063
  32407   9093  23193  25930  22301]
We already hold 0 of JPASSOCIAT 
BuyProb = 0.06 Sellprob = 0.36
No probabilities greater than thresholds, skipping
RCOM
2018-02-28 12:26:13.506651+05:30
[28.1  28.1  28.05 28.1  28.1  28.05 28.1  28.   28.05 28.   28.   28.1
 28.   28.05 28.   28.   27.85 27.85 27.85 27.85 27.9  28.   28.   28.
 27.95 27.9  27.95 27.9  27.85 27.75 27.8  27.8  27.85 27.85 27.85 27.85
 27.9  27.9  27.85 27.8  27.8  27.85 27.85 27.85 27.85]
[ 14037 160014  64480  95793  18000  18602 213655  53712  15380  33934
  29204 144809 238263  18885 607770  26464 606460 287465 349307 213134
  42738 193894 541209  94809 151767 116416  11807  27721 444950 322525
 288369 184839  89701  79943  41716  13690  53591  94086  62556  34863
   8789  20278  16344  13110 286819]
We already hold 0 of RCOM 
BuyProb = 0.31 Sellprob = 0.44
No probabilities greater than thresholds, skipping
SUZLON
2018-02-28 12:26:14.735381+05:30
[12.85 12.85 12.85 12.9  12.85 12.9  12.9  12.9  12.9  12.9  12.9  12.9
 12.85 12.85 12.85 12.85 12.85 12.9  12.85 12.85 12.9  12.9  12.85 12.9
 12.85 12.85 12.85 12.8  12.8  12.8  12.85 12.85 12.85 12.8  12.85 12.8
 12.85 12.8  12.85 12.85 12.85 12.85 12.85 12.85 12.85]
[ 25929  10280   4640  12059      1  10406    600  16370     11  14140
   5560   2955   1078  32455   1268  26760  25656     42   4925   1802
   6041   1589   1502   5545  11841 388553      3   1323  10145   2210
  29167   1133  15994   1406  14988 126002  20204   8720   5816   3213
   5105   1320   6815   4611   1500]
BuyProb = 0.19 Sellprob = 0.25
No probabilities greater than thresholds, skipping
_________________________________________________________________
GMRINFRA
2018-02-28 12:27:11.029322+05:30
[19.25 19.2  19.2  19.25 19.25 19.15 19.15 19.2  19.15 19.15 19.15 19.15
 19.15 19.1  19.15 19.1  19.15 19.15 19.1  19.15 19.2  19.2  19.2  19.15
 19.15 19.1  19.15 19.05 19.05 19.05 19.05 19.   19.   18.95 19.   18.95
 18.95 18.95 18.95 18.95 18.9  18.95 18.95 19.   19.  ]
[ 67144  36644   8430   4162 211756   9268  11841  10045 163161 123305
  72560  12548   4654  61272   9113  11050   6816   2705  12421   9240
  57378   7124   6744   5861  22017  12469   5504 823863   9401  92779
  18659  83095 445496 143224  46145  12757  24757 355324  20496  21833
  51835  32927  95936 225430  27885]
We already hold 0 of GMRINFRA 
BuyProb = 0.42 Sellprob = 0.48
No probabilities greater than thresholds, skipping
JPASSOCIAT
2018-02-28 12:27:12.310198+05:30
[18.2  18.2  18.2  18.2  18.2  18.2  18.15 18.15 18.15 18.15 18.2  18.2
 18.2  18.15 18.2  18.15 18.2  18.2  18.15 18.2  18.2  18.2  18.2  18.15
 18.15 18.15 18.15 18.1  18.1  18.1  18.1  18.1  18.05 18.1  18.05 18.05
 18.1  18.05 18.05 18.05 18.1  18.1  18.05 18.1  18.05]
[  1744   5502  10804   1904   2213   1993   3777    909  21341   8294
   3271   1151   2721   2287   3838  22159   3762   8937   8139   6398
   3243  43013  19376   7012   6376 117260  84771  12848 296080  59752
  32500 485754  17868  32183  16574 274459  21108  31665  26063  32407
   9093  23193  25930  23751 161015]
We already hold 0 of JPASSOCIAT 
BuyProb = 0.13 Sellprob = 0.37
No probabilities greater than thresholds, skipping
RCOM
2018-02-28 12:27:13.600272+05:30
[28.1  28.05 28.1  28.1  28.05 28.1  28.   28.05 28.   28.   28.1  28.
 28.05 28.   28.   27.85 27.85 27.85 27.85 27.9  28.   28.   28.   27.95
 27.9  27.95 27.9  27.85 27.75 27.8  27.8  27.85 27.85 27.85 27.85 27.9
 27.9  27.85 27.8  27.8  27.85 27.85 27.85 27.85 27.85]
[160014  64480  95793  18000  18602 213655  53712  15380  33934  29204
 144809 238263  18885 607770  26464 606460 287465 349307 213134  42738
 193894 541209  94809 151767 116416  11807  27721 444950 322525 288369
 184839  89701  79943  41716  13690  53591  94086  62556  34863   8789
  20278  16344  13110 305640  22087]
We already hold 0 of RCOM 
BuyProb = 0.30 Sellprob = 0.43
No probabilities greater than thresholds, skipping
SUZLON
2018-02-28 12:27:14.870753+05:30
[12.85 12.85 12.9  12.85 12.9  12.9  12.9  12.9  12.9  12.9  12.9  12.85
 12.85 12.85 12.85 12.85 12.9  12.85 12.85 12.9  12.9  12.85 12.9  12.85
 12.85 12.85 12.8  12.8  12.8  12.85 12.85 12.85 12.8  12.85 12.8  12.85
 12.8  12.85 12.85 12.85 12.85 12.85 12.85 12.85 12.85]
[ 10280   4640  12059      1  10406    600  16370     11  14140   5560
   2955   1078  32455   1268  26760  25656     42   4925   1802   6041
   1589   1502   5545  11841 388553      3   1323  10145   2210  29167
   1133  15994   1406  14988 126002  20204   8720   5816   3213   5105
   1320   6815   4611   2277  11682]
BuyProb = 0.20 Sellprob = 0.24
No probabilities greater than thresholds, skipping
_________________________________________________________________
GMRINFRA
2018-02-28 12:28:11.320081+05:30
[19.2  19.2  19.25 19.25 19.15 19.15 19.2  19.15 19.15 19.15 19.15 19.15
 19.1  19.15 19.1  19.15 19.15 19.1  19.15 19.2  19.2  19.2  19.15 19.15
 19.1  19.15 19.05 19.05 19.05 19.05 19.   19.   18.95 19.   18.95 18.95
 18.95 18.95 18.95 18.9  18.95 18.95 19.   19.   19.05]
[ 36644   8430   4162 211756   9268  11841  10045 163161 123305  72560
  12548   4654  61272   9113  11050   6816   2705  12421   9240  57378
   7124   6744   5861  22017  12469   5504 823863   9401  92779  18659
  83095 445496 143224  46145  12757  24757 355324  20496  21833  51835
  32927  95936 225430  27885   6294]
We already hold 0 of GMRINFRA 
BuyProb = 0.31 Sellprob = 0.51
No probabilities greater than thresholds, skipping
JPASSOCIAT
2018-02-28 12:28:12.650302+05:30
[18.2  18.2  18.2  18.2  18.2  18.15 18.15 18.15 18.15 18.2  18.2  18.2
 18.15 18.2  18.15 18.2  18.2  18.15 18.2  18.2  18.2  18.2  18.15 18.15
 18.15 18.15 18.1  18.1  18.1  18.1  18.1  18.05 18.1  18.05 18.05 18.1
 18.05 18.05 18.05 18.1  18.1  18.05 18.1  18.05 18.05]
[  5502  10804   1904   2213   1993   3777    909  21341   8294   3271
   1151   2721   2287   3838  22159   3762   8937   8139   6398   3243
  43013  19376   7012   6376 117260  84771  12848 296080  59752  32500
 485754  17868  32183  16574 274459  21108  31665  26063  32407   9093
  23193  25930  23751 161015   1207]
We already hold 0 of JPASSOCIAT 
BuyProb = 0.16 Sellprob = 0.36
No probabilities greater than thresholds, skipping
RCOM
2018-02-28 12:28:13.955109+05:30
[28.05 28.1  28.1  28.05 28.1  28.   28.05 28.   28.   28.1  28.   28.05
 28.   28.   27.85 27.85 27.85 27.85 27.9  28.   28.   28.   27.95 27.9
 27.95 27.9  27.85 27.75 27.8  27.8  27.85 27.85 27.85 27.85 27.9  27.9
 27.85 27.8  27.8  27.85 27.85 27.85 27.85 27.85 27.85]
[ 64480  95793  18000  18602 213655  53712  15380  33934  29204 144809
 238263  18885 607770  26464 606460 287465 349307 213134  42738 193894
 541209  94809 151767 116416  11807  27721 444950 322525 288369 184839
  89701  79943  41716  13690  53591  94086  62556  34863   8789  20278
  16344  13110 305640  22087  14042]
We already hold 0 of RCOM 
BuyProb = 0.30 Sellprob = 0.44
No probabilities greater than thresholds, skipping
SUZLON
2018-02-28 12:28:15.260088+05:30
[12.85 12.9  12.85 12.9  12.9  12.9  12.9  12.9  12.9  12.9  12.85 12.85
 12.85 12.85 12.85 12.9  12.85 12.85 12.9  12.9  12.85 12.9  12.85 12.85
 12.85 12.8  12.8  12.8  12.85 12.85 12.85 12.8  12.85 12.8  12.85 12.8
 12.85 12.85 12.85 12.85 12.85 12.85 12.85 12.85 12.8 ]
[  4640  12059      1  10406    600  16370     11  14140   5560   2955
   1078  32455   1268  26760  25656     42   4925   1802   6041   1589
   1502   5545  11841 388553      3   1323  10145   2210  29167   1133
  15994   1406  14988 126002  20204   8720   5816   3213   5105   1320
   6815   4611   2277  11682   4422]
BuyProb = 0.26 Sellprob = 0.15
No probabilities greater than thresholds, skipping
_________________________________________________________________
GMRINFRA
2018-02-28 12:29:10.619767+05:30
[19.2  19.2  19.25 19.25 19.15 19.15 19.2  19.15 19.15 19.15 19.15 19.15
 19.1  19.15 19.1  19.15 19.15 19.1  19.15 19.2  19.2  19.2  19.15 19.15
 19.1  19.15 19.05 19.05 19.05 19.05 19.   19.   18.95 19.   18.95 18.95
 18.95 18.95 18.95 18.9  18.95 18.95 19.   19.   19.  ]
[ 36644   8430   4162 211756   9268  11841  10045 163161 123305  72560
  12548   4654  61272   9113  11050   6816   2705  12421   9240  57378
   7124   6744   5861  22017  12469   5504 823863   9401  92779  18659
  83095 445496 143224  46145  12757  24757 355324  20496  21833  51835
  32927  95936 225430  27885  17505]
We already hold 0 of GMRINFRA 
BuyProb = 0.39 Sellprob = 0.45
No probabilities greater than thresholds, skipping
JPASSOCIAT
2018-02-28 12:29:11.944126+05:30
[18.2  18.2  18.2  18.2  18.2  18.15 18.15 18.15 18.15 18.2  18.2  18.2
 18.15 18.2  18.15 18.2  18.2  18.15 18.2  18.2  18.2  18.2  18.15 18.15
 18.15 18.15 18.1  18.1  18.1  18.1  18.1  18.05 18.1  18.05 18.05 18.1
 18.05 18.05 18.05 18.1  18.1  18.05 18.1  18.05 18.05]
[  5502  10804   1904   2213   1993   3777    909  21341   8294   3271
   1151   2721   2287   3838  22159   3762   8937   8139   6398   3243
  43013  19376   7012   6376 117260  84771  12848 296080  59752  32500
 485754  17868  32183  16574 274459  21108  31665  26063  32407   9093
  23193  25930  23751 161015   5993]
We already hold 0 of JPASSOCIAT 
BuyProb = 0.16 Sellprob = 0.36
No probabilities greater than thresholds, skipping
RCOM
2018-02-28 12:29:13.250552+05:30
[28.1  28.1  28.05 28.1  28.   28.05 28.   28.   28.1  28.   28.05 28.
 28.   27.85 27.85 27.85 27.85 27.9  28.   28.   28.   27.95 27.9  27.95
 27.9  27.85 27.75 27.8  27.8  27.85 27.85 27.85 27.85 27.9  27.9  27.85
 27.8  27.8  27.85 27.85 27.85 27.85 27.85 27.8  27.8 ]
[ 95793  18000  18602 213655  53712  15380  33934  29204 144809 238263
  18885 607770  26464 606460 287465 349307 213134  42738 193894 541209
  94809 151767 116416  11807  27721 444950 322525 288369 184839  89701
  79943  41716  13690  53591  94086  62556  34863   8789  20278  16344
  13110 305640  22087  17567  37911]
We already hold 0 of RCOM 
BuyProb = 0.29 Sellprob = 0.43
No probabilities greater than thresholds, skipping
SUZLON
2018-02-28 12:29:14.545254+05:30
[12.9  12.85 12.9  12.9  12.9  12.9  12.9  12.9  12.9  12.85 12.85 12.85
 12.85 12.85 12.9  12.85 12.85 12.9  12.9  12.85 12.9  12.85 12.85 12.85
 12.8  12.8  12.8  12.85 12.85 12.85 12.8  12.85 12.8  12.85 12.8  12.85
 12.85 12.85 12.85 12.85 12.85 12.85 12.85 12.85 12.8 ]
[ 12059      1  10406    600  16370     11  14140   5560   2955   1078
  32455   1268  26760  25656     42   4925   1802   6041   1589   1502
   5545  11841 388553      3   1323  10145   2210  29167   1133  15994
   1406  14988 126002  20204   8720   5816   3213   5105   1320   6815
   4611   2277  11682   4932   5646]
BuyProb = 0.27 Sellprob = 0.15
No probabilities greater than thresholds, skipping
_________________________________________________________________
GMRINFRA
2018-02-28 12:30:11.271787+05:30
[19.25 19.25 19.15 19.15 19.2  19.15 19.15 19.15 19.15 19.15 19.1  19.15
 19.1  19.15 19.15 19.1  19.15 19.2  19.2  19.2  19.15 19.15 19.1  19.15
 19.05 19.05 19.05 19.05 19.   19.   18.95 19.   18.95 18.95 18.95 18.95
 18.95 18.9  18.95 18.95 19.   19.   19.   19.   18.95]
[  4162 211756   9268  11841  10045 163161 123305  72560  12548   4654
  61272   9113  11050   6816   2705  12421   9240  57378   7124   6744
   5861  22017  12469   5504 823863   9401  92779  18659  83095 445496
 143224  46145  12757  24757 355324  20496  21833  51835  32927  95936
 225430  27885  17505 346722   7072]
We already hold 0 of GMRINFRA 
BuyProb = 0.43 Sellprob = 0.44
No probabilities greater than thresholds, skipping
JPASSOCIAT
2018-02-28 12:30:12.552819+05:30
[18.2  18.2  18.2  18.15 18.15 18.15 18.15 18.2  18.2  18.2  18.15 18.2
 18.15 18.2  18.2  18.15 18.2  18.2  18.2  18.2  18.15 18.15 18.15 18.15
 18.1  18.1  18.1  18.1  18.1  18.05 18.1  18.05 18.05 18.1  18.05 18.05
 18.05 18.1  18.1  18.05 18.1  18.05 18.05 18.1  18.1 ]
[  1904   2213   1993   3777    909  21341   8294   3271   1151   2721
   2287   3838  22159   3762   8937   8139   6398   3243  43013  19376
   7012   6376 117260  84771  12848 296080  59752  32500 485754  17868
  32183  16574 274459  21108  31665  26063  32407   9093  23193  25930
  23751 161015   5993  28290   4511]
We already hold 0 of JPASSOCIAT 
BuyProb = 0.10 Sellprob = 0.37
No probabilities greater than thresholds, skipping
RCOM
2018-02-28 12:30:13.823810+05:30
[28.1  28.05 28.1  28.   28.05 28.   28.   28.1  28.   28.05 28.   28.
 27.85 27.85 27.85 27.85 27.9  28.   28.   28.   27.95 27.9  27.95 27.9
 27.85 27.75 27.8  27.8  27.85 27.85 27.85 27.85 27.9  27.9  27.85 27.8
 27.8  27.85 27.85 27.85 27.85 27.85 27.8  27.8  27.7 ]
[ 18000  18602 213655  53712  15380  33934  29204 144809 238263  18885
 607770  26464 606460 287465 349307 213134  42738 193894 541209  94809
 151767 116416  11807  27721 444950 322525 288369 184839  89701  79943
  41716  13690  53591  94086  62556  34863   8789  20278  16344  13110
 305640  22087  17567  37911 464852]
We already hold 0 of RCOM 
Price differential to great between data and current, skipping analysis
SUZLON
2018-02-28 12:30:15.108801+05:30
[12.85 12.9  12.9  12.9  12.9  12.9  12.9  12.9  12.85 12.85 12.85 12.85
 12.85 12.9  12.85 12.85 12.9  12.9  12.85 12.9  12.85 12.85 12.85 12.8
 12.8  12.8  12.85 12.85 12.85 12.8  12.85 12.8  12.85 12.8  12.85 12.85
 12.85 12.85 12.85 12.85 12.85 12.85 12.85 12.8  12.85]
[     1  10406    600  16370     11  14140   5560   2955   1078  32455
   1268  26760  25656     42   4925   1802   6041   1589   1502   5545
  11841 388553      3   1323  10145   2210  29167   1133  15994   1406
  14988 126002  20204   8720   5816   3213   5105   1320   6815   4611
   2277  11682   4932   5646     37]
BuyProb = 0.17 Sellprob = 0.23
No probabilities greater than thresholds, skipping
_________________________________________________________________
GMRINFRA
2018-02-28 12:31:10.416713+05:30
[19.25 19.15 19.15 19.2  19.15 19.15 19.15 19.15 19.15 19.1  19.15 19.1
 19.15 19.15 19.1  19.15 19.2  19.2  19.2  19.15 19.15 19.1  19.15 19.05
 19.05 19.05 19.05 19.   19.   18.95 19.   18.95 18.95 18.95 18.95 18.95
 18.9  18.95 18.95 19.   19.   19.   19.   18.95 19.05]
[211756   9268  11841  10045 163161 123305  72560  12548   4654  61272
   9113  11050   6816   2705  12421   9240  57378   7124   6744   5861
  22017  12469   5504 823863   9401  92779  18659  83095 445496 143224
  46145  12757  24757 355324  20496  21833  51835  32927  95936 225430
  27885  17505 346722   7072  76969]
We already hold 0 of GMRINFRA 
BuyProb = 0.32 Sellprob = 0.56
SellProb greater than 0.55 at 0.56 and Buyprob less than 0.50 at 0.32
SELLING
JPASSOCIAT
2018-02-28 12:31:11.685370+05:30
[18.2  18.2  18.15 18.15 18.15 18.15 18.2  18.2  18.2  18.15 18.2  18.15
 18.2  18.2  18.15 18.2  18.2  18.2  18.2  18.15 18.15 18.15 18.15 18.1
 18.1  18.1  18.1  18.1  18.05 18.1  18.05 18.05 18.1  18.05 18.05 18.05
 18.1  18.1  18.05 18.1  18.05 18.05 18.1  18.1  18.1 ]
[  2213   1993   3777    909  21341   8294   3271   1151   2721   2287
   3838  22159   3762   8937   8139   6398   3243  43013  19376   7012
   6376 117260  84771  12848 296080  59752  32500 485754  17868  32183
  16574 274459  21108  31665  26063  32407   9093  23193  25930  23751
 161015   5993  28290   4511   3414]
We already hold 0 of JPASSOCIAT 
BuyProb = 0.08 Sellprob = 0.37
No probabilities greater than thresholds, skipping
RCOM
2018-02-28 12:31:13.138158+05:30
[28.05 28.1  28.   28.05 28.   28.   28.1  28.   28.05 28.   28.   27.85
 27.85 27.85 27.85 27.9  28.   28.   28.   27.95 27.9  27.95 27.9  27.85
 27.75 27.8  27.8  27.85 27.85 27.85 27.85 27.9  27.9  27.85 27.8  27.8
 27.85 27.85 27.85 27.85 27.85 27.8  27.8  27.7  27.85]
[ 18602 213655  53712  15380  33934  29204 144809 238263  18885 607770
  26464 606460 287465 349307 213134  42738 193894 541209  94809 151767
 116416  11807  27721 444950 322525 288369 184839  89701  79943  41716
  13690  53591  94086  62556  34863   8789  20278  16344  13110 305640
  22087  17567  37911 471212 132197]
We already hold 0 of RCOM 
BuyProb = 0.29 Sellprob = 0.44
No probabilities greater than thresholds, skipping
SUZLON
2018-02-28 12:31:14.394362+05:30
[12.9  12.9  12.9  12.9  12.9  12.9  12.9  12.85 12.85 12.85 12.85 12.85
 12.9  12.85 12.85 12.9  12.9  12.85 12.9  12.85 12.85 12.85 12.8  12.8
 12.8  12.85 12.85 12.85 12.8  12.85 12.8  12.85 12.8  12.85 12.85 12.85
 12.85 12.85 12.85 12.85 12.85 12.85 12.8  12.85 12.85]
[ 10406    600  16370     11  14140   5560   2955   1078  32455   1268
  26760  25656     42   4925   1802   6041   1589   1502   5545  11841
 388553      3   1323  10145   2210  29167   1133  15994   1406  14988
 126002  20204   8720   5816   3213   5105   1320   6815   4611   2277
  11682   4932   5646   1087   1716]
BuyProb = 0.18 Sellprob = 0.24
No probabilities greater than thresholds, skipping
_________________________________________________________________
GMRINFRA
2018-02-28 12:32:10.684090+05:30
[19.15 19.15 19.2  19.15 19.15 19.15 19.15 19.15 19.1  19.15 19.1  19.15
 19.15 19.1  19.15 19.2  19.2  19.2  19.15 19.15 19.1  19.15 19.05 19.05
 19.05 19.05 19.   19.   18.95 19.   18.95 18.95 18.95 18.95 18.95 18.9
 18.95 18.95 19.   19.   19.   19.   18.95 19.05 19.05]
[  9268  11841  10045 163161 123305  72560  12548   4654  61272   9113
  11050   6816   2705  12421   9240  57378   7124   6744   5861  22017
  12469   5504 823863   9401  92779  18659  83095 445496 143224  46145
  12757  24757 355324  20496  21833  51835  32927  95936 225430  27885
  17505 346722   7072  80287 147986]
We already hold 15000 of GMRINFRA 
BuyProb = 0.50 Sellprob = 0.47
No probabilities greater than thresholds, skipping
JPASSOCIAT
2018-02-28 12:32:11.973734+05:30
[18.2  18.15 18.15 18.15 18.15 18.2  18.2  18.2  18.15 18.2  18.15 18.2
 18.2  18.15 18.2  18.2  18.2  18.2  18.15 18.15 18.15 18.15 18.1  18.1
 18.1  18.1  18.1  18.05 18.1  18.05 18.05 18.1  18.05 18.05 18.05 18.1
 18.1  18.05 18.1  18.05 18.05 18.1  18.1  18.1  18.1 ]
[  1993   3777    909  21341   8294   3271   1151   2721   2287   3838
  22159   3762   8937   8139   6398   3243  43013  19376   7012   6376
 117260  84771  12848 296080  59752  32500 485754  17868  32183  16574
 274459  21108  31665  26063  32407   9093  23193  25930  23751 161015
   5993  28290   4511   3448 408454]
We already hold 0 of JPASSOCIAT 
BuyProb = 0.10 Sellprob = 0.42
No probabilities greater than thresholds, skipping
RCOM
2018-02-28 12:32:13.241972+05:30
[28.1  28.   28.05 28.   28.   28.1  28.   28.05 28.   28.   27.85 27.85
 27.85 27.85 27.9  28.   28.   28.   27.95 27.9  27.95 27.9  27.85 27.75
 27.8  27.8  27.85 27.85 27.85 27.85 27.9  27.9  27.85 27.8  27.8  27.85
 27.85 27.85 27.85 27.85 27.8  27.8  27.7  27.8  27.85]
[213655  53712  15380  33934  29204 144809 238263  18885 607770  26464
 606460 287465 349307 213134  42738 193894 541209  94809 151767 116416
  11807  27721 444950 322525 288369 184839  89701  79943  41716  13690
  53591  94086  62556  34863   8789  20278  16344  13110 305640  22087
  17567  37911 471212 138166  29452]
We already hold 0 of RCOM 
BuyProb = 0.31 Sellprob = 0.44
No probabilities greater than thresholds, skipping
SUZLON
2018-02-28 12:32:14.558366+05:30
[12.9  12.9  12.9  12.9  12.9  12.9  12.85 12.85 12.85 12.85 12.85 12.9
 12.85 12.85 12.9  12.9  12.85 12.9  12.85 12.85 12.85 12.8  12.8  12.8
 12.85 12.85 12.85 12.8  12.85 12.8  12.85 12.8  12.85 12.85 12.85 12.85
 12.85 12.85 12.85 12.85 12.85 12.8  12.85 12.8  12.8 ]
[   600  16370     11  14140   5560   2955   1078  32455   1268  26760
  25656     42   4925   1802   6041   1589   1502   5545  11841 388553
      3   1323  10145   2210  29167   1133  15994   1406  14988 126002
  20204   8720   5816   3213   5105   1320   6815   4611   2277  11682
   4932   5646   1087   6057  23448]
BuyProb = 0.27 Sellprob = 0.17
No probabilities greater than thresholds, skipping
_________________________________________________________________
